Log file open, 11/08/16 14:42:24
LogInit:Display: Running engine for game: MyProject8
LogPlatformFile: Not using cached read wrapper
LogInit:Display: RandInit(399605128) SRandInit(399605128).
LogTaskGraph: Started task graph with 5 named threads and 8 total threads with 1 sets of task threads.
LogStats: Stats thread started at 0.064711
LogPluginManager: Loaded Plugin Paper2D, From C:/Program Files/Epic Games/4.13/Engine/Plugins/2D/Paper2D/Paper2D.uplugin
LogPluginManager: Loaded Plugin LightPropagationVolume, From C:/Program Files/Epic Games/4.13/Engine/Plugins/Blendables/LightPropagationVolume/LightPropagationVolume.uplugin
LogPluginManager: Loaded Plugin BlankPlugin, From C:/Program Files/Epic Games/4.13/Engine/Plugins/Developer/BlankPlugin/BlankPlugin.uplugin
LogPluginManager: Loaded Plugin CodeLiteSourceCodeAccess, From C:/Program Files/Epic Games/4.13/Engine/Plugins/Developer/CodeLiteSourceCodeAccess/CodeLiteSourceCodeAccess.uplugin
LogPluginManager: Loaded Plugin GitSourceControl, From C:/Program Files/Epic Games/4.13/Engine/Plugins/Developer/GitSourceControl/GitSourceControl.uplugin
LogPluginManager: Loaded Plugin KDevelopSourceCodeAccess, From C:/Program Files/Epic Games/4.13/Engine/Plugins/Developer/KDevelopSourceCodeAccess/KDevelopSourceCodeAccess.uplugin
LogPluginManager: Loaded Plugin NullSourceCodeAccess, From C:/Program Files/Epic Games/4.13/Engine/Plugins/Developer/NullSourceCodeAccess/NullSourceCodeAccess.uplugin
LogPluginManager: Loaded Plugin OneSkyLocalizationService, From C:/Program Files/Epic Games/4.13/Engine/Plugins/Developer/OneSkyLocalizationService/OneSkyLocalizationService.uplugin
LogPluginManager: Loaded Plugin PerforceSourceControl, From C:/Program Files/Epic Games/4.13/Engine/Plugins/Developer/PerforceSourceControl/PerforceSourceControl.uplugin
LogPluginManager: Loaded Plugin SubversionSourceControl, From C:/Program Files/Epic Games/4.13/Engine/Plugins/Developer/SubversionSourceControl/SubversionSourceControl.uplugin
LogPluginManager: Loaded Plugin UObjectPlugin, From C:/Program Files/Epic Games/4.13/Engine/Plugins/Developer/UObjectPlugin/UObjectPlugin.uplugin
LogPluginManager: Loaded Plugin VisualStudioSourceCodeAccess, From C:/Program Files/Epic Games/4.13/Engine/Plugins/Developer/VisualStudioSourceCodeAccess/VisualStudioSourceCodeAccess.uplugin
LogPluginManager: Loaded Plugin XCodeSourceCodeAccess, From C:/Program Files/Epic Games/4.13/Engine/Plugins/Developer/XCodeSourceCodeAccess/XCodeSourceCodeAccess.uplugin
LogPluginManager: Loaded Plugin EpicSurvey, From C:/Program Files/Epic Games/4.13/Engine/Plugins/Editor/EpicSurvey/EpicSurvey.uplugin
LogPluginManager: Loaded Plugin MacGraphicsSwitching, From C:/Program Files/Epic Games/4.13/Engine/Plugins/Editor/MacGraphicsSwitching/MacGraphicsSwitching.uplugin
LogPluginManager: Loaded Plugin MobileLauncherProfileWizard, From C:/Program Files/Epic Games/4.13/Engine/Plugins/Editor/MobileLauncherProfileWizard/MobileLauncherProfileWizard.uplugin
LogPluginManager: Loaded Plugin PluginBrowser, From C:/Program Files/Epic Games/4.13/Engine/Plugins/Editor/PluginBrowser/PluginBrowser.uplugin
LogPluginManager: Loaded Plugin SpeedTreeImporter, From C:/Program Files/Epic Games/4.13/Engine/Plugins/Editor/SpeedTreeImporter/SpeedTreeImporter.uplugin
LogPluginManager: Loaded Plugin SuperSearchEditor, From C:/Program Files/Epic Games/4.13/Engine/Plugins/Editor/SuperSearchEditor/SuperSearchEditor.uplugin
LogPluginManager: Loaded Plugin AlembicImporter, From C:/Program Files/Epic Games/4.13/Engine/Plugins/Experimental/AlembicImporter/AlembicImporter.uplugin
LogPluginManager: Loaded Plugin BlueprintStats, From C:/Program Files/Epic Games/4.13/Engine/Plugins/Experimental/BlueprintStats/BlueprintStats.uplugin
LogPluginManager: Loaded Plugin CharacterAI, From C:/Program Files/Epic Games/4.13/Engine/Plugins/Experimental/CharacterAI/CharacterAI.uplugin
LogPluginManager: Loaded Plugin CodeEditor, From C:/Program Files/Epic Games/4.13/Engine/Plugins/Experimental/CodeEditor/CodeEditor.uplugin
LogPluginManager: Loaded Plugin CodeView, From C:/Program Files/Epic Games/4.13/Engine/Plugins/Experimental/CodeView/CodeView.uplugin
LogPluginManager: Loaded Plugin HTML5Networking, From C:/Program Files/Epic Games/4.13/Engine/Plugins/Experimental/HTML5Networking/HTML5Networking.uplugin
LogPluginManager: Loaded Plugin LiveEditor, From C:/Program Files/Epic Games/4.13/Engine/Plugins/Experimental/LiveEditor/LiveEditor.uplugin
LogPluginManager: Loaded Plugin OSVR, From C:/Program Files/Epic Games/4.13/Engine/Plugins/Experimental/OSVR/OSVR.uplugin
LogPluginManager: Loaded Plugin Phya, From C:/Program Files/Epic Games/4.13/Engine/Plugins/Experimental/Phya/Phya.uplugin
LogPluginManager: Loaded Plugin SignificanceManager, From C:/Program Files/Epic Games/4.13/Engine/Plugins/Experimental/SignificanceManager/SignificanceManager.uplugin
LogPluginManager: Loaded Plugin SimpleHMD, From C:/Program Files/Epic Games/4.13/Engine/Plugins/Experimental/SimpleHMD/SimpleHMD.uplugin
LogPluginManager: Loaded Plugin StereoPanorama, From C:/Program Files/Epic Games/4.13/Engine/Plugins/Experimental/StereoPanorama/StereoPanorama.uplugin
LogPluginManager: Loaded Plugin StructBox, From C:/Program Files/Epic Games/4.13/Engine/Plugins/Experimental/StructBox/StructBox.uplugin
LogPluginManager: Loaded Plugin AndroidMedia, From C:/Program Files/Epic Games/4.13/Engine/Plugins/Media/AndroidMedia/AndroidMedia.uplugin
LogPluginManager: Loaded Plugin AvfMedia, From C:/Program Files/Epic Games/4.13/Engine/Plugins/Media/AvfMedia/AvfMedia.uplugin
LogPluginManager: Loaded Plugin MediaPlayerEditor, From C:/Program Files/Epic Games/4.13/Engine/Plugins/Media/MediaPlayerEditor/MediaPlayerEditor.uplugin
LogPluginManager: Loaded Plugin WmfMedia, From C:/Program Files/Epic Games/4.13/Engine/Plugins/Media/WmfMedia/WmfMedia.uplugin
LogPluginManager: Loaded Plugin MessagingDebugger, From C:/Program Files/Epic Games/4.13/Engine/Plugins/Messaging/MessagingDebugger/MessagingDebugger.uplugin
LogPluginManager: Loaded Plugin TcpMessaging, From C:/Program Files/Epic Games/4.13/Engine/Plugins/Messaging/TcpMessaging/TcpMessaging.uplugin
LogPluginManager: Loaded Plugin UdpMessaging, From C:/Program Files/Epic Games/4.13/Engine/Plugins/Messaging/UdpMessaging/UdpMessaging.uplugin
LogPluginManager: Loaded Plugin LevelSequenceEditor, From C:/Program Files/Epic Games/4.13/Engine/Plugins/MovieScene/LevelSequenceEditor/LevelSequenceEditor.uplugin
LogPluginManager: Loaded Plugin MatineeToLevelSequence, From C:/Program Files/Epic Games/4.13/Engine/Plugins/MovieScene/MatineeToLevelSequence/MatineeToLevelSequence.uplugin
LogPluginManager: Loaded Plugin NetcodeUnitTest, From C:/Program Files/Epic Games/4.13/Engine/Plugins/NetcodeUnitTest/NetcodeUnitTest/NetcodeUnitTest.uplugin
LogPluginManager: Loaded Plugin NUTUnrealEngine4, From C:/Program Files/Epic Games/4.13/Engine/Plugins/NetcodeUnitTest/NUTUnrealEngine4/NUTUnrealEngine4.uplugin
LogPluginManager: Loaded Plugin OnlineSubsystemGooglePlay, From C:/Program Files/Epic Games/4.13/Engine/Plugins/Online/Android/OnlineSubsystemGooglePlay/OnlineSubsystemGooglePlay.uplugin
LogPluginManager: Loaded Plugin OnlineSubsystemIOS, From C:/Program Files/Epic Games/4.13/Engine/Plugins/Online/IOS/OnlineSubsystemIOS/OnlineSubsystemIOS.uplugin
LogPluginManager: Loaded Plugin OnlineFramework, From C:/Program Files/Epic Games/4.13/Engine/Plugins/Online/OnlineFramework/OnlineFramework.uplugin
LogPluginManager: Loaded Plugin OnlineSubsystem, From C:/Program Files/Epic Games/4.13/Engine/Plugins/Online/OnlineSubsystem/OnlineSubsystem.uplugin
LogPluginManager: Loaded Plugin OnlineSubsystemAmazon, From C:/Program Files/Epic Games/4.13/Engine/Plugins/Online/OnlineSubsystemAmazon/OnlineSubsystemAmazon.uplugin
LogPluginManager: Loaded Plugin OnlineSubsystemFacebook, From C:/Program Files/Epic Games/4.13/Engine/Plugins/Online/OnlineSubsystemFacebook/OnlineSubsystemFacebook.uplugin
LogPluginManager: Loaded Plugin OnlineSubsystemNull, From C:/Program Files/Epic Games/4.13/Engine/Plugins/Online/OnlineSubsystemNull/OnlineSubsystemNull.uplugin
LogPluginManager: Loaded Plugin OnlineSubsystemOculus, From C:/Program Files/Epic Games/4.13/Engine/Plugins/Online/OnlineSubsystemOculus/OnlineSubsystemOculus.uplugin
LogPluginManager: Loaded Plugin OnlineSubsystemSteam, From C:/Program Files/Epic Games/4.13/Engine/Plugins/Online/OnlineSubsystemSteam/OnlineSubsystemSteam.uplugin
LogPluginManager: Loaded Plugin OnlineSubsystemUtils, From C:/Program Files/Epic Games/4.13/Engine/Plugins/Online/OnlineSubsystemUtils/OnlineSubsystemUtils.uplugin
LogPluginManager: Loaded Plugin IOSTapJoy, From C:/Program Files/Epic Games/4.13/Engine/Plugins/Runtime/Advertising/IOSTapJoy/IOSTapJoy.uplugin
LogPluginManager: Loaded Plugin AnalyticsBlueprintLibrary, From C:/Program Files/Epic Games/4.13/Engine/Plugins/Runtime/Analytics/AnalyticsBlueprintLibrary/AnalyticsBlueprintLibrary.uplugin
LogPluginManager: Loaded Plugin AnalyticsMulticast, From C:/Program Files/Epic Games/4.13/Engine/Plugins/Runtime/Analytics/AnalyticsMulticast/AnalyticsMulticast.uplugin
LogPluginManager: Loaded Plugin Apsalar, From C:/Program Files/Epic Games/4.13/Engine/Plugins/Runtime/Analytics/Apsalar/Apsalar.uplugin
LogPluginManager: Loaded Plugin FileLogging, From C:/Program Files/Epic Games/4.13/Engine/Plugins/Runtime/Analytics/FileLogging/FileLogging.uplugin
LogPluginManager: Loaded Plugin Flurry, From C:/Program Files/Epic Games/4.13/Engine/Plugins/Runtime/Analytics/Flurry/Flurry.uplugin
LogPluginManager: Loaded Plugin AndroidDeviceProfileSelector, From C:/Program Files/Epic Games/4.13/Engine/Plugins/Runtime/AndroidDeviceProfileSelector/AndroidDeviceProfileSelector.uplugin
LogPluginManager: Loaded Plugin AndroidMoviePlayer, From C:/Program Files/Epic Games/4.13/Engine/Plugins/Runtime/AndroidMoviePlayer/AndroidMoviePlayer.uplugin
LogPluginManager: Loaded Plugin AppleMoviePlayer, From C:/Program Files/Epic Games/4.13/Engine/Plugins/Runtime/AppleMoviePlayer/AppleMoviePlayer.uplugin
LogPluginManager: Loaded Plugin ArchVisCharacter, From C:/Program Files/Epic Games/4.13/Engine/Plugins/Runtime/ArchVisCharacter/ArchVisCharacter.uplugin
LogPluginManager: Loaded Plugin CableComponent, From C:/Program Files/Epic Games/4.13/Engine/Plugins/Runtime/CableComponent/CableComponent.uplugin
LogPluginManager: Loaded Plugin CustomMeshComponent, From C:/Program Files/Epic Games/4.13/Engine/Plugins/Runtime/CustomMeshComponent/CustomMeshComponent.uplugin
LogPluginManager: Loaded Plugin ExampleDeviceProfileSelector, From C:/Program Files/Epic Games/4.13/Engine/Plugins/Runtime/ExampleDeviceProfileSelector/ExampleDeviceProfileSelector.uplugin
LogPluginManager: Loaded Plugin GearVR, From C:/Program Files/Epic Games/4.13/Engine/Plugins/Runtime/GearVR/GearVR.uplugin
LogPluginManager: Loaded Plugin GoogleVRController, From C:/Program Files/Epic Games/4.13/Engine/Plugins/Runtime/GoogleVR/GoogleVRController/GoogleVRController.uplugin
LogPluginManager: Loaded Plugin GoogleVRHMD, From C:/Program Files/Epic Games/4.13/Engine/Plugins/Runtime/GoogleVR/GoogleVRHMD/GoogleVRHMD.uplugin
LogPluginManager: Loaded Plugin IOSDeviceProfileSelector, From C:/Program Files/Epic Games/4.13/Engine/Plugins/Runtime/IOSDeviceProfileSelector/IOSDeviceProfileSelector.uplugin
LogPluginManager: Loaded Plugin LeapMotion, From C:/Program Files/Epic Games/4.13/Engine/Plugins/Runtime/LeapMotion/LeapMotion.uplugin
LogPluginManager: Loaded Plugin LinuxDeviceProfileSelector, From C:/Program Files/Epic Games/4.13/Engine/Plugins/Runtime/LinuxDeviceProfileSelector/LinuxDeviceProfileSelector.uplugin
LogPluginManager: Loaded Plugin LiveEditorListenServer, From C:/Program Files/Epic Games/4.13/Engine/Plugins/Runtime/LiveEditorListenServer/LiveEditorListenServer.uplugin
LogPluginManager: Loaded Plugin OculusAudio, From C:/Program Files/Epic Games/4.13/Engine/Plugins/Runtime/OculusAudio/OculusAudio.uplugin
LogPluginManager: Loaded Plugin OculusInput, From C:/Program Files/Epic Games/4.13/Engine/Plugins/Runtime/OculusInput/OculusInput.uplugin
LogPluginManager: Loaded Plugin OculusLibrary, From C:/Program Files/Epic Games/4.13/Engine/Plugins/Runtime/OculusLibrary/OculusLibrary.uplugin
LogPluginManager: Loaded Plugin OculusRift, From C:/Program Files/Epic Games/4.13/Engine/Plugins/Runtime/OculusRift/OculusRift.uplugin
LogPluginManager: Loaded Plugin Oodle, From C:/Program Files/Epic Games/4.13/Engine/Plugins/Runtime/PacketHandlers/CompressionComponents/Oodle/Oodle.uplugin
LogPluginManager: Loaded Plugin ProceduralMeshComponent, From C:/Program Files/Epic Games/4.13/Engine/Plugins/Runtime/ProceduralMeshComponent/ProceduralMeshComponent.uplugin
LogPluginManager: Loaded Plugin SoundMod, From C:/Program Files/Epic Games/4.13/Engine/Plugins/Runtime/SoundMod/SoundMod.uplugin
LogPluginManager: Loaded Plugin SoundVisualizations, From C:/Program Files/Epic Games/4.13/Engine/Plugins/Runtime/SoundVisualizations/SoundVisualizations.uplugin
LogPluginManager: Loaded Plugin SteamController, From C:/Program Files/Epic Games/4.13/Engine/Plugins/Runtime/Steam/SteamController/SteamController.uplugin
LogPluginManager: Loaded Plugin SteamVR, From C:/Program Files/Epic Games/4.13/Engine/Plugins/Runtime/Steam/SteamVR/SteamVR.uplugin
LogPluginManager: Loaded Plugin WebBrowserWidget, From C:/Program Files/Epic Games/4.13/Engine/Plugins/Runtime/WebBrowserWidget/WebBrowserWidget.uplugin
LogPluginManager: Loaded Plugin WindowsDeviceProfileSelector, From C:/Program Files/Epic Games/4.13/Engine/Plugins/Runtime/WindowsDeviceProfileSelector/WindowsDeviceProfileSelector.uplugin
LogPluginManager: Loaded Plugin WindowsMoviePlayer, From C:/Program Files/Epic Games/4.13/Engine/Plugins/Runtime/WindowsMoviePlayer/WindowsMoviePlayer.uplugin
LogPluginManager: Loaded Plugin ScriptPlugin, From C:/Program Files/Epic Games/4.13/Engine/Plugins/ScriptPlugin/ScriptPlugin.uplugin
LogPluginManager: Loaded Plugin SlateRemote, From C:/Program Files/Epic Games/4.13/Engine/Plugins/Slate/SlateRemote/SlateRemote.uplugin
LogInit: Using libcurl 7.47.1
LogInit:  - built for x86_64-pc-win32
LogInit:  - supports SSL with WinSSL
LogInit:  - other features:
LogInit:      CURL_VERSION_SSL
LogInit:      CURL_VERSION_IPV6
LogInit:      CURL_VERSION_ASYNCHDNS
LogInit:      CURL_VERSION_LARGEFILE
LogInit:      CURL_VERSION_IDN
LogInit:  CurlRequestOptions (configurable via config and command line):
LogInit:  - bVerifyPeer = false  - Libcurl will NOT verify peer certificate
LogInit:  - bUseHttpProxy = false  - Libcurl will NOT use HTTP proxy
LogInit:  - bDontReuseConnections = false  - Libcurl will reuse connections
LogInit:  - CertBundlePath = nullptr  - Libcurl will use whatever was configured at build time.
LogInit: Build: ++UE4+Release-4.13-CL-3106830
LogInit: Engine Version: 4.13.0-3106830+++UE4+Release-4.13
LogInit: Compatible Engine Version: 4.13.0-3106830+++UE4+Release-4.13
LogInit: Net CL: 3106830
LogDevObjectVersion: Number of dev versions registered: 13
LogDevObjectVersion:   Dev-Blueprints (B0D832E4-1F89-4F0D-ACCF-7EB736FD4AA2): 5
LogDevObjectVersion:   Dev-Build (E1C64328-A22C-4D53-A36C-8E866417BD8C): 0
LogDevObjectVersion:   Dev-Core (375EC13C-06E4-48FB-B500-84F0262A717E): 1
LogDevObjectVersion:   Dev-Editor (E4B068ED-F494-42E9-A231-DA0B2E46BB41): 6
LogDevObjectVersion:   Dev-Framework (CFFC743F-43B0-4480-9391-14DF171D2073): 12
LogDevObjectVersion:   Dev-Mobile (B02B49B5-BB20-44E9-A304-32B752E40360): 0
LogDevObjectVersion:   Dev-Networking (A4E4105C-59A1-49B5-A7C5-40C4547EDFEE): 0
LogDevObjectVersion:   Dev-Online (39C831C9-5AE6-47DC-9A44-9C173E1C8E7C): 0
LogDevObjectVersion:   Dev-Physics (78F01B33-EBEA-4F98-B9B4-84EACCB95AA2): 0
LogDevObjectVersion:   Dev-Platform (6631380F-2D4D-43E0-8009-CF276956A95A): 0
LogDevObjectVersion:   Dev-Rendering (12F88B9F-8875-4AFC-A67C-D90C383ABD29): 4
LogDevObjectVersion:   Dev-Sequencer (7B5AE74C-D270-4C10-A958-57980B212A5A): 0
LogDevObjectVersion:   Dev-VR (D7296918-1DD6-4BDD-9DE2-64A83CC13884): 0
LogInit: Compiled (64-bit): Aug 30 2016 18:11:39
LogInit: Compiled with Visual C++: 19.00.23026.00
LogInit: Build Configuration: Development
LogInit: Branch Name: ++UE4+Release-4.13
LogInit: Command line: -EpicPortal 
LogInit: Base directory: C:/Program Files/Epic Games/4.13/Engine/Binaries/Win64/
LogInit: Installed Engine Build: 1
LogInit: Presizing for max 8388607 objects, including 0 objects not considered by GC, pre-allocating 0 bytes for permanent pool.
LogInit: Object subsystem initialized
[2016.11.08-14.42.24:242][  0]LogInit: Selected Device Profile: [Windows]
[2016.11.08-14.42.24:242][  0]LogInit: Applying CVar settings loaded from the selected device profile: [Windows]
[2016.11.08-14.42.24:268][  0]LogInit: Computer: GAMES-105-004
[2016.11.08-14.42.24:268][  0]LogInit: User: Games
[2016.11.08-14.42.24:268][  0]LogInit: CPU Page size=65536, Cores=4
[2016.11.08-14.42.24:268][  0]LogInit: High frequency timer resolution =3.613320 MHz
[2016.11.08-14.42.24:268][  0]LogMemory: Memory total: Physical=15.9GB (16GB approx)
[2016.11.08-14.42.24:268][  0]LogMemory: Platform Memory Stats for Windows
[2016.11.08-14.42.24:268][  0]LogMemory: Process Physical Memory: 256.93 MB used, 256.93 MB peak
[2016.11.08-14.42.24:268][  0]LogMemory: Process Virtual Memory: 261.73 MB used, 261.73 MB peak
[2016.11.08-14.42.24:268][  0]LogMemory: Physical Memory: 5538.61 MB used, 16261.73 MB total
[2016.11.08-14.42.24:268][  0]LogMemory: Virtual Memory: 591.84 MB used, 8388608.00 MB total
[2016.11.08-14.42.24:318][  0]LogTextLocalizationManager: No specific translations for ('en-GB') exist, so ('en') translations will be used.
[2016.11.08-14.42.24:867][  0]LogD3D11RHI: D3D11 adapters:
[2016.11.08-14.42.24:880][  0]LogD3D11RHI:    0. 'NVIDIA GeForce GTX 760' (Feature Level 11_0)
[2016.11.08-14.42.24:880][  0]LogD3D11RHI:       1990/0/2048 MB DedicatedVideo/DedicatedSystem/SharedSystem, Outputs:2, VendorId:0x10de
[2016.11.08-14.42.24:880][  0]LogD3D11RHI: Chosen D3D11 Adapter: 0
[2016.11.08-14.42.24:883][  0]LogD3D11RHI: Creating new Direct3DDevice
[2016.11.08-14.42.24:883][  0]LogD3D11RHI:     GPU DeviceId: 0x1187 (for the marketing name, search the web for "GPU Device Id")
[2016.11.08-14.42.24:883][  0]LogWindows: EnumDisplayDevices:
[2016.11.08-14.42.24:884][  0]LogWindows:    0. 'NVIDIA GeForce GTX 760' (P:1 D:1)
[2016.11.08-14.42.24:884][  0]LogWindows:    1. 'NVIDIA GeForce GTX 760' (P:0 D:1)
[2016.11.08-14.42.24:884][  0]LogWindows:    2. 'NVIDIA GeForce GTX 760' (P:0 D:0)
[2016.11.08-14.42.24:884][  0]LogWindows:    3. 'NVIDIA GeForce GTX 760' (P:0 D:0)
[2016.11.08-14.42.24:884][  0]LogWindows:    4. 'RDPDD Chained DD' (P:0 D:0)
[2016.11.08-14.42.24:884][  0]LogWindows:    5. 'RDP Encoder Mirror Driver' (P:0 D:0)
[2016.11.08-14.42.24:885][  0]LogWindows:    6. 'RDP Reflector Display Driver' (P:0 D:0)
[2016.11.08-14.42.24:885][  0]LogWindows: DebugString: GetVideoDriverDetailsInvalid PrimaryIsNotTheChoosenAdapter GetVideoDriverDetailsInvalid PrimaryIsNotTheChoosenAdapter GetVideoDriverDetailsInvalid PrimaryIsNotTheChoosenAdapter FoundDriverCount:4 
[2016.11.08-14.42.24:885][  0]LogD3D11RHI:     Adapter Name: NVIDIA GeForce GTX 760
[2016.11.08-14.42.24:885][  0]LogD3D11RHI:   Driver Version: 353.30 (internal:10.18.13.5330, unified:353.30)
[2016.11.08-14.42.24:885][  0]LogD3D11RHI:      Driver Date: 6-17-2015
[2016.11.08-14.42.24:885][  0]LogRHI: Texture pool is 1361 MB (70% of 1945 MB)
[2016.11.08-14.42.24:891][  0]LogD3D11RHI: Async texture creation enabled
[2016.11.08-14.42.24:906][  0]LogD3D11RHI: GPU Timing Frequency: 1000.000000 (Debug: 2 2)
[2016.11.08-14.42.24:906][  0]LogShaderCompilers: Guid format shader working directory is -20 characters bigger than the processId version (../../../../../../Users/Games/Documents/Unreal Projects/MyProject8/Intermediate/Shaders/WorkingDirectory/6444/).
[2016.11.08-14.42.24:906][  0]LogShaderCompilers: Cleaned the shader compiler working directory 'C:/Users/Games/AppData/Local/Temp/UnrealShaderWorkingDir/9437D2E44D2C42B4CF5E5EABB6619D1B/'.
[2016.11.08-14.42.24:906][  0]LogShaderCompilers:Display: Using Local Shader Compiler.
[2016.11.08-14.42.25:961][  0]LogTemp:Display: Loaded TP AllDesktopTargetPlatform
[2016.11.08-14.42.25:968][  0]LogTemp:Display: Loaded TP WindowsClientTargetPlatform
[2016.11.08-14.42.25:975][  0]LogTemp:Display: Loaded TP WindowsNoEditorTargetPlatform
[2016.11.08-14.42.25:982][  0]LogTemp:Display: Loaded TP WindowsServerTargetPlatform
[2016.11.08-14.42.25:989][  0]LogTemp:Display: Loaded TP WindowsTargetPlatform
[2016.11.08-14.42.25:996][  0]LogTemp:Display: Loaded TP AndroidTargetPlatform
[2016.11.08-14.42.26:002][  0]LogTemp:Display: Loaded TP Android_ASTCTargetPlatform
[2016.11.08-14.42.26:008][  0]LogTemp:Display: Loaded TP Android_ATCTargetPlatform
[2016.11.08-14.42.26:014][  0]LogTemp:Display: Loaded TP Android_DXTTargetPlatform
[2016.11.08-14.42.26:020][  0]LogTemp:Display: Loaded TP Android_ETC1TargetPlatform
[2016.11.08-14.42.26:026][  0]LogTemp:Display: Loaded TP Android_ETC2TargetPlatform
[2016.11.08-14.42.26:039][  0]LogTemp:Display: Loaded TP Android_MultiTargetPlatform
[2016.11.08-14.42.26:039][  0]LogTemp:Display: Loaded TP Android_PVRTCTargetPlatform
[2016.11.08-14.42.26:039][  0]LogTemp:Display: Loaded TP HTML5TargetPlatform
[2016.11.08-14.42.26:058][  0]LogTemp:Display: Loaded TP IOSTargetPlatform
[2016.11.08-14.42.26:064][  0]LogTemp:Display: Loaded TP TVOSTargetPlatform
[2016.11.08-14.42.26:070][  0]LogTemp:Display: Loaded TP LinuxClientTargetPlatform
[2016.11.08-14.42.26:076][  0]LogTemp:Display: Loaded TP LinuxNoEditorTargetPlatform
[2016.11.08-14.42.26:083][  0]LogTemp:Display: Loaded TP LinuxServerTargetPlatform
[2016.11.08-14.42.26:099][  0]LogTemp:Display: Loaded TP LinuxTargetPlatform
[2016.11.08-14.42.26:099][  0]LogTargetPlatformManager:Display: Building Assets For Windows
[2016.11.08-14.42.26:162][  0]LogDerivedDataCache:Display: Max Cache Size: 512 MB
[2016.11.08-14.42.26:227][  0]LogDerivedDataCache: Loaded boot cache 0.07s 62MB C:/Users/Games/AppData/Local/UnrealEngine/4.13/DerivedDataCache/Boot.ddc.
[2016.11.08-14.42.26:227][  0]LogDerivedDataCache:Display: Loaded Boot cache: C:/Users/Games/AppData/Local/UnrealEngine/4.13/DerivedDataCache/Boot.ddc
[2016.11.08-14.42.26:228][  0]LogDerivedDataCache: FDerivedDataBackendGraph:  Pak pak cache file ../../../../../../Users/Games/Documents/Unreal Projects/MyProject8/DerivedDataCache/DDC.ddp not found, will not use a pak cache.
[2016.11.08-14.42.26:228][  0]LogDerivedDataCache: Unable to find inner node Pak for hierarchical cache Hierarchy.
[2016.11.08-14.42.26:228][  0]LogDerivedDataCache: FDerivedDataBackendGraph:  CompressedPak pak cache file ../../../../../../Users/Games/Documents/Unreal Projects/MyProject8/DerivedDataCache/Compressed.ddp not found, will not use a pak cache.
[2016.11.08-14.42.26:228][  0]LogDerivedDataCache: Unable to find inner node CompressedPak for hierarchical cache Hierarchy.
[2016.11.08-14.42.26:244][  0]LogDerivedDataCache:Display: Pak cache opened for reading ../../../Engine/DerivedDataCache/Compressed.ddp.
[2016.11.08-14.42.26:255][  0]LogDerivedDataCache: Using Local data cache path C:/Users/Games/AppData/Local/UnrealEngine/Common/DerivedDataCache: Writable
[2016.11.08-14.42.26:539][  0]LogInit: Selected Device Profile: [Windows]
[2016.11.08-14.42.26:544][  0]LogMaterial: Uniform references updated for custom material expression Custom.
[2016.11.08-14.42.26:545][  0]LogContentStreaming: Texture pool size is 0.00 MB
[2016.11.08-14.42.26:729][  0]LogMeshUtilities: No automatic mesh reduction module available
[2016.11.08-14.42.26:729][  0]LogMeshUtilities: No automatic mesh merging module available
[2016.11.08-14.42.26:729][  0]LogMeshUtilities: No distributed automatic mesh merging module available
[2016.11.08-14.42.27:065][  0]LogNetVersion: GetLocalNetworkVersion: CL: 3106830, ProjectName: myproject8, ProjectVersion: , EngineNetworkVersion: 1, GameNetworkVersion: 0, NetworkChecksum: 816473376
[2016.11.08-14.42.27:104][  0]LogAssetRegistry: FAssetRegistry took 0.0198 seconds to start up
[2016.11.08-14.42.27:130][  0]LogPackageLocalizationCache: Processed 3 localized package path(s) for 2 prioritized culture(s) in 0.024004 seconds
[2016.11.08-14.42.27:136][  0]LogUObjectArray: 29777 objects as part of root set at end of initial load.
[2016.11.08-14.42.27:136][  0]LogUObjectAllocator: 6124696 out of 0 bytes used by permanent object pool.
[2016.11.08-14.42.27:136][  0]LogUObjectArray: CloseDisregardForGC: 0/0 objects in disregard for GC pool
[2016.11.08-14.42.27:140][  0]LogInit: WinSock: version 1.1 (2.2), MaxSocks=32767, MaxUdp=65467
[2016.11.08-14.42.27:344][  0]LogSlate: SlateFontCache - WITH_FREETYPE: 1, WITH_HARFBUZZ: 1
[2016.11.08-14.42.27:344][  0]LogSlate: SlateFontCache - WITH_FREETYPE: 1, WITH_HARFBUZZ: 1
[2016.11.08-14.42.27:995][  0]LogUdpMessaging: Initializing bridge on interface 0.0.0.0:0 to multicast group 230.0.0.1:6666.
[2016.11.08-14.42.28:245][  0]SourceControl: Info Source control is disabled
[2016.11.08-14.42.28:246][  0]SourceControl: Info Source control is disabled
[2016.11.08-14.42.28:252][  0]SourceControl: Info Source control is disabled
[2016.11.08-14.42.28:258][  0]SourceControl: Info Source control is disabled
[2016.11.08-14.42.28:526][  0]LogEngine: Initializing Engine...
[2016.11.08-14.42.28:527][  0]LogHMD: Failed to initialize OpenVR with code 100
[2016.11.08-14.42.28:732][  0]LogAIModule: Creating AISystem for world Untitled
[2016.11.08-14.42.28:742][  0]LogInit: XAudio2 using 'Speakers (Conexant HD Audio)' : 2 channels at 48 kHz using 16 bits per sample (channel mask 0x3)
[2016.11.08-14.42.28:778][  0]LogInit: FAudioDevice initialized.
[2016.11.08-14.42.28:816][  0]LogDerivedDataCache: Saved boot cache 0.04s 62MB C:/Users/Games/AppData/Local/UnrealEngine/4.13/DerivedDataCache/Boot.ddc.
[2016.11.08-14.42.28:829][  0]LogInit: Texture streaming: Enabled
[2016.11.08-14.42.28:848][  0]LogInit: Transaction tracking system initialized
[2016.11.08-14.42.28:862][  0]BlueprintLog: New page: Editor Load
[2016.11.08-14.42.28:994][  0]LocalizationService: Info Localization service is disabled
[2016.11.08-14.42.29:053][  0]LogConsoleResponse:Display: 
[2016.11.08-14.42.29:150][  0]LogCook:Display: Max memory allowance for cook 16384mb min free memory 0mb
[2016.11.08-14.42.29:150][  0]LogCook:Display: Mobile HDR setting 1
[2016.11.08-14.42.29:193][  0]LogFileCache: Scanning file cache for directory 'C:/Users/Games/Documents/Unreal Projects/MyProject8/Content/' took 0.01s
[2016.11.08-14.42.29:253][  0]SourceControl: Info Source control is disabled
[2016.11.08-14.42.29:253][  0]Cmd: MAP LOAD FILE="../../../../../../Users/Games/Documents/Unreal Projects/MyProject8/Content/2DSideScrollerBP/Maps/2DSideScrollerExampleMap.umap" TEMPLATE=0 SHOWPROGRESS=1 FEATURELEVEL=3
[2016.11.08-14.42.29:254][  0]LightingResults: New page: Lighting Build
[2016.11.08-14.42.29:256][  0]MapCheck: New page: Map Check
[2016.11.08-14.42.29:256][  0]LightingResults: New page: Lighting Build
[2016.11.08-14.42.29:630][  0]LogAIModule: Creating AISystem for world 2DSideScrollerExampleMap
[2016.11.08-14.42.29:636][  0]LogEditorServer: Finished looking for orphan Actors (0.000 secs)
[2016.11.08-14.42.29:637][  0]Cmd: MAP CHECKDEP NOCLEARLOG
[2016.11.08-14.42.29:677][  0]MapCheck: Info Map check complete: 0 Error(s), 0 Warning(s), took 39.819ms to complete.
[2016.11.08-14.42.29:677][  0]LogFileHelpers: Loading map '2DSideScrollerExampleMap' took 0.423
[2016.11.08-14.42.29:849][  0]LogCollectionManager: Loaded 0 collections in 0.001289 seconds
[2016.11.08-14.42.29:889][  0]LogFileCache: Scanning file cache for directory 'C:/Users/Games/Documents/Unreal Projects/MyProject8/Saved/Collections/' took 0.01s
[2016.11.08-14.42.29:889][  0]LogFileCache: Scanning file cache for directory 'C:/Users/Games/Documents/Unreal Projects/MyProject8/Content/Developers/Games/Collections/' took 0.01s
[2016.11.08-14.42.29:890][  0]LogFileCache: Scanning file cache for directory 'C:/Users/Games/Documents/Unreal Projects/MyProject8/Content/Collections/' took 0.01s
[2016.11.08-14.42.29:890][  0]LogCollectionManager: Rebuilt the GUID cache for 0 collections in 0.000002 seconds
[2016.11.08-14.42.29:905][  0]LogContentBrowser: Native class hierarchy populated in 0.0155 seconds. Added 2141 classes and 415 folders.
[2016.11.08-14.42.29:911][  0]LogStats: UGameplayTagsManager::ConstructGameplayTagTree: Construct from data asset -  0.000 s
[2016.11.08-14.42.29:911][  0]LogStats: UGameplayTagsManager::ConstructGameplayTagTree: GameplayTagTreeChangedEvent.Broadcast -  0.000 s
[2016.11.08-14.42.29:912][  0]LogContentBrowser: Native class hierarchy updated for 'GameplayTags' in 0.0009 seconds. Added 12 classes and 0 folders.
[2016.11.08-14.42.29:918][  0]LogContentBrowser: Native class hierarchy updated for 'WidgetCarousel' in 0.0003 seconds. Added 0 classes and 0 folders.
[2016.11.08-14.42.29:966][  0]LogContentBrowser: Native class hierarchy updated for 'AddContentDialog' in 0.0007 seconds. Added 0 classes and 0 folders.
[2016.11.08-14.42.29:972][  0]LogContentBrowser: Native class hierarchy updated for 'SceneOutliner' in 0.0008 seconds. Added 1 classes and 2 folders.
[2016.11.08-14.42.29:993][  0]LogCrashTracker: Crashtracker disabled due to settings.
[2016.11.08-14.42.29:998][  0]LogUObjectGlobals:Warning: Failed to find object 'Class None.'
[2016.11.08-14.42.30:025][  0]LogContentBrowser: Native class hierarchy updated for 'HierarchicalLODOutliner' in 0.0009 seconds. Added 1 classes and 2 folders.
[2016.11.08-14.42.30:026][  0]LogLoad: (Engine Initialization) Total time: 6.62 seconds
[2016.11.08-14.42.30:026][  0]LogLoad: (Engine Initialization) Total Blueprint compile time: 0.09 seconds
[2016.11.08-14.42.30:026][  0]LogExternalProfiler: Found external profiler: VSPerf
[2016.11.08-14.42.30:026][  0]LogExternalProfiler: Using external profiler: VSPerf
[2016.11.08-14.42.30:035][  0]LogOcInput: OculusInput pre-init called
[2016.11.08-14.42.30:058][  0]LogContentStreaming: Texture pool size now 1000 MB
[2016.11.08-14.42.30:222][  0]LogRenderer: Reallocating scene render targets to support 1208x580 (Frame:2).
[2016.11.08-14.42.30:310][  2]LogAssetRegistry: Asset discovery search completed in 3.2253 seconds
[2016.11.08-14.42.30:310][  2]LogCollectionManager: Rebuilt the object cache for 0 collections in 0.000001 seconds (found 0 objects)
[2016.11.08-14.42.30:310][  2]LogCollectionManager: Fixed up redirectors for 0 collections in 0.000023 seconds (updated 0 objects)
[2016.11.08-14.42.46:404][376]LogFactory: FactoryCreateFile: Texture with ReimportTextureFactory (0 0 E:/studies/UOS games uni/Level 5 Year 2/Steve Digital Scriting/bullet.png)
[2016.11.08-14.42.46:462][376]LogTexture:Display: Building textures: bullet (AutoDXT)
[2016.11.08-14.42.49:333][688]LogContentBrowser: Native class hierarchy updated for 'TextureEditor' in 0.0005 seconds. Added 1 classes and 2 folders.
[2016.11.08-14.52.32:919][558]LogFileHelpers: Editor autosave (incl. sublevels) for '/Game/2DSideScrollerBP/Maps/2DSideScrollerExampleMap' took 0.010
[2016.11.08-14.52.32:920][558]OBJ SavePackage: Generating thumbnails for [1] asset(s) in package [/Game/2DSideScrollerBP/bullet] ([1] browsable assets)...
[2016.11.08-14.52.32:925][558]OBJ SavePackage:     Rendered thumbnail for [Texture2D /Game/2DSideScrollerBP/bullet.bullet]
[2016.11.08-14.52.32:925][558]OBJ SavePackage: Finished generating thumbnails for package [/Game/2DSideScrollerBP/bullet]
[2016.11.08-14.52.32:932][558]LogSavePackage: Save=5.59ms
[2016.11.08-14.52.32:932][558]LogSavePackage: Moving '../../../../../../Users/Games/Documents/Unreal Projects/MyProject8/Saved/bullet_Auto19DB06DE140FD94B6FA44B7BB9836E26C.tmp' to '../../../../../../Users/Games/Documents/Unreal Projects/MyProject8/Saved/Autosaves/Game/2DSideScrollerBP/bullet_Auto1.uasset'
[2016.11.08-14.52.32:933][558]LogSavePackage:Display: Finished SavePackage ../../../../../../Users/Games/Documents/Unreal Projects/MyProject8/Saved/Autosaves/Game/2DSideScrollerBP/bullet_Auto1.uasset
[2016.11.08-14.52.32:933][558]LogFileHelpers: Auto-saving content packages took 0.013
[2016.11.08-14.59.25:547][ 40]LogTexture:Display: Building textures: bullet (BGRA8)
[2016.11.08-15.02.57:766][443]LogContentBrowser: Native class hierarchy updated for 'BlueprintGraph' in 0.0023 seconds. Added 112 classes and 0 folders.
[2016.11.08-15.02.59:187][443]LogTexture:Display: Building textures: TilePatine_N (BC5)
[2016.11.08-15.02.59:238][443]LogTexture:Display: Building textures: TilePatine_D (AutoDXT)
[2016.11.08-15.02.59:953][443]LogRenderer: Reallocating scene render targets to support 1208x912 (Frame:105849).
[2016.11.08-15.03.03:112][699]LogFileHelpers: Editor autosave (incl. sublevels) for '/Game/2DSideScrollerBP/Maps/2DSideScrollerExampleMap' took 0.077
[2016.11.08-15.03.03:114][699]OBJ SavePackage: Generating thumbnails for [1] asset(s) in package [/Game/2DSideScrollerBP/bullet] ([1] browsable assets)...
[2016.11.08-15.03.03:119][699]OBJ SavePackage:     Rendered thumbnail for [Texture2D /Game/2DSideScrollerBP/bullet.bullet]
[2016.11.08-15.03.03:120][699]OBJ SavePackage: Finished generating thumbnails for package [/Game/2DSideScrollerBP/bullet]
[2016.11.08-15.03.03:127][699]LogSavePackage: Save=6.00ms
[2016.11.08-15.03.03:127][699]LogSavePackage: Moving '../../../../../../Users/Games/Documents/Unreal Projects/MyProject8/Saved/bullet_Auto2E7D013C84D1C636AD17E0BB2BAA82E96.tmp' to '../../../../../../Users/Games/Documents/Unreal Projects/MyProject8/Saved/Autosaves/Game/2DSideScrollerBP/bullet_Auto2.uasset'
[2016.11.08-15.03.03:128][699]LogSavePackage:Display: Finished SavePackage ../../../../../../Users/Games/Documents/Unreal Projects/MyProject8/Saved/Autosaves/Game/2DSideScrollerBP/bullet_Auto2.uasset
[2016.11.08-15.03.03:128][699]OBJ SavePackage: Generating thumbnails for [1] asset(s) in package [/Game/2DSideScrollerBP/bullet_TileSet] ([1] browsable assets)...
[2016.11.08-15.03.03:138][699]OBJ SavePackage:     Rendered thumbnail for [PaperTileSet /Game/2DSideScrollerBP/bullet_TileSet.bullet_TileSet]
[2016.11.08-15.03.03:138][699]OBJ SavePackage: Finished generating thumbnails for package [/Game/2DSideScrollerBP/bullet_TileSet]
[2016.11.08-15.03.03:153][699]LogSavePackage: Save=13.05ms
[2016.11.08-15.03.03:153][699]LogSavePackage: Moving '../../../../../../Users/Games/Documents/Unreal Projects/MyProject8/Saved/bullet_TileSet_Auto28ED85A01428A07994BBF679FF5511DBA.tmp' to '../../../../../../Users/Games/Documents/Unreal Projects/MyProject8/Saved/Autosaves/Game/2DSideScrollerBP/bullet_TileSet_Auto2.uasset'
[2016.11.08-15.03.03:164][699]LogSavePackage:Display: Finished SavePackage ../../../../../../Users/Games/Documents/Unreal Projects/MyProject8/Saved/Autosaves/Game/2DSideScrollerBP/bullet_TileSet_Auto2.uasset
[2016.11.08-15.03.03:165][699]OBJ SavePackage: Generating thumbnails for [1] asset(s) in package [/Game/2DSideScrollerBP/bullet_Sprite] ([1] browsable assets)...
[2016.11.08-15.03.03:174][699]OBJ SavePackage:     Rendered thumbnail for [PaperSprite /Game/2DSideScrollerBP/bullet_Sprite.bullet_Sprite]
[2016.11.08-15.03.03:174][699]OBJ SavePackage: Finished generating thumbnails for package [/Game/2DSideScrollerBP/bullet_Sprite]
[2016.11.08-15.03.03:217][699]LogSavePackage: Save=19.71ms
[2016.11.08-15.03.03:217][699]LogSavePackage: Moving '../../../../../../Users/Games/Documents/Unreal Projects/MyProject8/Saved/bullet_Sprite_Auto285DFBDBB418A6846E8DDEC973518F162.tmp' to '../../../../../../Users/Games/Documents/Unreal Projects/MyProject8/Saved/Autosaves/Game/2DSideScrollerBP/bullet_Sprite_Auto2.uasset'
[2016.11.08-15.03.03:219][699]LogSavePackage:Display: Finished SavePackage ../../../../../../Users/Games/Documents/Unreal Projects/MyProject8/Saved/Autosaves/Game/2DSideScrollerBP/bullet_Sprite_Auto2.uasset
[2016.11.08-15.03.03:220][699]OBJ SavePackage: Generating thumbnails for [0] asset(s) in package [/Game/Blueprints/Projectile] ([1] browsable assets)...
[2016.11.08-15.03.03:221][699]OBJ SavePackage: Finished generating thumbnails for package [/Game/Blueprints/Projectile]
[2016.11.08-15.03.03:246][699]LogSavePackage: Save=22.57ms
[2016.11.08-15.03.03:246][699]LogSavePackage: Moving '../../../../../../Users/Games/Documents/Unreal Projects/MyProject8/Saved/Projectile_Auto2F1C77D81445DF748EDF15FBA7DF871B0.tmp' to '../../../../../../Users/Games/Documents/Unreal Projects/MyProject8/Saved/Autosaves/Game/Blueprints/Projectile_Auto2.uasset'
[2016.11.08-15.03.03:248][699]LogSavePackage:Display: Finished SavePackage ../../../../../../Users/Games/Documents/Unreal Projects/MyProject8/Saved/Autosaves/Game/Blueprints/Projectile_Auto2.uasset
[2016.11.08-15.03.03:248][699]LogFileHelpers: Auto-saving content packages took 0.134
[2016.11.08-15.04.04:772][337]BlueprintLog: New page: Compile Projectile
[2016.11.08-15.04.06:453][501]Cmd: OBJ SAVEPACKAGE PACKAGE="/Game/Blueprints/Projectile" FILE="../../../../../../Users/Games/Documents/Unreal Projects/MyProject8/Content/Blueprints/Projectile.uasset" SILENT=true
[2016.11.08-15.04.06:467][501]LogSavePackage: Save=12.09ms
[2016.11.08-15.04.06:467][501]LogSavePackage: Moving '../../../../../../Users/Games/Documents/Unreal Projects/MyProject8/Saved/ProjectileA3A16BB7435940CC888C13B488CAFF27.tmp' to '../../../../../../Users/Games/Documents/Unreal Projects/MyProject8/Content/Blueprints/Projectile.uasset'
[2016.11.08-15.04.06:472][501]LogSavePackage:Display: Finished SavePackage ../../../../../../Users/Games/Documents/Unreal Projects/MyProject8/Content/Blueprints/Projectile.uasset
[2016.11.08-15.04.11:646][117]LogEditorViewport: Clicking on Actor (LMB): 2DSideScrollerCharacter_C (2DSideScrollerCharacter)
[2016.11.08-15.04.17:784][756]LogSlate:Warning: Prevented a slow task dialog from being summoned while a context menu was open
[2016.11.08-15.05.48:645][500]LogSlate:Warning: Prevented a slow task dialog from being summoned while a context menu was open
[2016.11.08-15.13.03:853][781]LogFileHelpers: Editor autosave (incl. sublevels) for '/Game/2DSideScrollerBP/Maps/2DSideScrollerExampleMap' took 0.023
[2016.11.08-15.13.03:855][781]OBJ SavePackage: Generating thumbnails for [0] asset(s) in package [/Game/2DSideScrollerBP/Blueprints/2DSideScrollerCharacter] ([1] browsable assets)...
[2016.11.08-15.13.03:855][781]OBJ SavePackage: Finished generating thumbnails for package [/Game/2DSideScrollerBP/Blueprints/2DSideScrollerCharacter]
[2016.11.08-15.13.03:912][781]LogSavePackage: Save=49.70ms
[2016.11.08-15.13.03:912][781]LogSavePackage: Moving '../../../../../../Users/Games/Documents/Unreal Projects/MyProject8/Saved/2DSideScrollerCharacter_Auto3BA2FB9E64ADF540DDADD80ADD530131E.tmp' to '../../../../../../Users/Games/Documents/Unreal Projects/MyProject8/Saved/Autosaves/Game/2DSideScrollerBP/Blueprints/2DSideScrollerCharacter_Auto3.uasset'
[2016.11.08-15.13.03:913][781]LogSavePackage:Display: Finished SavePackage ../../../../../../Users/Games/Documents/Unreal Projects/MyProject8/Saved/Autosaves/Game/2DSideScrollerBP/Blueprints/2DSideScrollerCharacter_Auto3.uasset
[2016.11.08-15.13.03:913][781]LogFileHelpers: Auto-saving content packages took 0.060
[2016.11.08-15.19.43:213][866]Cmd: OBJ SAVEPACKAGE PACKAGE="/Game/Blueprints/Projectile" FILE="../../../../../../Users/Games/Documents/Unreal Projects/MyProject8/Content/Blueprints/Projectile.uasset" SILENT=true
[2016.11.08-15.19.43:248][866]LogSavePackage: Save=11.35ms
[2016.11.08-15.19.43:248][866]LogSavePackage: Moving '../../../../../../Users/Games/Documents/Unreal Projects/MyProject8/Saved/Projectile02DD17EE44F6DBB7B86F6FA2B0FF8AC2.tmp' to '../../../../../../Users/Games/Documents/Unreal Projects/MyProject8/Content/Blueprints/Projectile.uasset'
[2016.11.08-15.19.43:254][866]LogSavePackage:Display: Finished SavePackage ../../../../../../Users/Games/Documents/Unreal Projects/MyProject8/Content/Blueprints/Projectile.uasset
[2016.11.08-15.19.46:442][156]LogBlueprintUserMessages: Early PlayInEditor Detection: Level '/Game/2DSideScrollerBP/Maps/2DSideScrollerExampleMap.2DSideScrollerExampleMap:PersistentLevel' has LevelScriptBlueprint '/Game/2DSideScrollerBP/Maps/2DSideScrollerExampleMap.2DSideScrollerExampleMap:PersistentLevel.2DSideScrollerExampleMap' with GeneratedClass '/Game/2DSideScrollerBP/Maps/2DSideScrollerExampleMap.2DSideScrollerExampleMap_C' with ClassGeneratedBy '/Game/2DSideScrollerBP/Maps/2DSideScrollerExampleMap.2DSideScrollerExampleMap:PersistentLevel.2DSideScrollerExampleMap'
[2016.11.08-15.19.46:453][156]BlueprintLog: New page: Pre-Play auto-recompile
[2016.11.08-15.19.46:453][156]LogPlayLevel: [PlayLevel] Compiling 2DSideScrollerCharacter before play...
[2016.11.08-15.19.46:602][156]LogPlayLevel: [PlayLevel] Compiling Projectile before play...
[2016.11.08-15.19.46:698][156]LogPlayLevel: [PlayLevel] Compiling PROTO_BP_Blueprint_0 before play...
[2016.11.08-15.19.46:793][156]LogPlayLevel: PlayLevel: Blueprint regeneration took 340 ms (3 blueprints)
[2016.11.08-15.19.46:895][156]PIE: New page: PIE session: 2DSideScrollerExampleMap (8 Nov 2016 15:19:46)
[2016.11.08-15.19.46:895][156]LogPlayLevel: Creating play world package: /Game/2DSideScrollerBP/Maps/UEDPIE_0_2DSideScrollerExampleMap
[2016.11.08-15.19.46:927][156]LogPlayLevel: PIE: StaticDuplicateObject took: (0.031692s)
[2016.11.08-15.19.46:927][156]LogAIModule: Creating AISystem for world 2DSideScrollerExampleMap
[2016.11.08-15.19.46:928][156]LogPlayLevel: PIE: World Init took: (0.001248s)
[2016.11.08-15.19.46:928][156]LogPlayLevel: PIE: Created PIE world by copying editor world from /Game/2DSideScrollerBP/Maps/2DSideScrollerExampleMap.2DSideScrollerExampleMap to /Game/2DSideScrollerBP/Maps/UEDPIE_0_2DSideScrollerExampleMap.2DSideScrollerExampleMap (0.033339s)
[2016.11.08-15.19.46:996][156]LogInit: XAudio2 using 'Speakers (Conexant HD Audio)' : 2 channels at 48 kHz using 16 bits per sample (channel mask 0x3)
[2016.11.08-15.19.47:027][156]LogInit: FAudioDevice initialized.
[2016.11.08-15.19.47:115][156]LogWorld: Game class is '2DSideScrollerGameMode_C'
[2016.11.08-15.19.47:179][156]LogWorld: Bringing World /Game/2DSideScrollerBP/Maps/UEDPIE_0_2DSideScrollerExampleMap.2DSideScrollerExampleMap up for play (max tick rate 0) at 2016.11.08-15.19.47
[2016.11.08-15.19.47:190][156]LogWorld: Bringing up level for play took: 0.018109
[2016.11.08-15.19.47:366][156]LogContentBrowser: Native class hierarchy updated for 'MovieSceneCapture' in 0.0007 seconds. Added 11 classes and 0 folders.
[2016.11.08-15.19.47:366][156]LogGameMode:Display: Match State Changed from EnteringMap to WaitingToStart
[2016.11.08-15.19.47:366][156]LogGameState: Match State Changed from EnteringMap to WaitingToStart
[2016.11.08-15.19.47:366][156]LogGameMode:Display: Match State Changed from WaitingToStart to InProgress
[2016.11.08-15.19.47:385][156]LogGameState: Match State Changed from WaitingToStart to InProgress
[2016.11.08-15.19.47:385][156]PIE: Info Play in editor start time for /Game/2DSideScrollerBP/Maps/UEDPIE_0_2DSideScrollerExampleMap 1.656
[2016.11.08-15.19.47:385][156]LogBlueprintUserMessages: Late PlayInEditor Detection: Level '/Game/2DSideScrollerBP/Maps/2DSideScrollerExampleMap.2DSideScrollerExampleMap:PersistentLevel' has LevelScriptBlueprint '/Game/2DSideScrollerBP/Maps/2DSideScrollerExampleMap.2DSideScrollerExampleMap:PersistentLevel.2DSideScrollerExampleMap' with GeneratedClass '/Game/2DSideScrollerBP/Maps/2DSideScrollerExampleMap.2DSideScrollerExampleMap_C' with ClassGeneratedBy '/Game/2DSideScrollerBP/Maps/2DSideScrollerExampleMap.2DSideScrollerExampleMap:PersistentLevel.2DSideScrollerExampleMap'
[2016.11.08-15.20.06:854][467]LogBlueprintUserMessages: Early EndPlayMap Detection: Level '/Game/2DSideScrollerBP/Maps/2DSideScrollerExampleMap.2DSideScrollerExampleMap:PersistentLevel' has LevelScriptBlueprint '/Game/2DSideScrollerBP/Maps/2DSideScrollerExampleMap.2DSideScrollerExampleMap:PersistentLevel.2DSideScrollerExampleMap' with GeneratedClass '/Game/2DSideScrollerBP/Maps/2DSideScrollerExampleMap.2DSideScrollerExampleMap_C' with ClassGeneratedBy '/Game/2DSideScrollerBP/Maps/2DSideScrollerExampleMap.2DSideScrollerExampleMap:PersistentLevel.2DSideScrollerExampleMap'
[2016.11.08-15.20.06:948][467]LogBlueprintUserMessages: Late EndPlayMap Detection: Level '/Game/2DSideScrollerBP/Maps/2DSideScrollerExampleMap.2DSideScrollerExampleMap:PersistentLevel' has LevelScriptBlueprint '/Game/2DSideScrollerBP/Maps/2DSideScrollerExampleMap.2DSideScrollerExampleMap:PersistentLevel.2DSideScrollerExampleMap' with GeneratedClass '/Game/2DSideScrollerBP/Maps/2DSideScrollerExampleMap.2DSideScrollerExampleMap_C' with ClassGeneratedBy '/Game/2DSideScrollerBP/Maps/2DSideScrollerExampleMap.2DSideScrollerExampleMap:PersistentLevel.2DSideScrollerExampleMap'
[2016.11.08-15.20.10:544][874]LogEditorViewport: Clicking on Actor (LMB): 2DSideScrollerCharacter_C (2DSideScrollerCharacter)
[2016.11.08-15.21.21:868][902]LogSavePackage: Save=43.74ms
[2016.11.08-15.21.21:868][902]LogSavePackage: Moving '../../../../../../Users/Games/Documents/Unreal Projects/MyProject8/Saved/2DSideScrollerCharacterFD3C25444D4E6880C27B3A9E2D78C1A5.tmp' to '../../../../../../Users/Games/Documents/Unreal Projects/MyProject8/Content/2DSideScrollerBP/Blueprints/2DSideScrollerCharacter.uasset'
[2016.11.08-15.21.21:875][902]LogSavePackage:Display: Finished SavePackage ../../../../../../Users/Games/Documents/Unreal Projects/MyProject8/Content/2DSideScrollerBP/Blueprints/2DSideScrollerCharacter.uasset
[2016.11.08-15.21.33:587][721]LogSavePackage: Save=43.85ms
[2016.11.08-15.21.33:587][721]LogSavePackage: Moving '../../../../../../Users/Games/Documents/Unreal Projects/MyProject8/Saved/2DSideScrollerCharacter53E953D24004E393971E10B8A9F0365F.tmp' to '../../../../../../Users/Games/Documents/Unreal Projects/MyProject8/Content/2DSideScrollerBP/Blueprints/2DSideScrollerCharacter.uasset'
[2016.11.08-15.21.33:589][721]LogSavePackage:Display: Finished SavePackage ../../../../../../Users/Games/Documents/Unreal Projects/MyProject8/Content/2DSideScrollerBP/Blueprints/2DSideScrollerCharacter.uasset
[2016.11.08-15.21.34:406][778]BlueprintLog: New page: Compile 2DSideScrollerCharacter
[2016.11.08-15.21.38:153][ 84]LogBlueprintUserMessages: Early PlayInEditor Detection: Level '/Game/2DSideScrollerBP/Maps/2DSideScrollerExampleMap.2DSideScrollerExampleMap:PersistentLevel' has LevelScriptBlueprint '/Game/2DSideScrollerBP/Maps/2DSideScrollerExampleMap.2DSideScrollerExampleMap:PersistentLevel.2DSideScrollerExampleMap' with GeneratedClass '/Game/2DSideScrollerBP/Maps/2DSideScrollerExampleMap.2DSideScrollerExampleMap_C' with ClassGeneratedBy '/Game/2DSideScrollerBP/Maps/2DSideScrollerExampleMap.2DSideScrollerExampleMap:PersistentLevel.2DSideScrollerExampleMap'
[2016.11.08-15.21.38:153][ 84]LogPlayLevel: PlayLevel: No blueprints needed recompiling
[2016.11.08-15.21.38:154][ 84]PIE: New page: PIE session: 2DSideScrollerExampleMap (8 Nov 2016 15:21:38)
[2016.11.08-15.21.38:154][ 84]LogPlayLevel: Creating play world package: /Game/2DSideScrollerBP/Maps/UEDPIE_0_2DSideScrollerExampleMap
[2016.11.08-15.21.38:156][ 84]LogPlayLevel: PIE: StaticDuplicateObject took: (0.002411s)
[2016.11.08-15.21.38:157][ 84]LogAIModule: Creating AISystem for world 2DSideScrollerExampleMap
[2016.11.08-15.21.38:157][ 84]LogPlayLevel: PIE: World Init took: (0.000739s)
[2016.11.08-15.21.38:157][ 84]LogPlayLevel: PIE: Created PIE world by copying editor world from /Game/2DSideScrollerBP/Maps/2DSideScrollerExampleMap.2DSideScrollerExampleMap to /Game/2DSideScrollerBP/Maps/UEDPIE_0_2DSideScrollerExampleMap.2DSideScrollerExampleMap (0.003349s)
[2016.11.08-15.21.38:196][ 84]LogInit: XAudio2 using 'Speakers (Conexant HD Audio)' : 2 channels at 48 kHz using 16 bits per sample (channel mask 0x3)
[2016.11.08-15.21.38:221][ 84]LogInit: FAudioDevice initialized.
[2016.11.08-15.21.38:256][ 84]LogWorld: Game class is '2DSideScrollerGameMode_C'
[2016.11.08-15.21.38:262][ 84]LogWorld: Bringing World /Game/2DSideScrollerBP/Maps/UEDPIE_0_2DSideScrollerExampleMap.2DSideScrollerExampleMap up for play (max tick rate 0) at 2016.11.08-15.21.38
[2016.11.08-15.21.38:263][ 84]LogWorld: Bringing up level for play took: 0.005342
[2016.11.08-15.21.38:264][ 84]LogGameMode:Display: Match State Changed from EnteringMap to WaitingToStart
[2016.11.08-15.21.38:264][ 84]LogGameState: Match State Changed from EnteringMap to WaitingToStart
[2016.11.08-15.21.38:264][ 84]LogGameMode:Display: Match State Changed from WaitingToStart to InProgress
[2016.11.08-15.21.38:265][ 84]LogGameState: Match State Changed from WaitingToStart to InProgress
[2016.11.08-15.21.38:265][ 84]PIE: Info Play in editor start time for /Game/2DSideScrollerBP/Maps/UEDPIE_0_2DSideScrollerExampleMap 0.535
[2016.11.08-15.21.38:265][ 84]LogBlueprintUserMessages: Late PlayInEditor Detection: Level '/Game/2DSideScrollerBP/Maps/2DSideScrollerExampleMap.2DSideScrollerExampleMap:PersistentLevel' has LevelScriptBlueprint '/Game/2DSideScrollerBP/Maps/2DSideScrollerExampleMap.2DSideScrollerExampleMap:PersistentLevel.2DSideScrollerExampleMap' with GeneratedClass '/Game/2DSideScrollerBP/Maps/2DSideScrollerExampleMap.2DSideScrollerExampleMap_C' with ClassGeneratedBy '/Game/2DSideScrollerBP/Maps/2DSideScrollerExampleMap.2DSideScrollerExampleMap:PersistentLevel.2DSideScrollerExampleMap'
[2016.11.08-15.21.53:490][908]LogBlueprintUserMessages: Early EndPlayMap Detection: Level '/Game/2DSideScrollerBP/Maps/2DSideScrollerExampleMap.2DSideScrollerExampleMap:PersistentLevel' has LevelScriptBlueprint '/Game/2DSideScrollerBP/Maps/2DSideScrollerExampleMap.2DSideScrollerExampleMap:PersistentLevel.2DSideScrollerExampleMap' with GeneratedClass '/Game/2DSideScrollerBP/Maps/2DSideScrollerExampleMap.2DSideScrollerExampleMap_C' with ClassGeneratedBy '/Game/2DSideScrollerBP/Maps/2DSideScrollerExampleMap.2DSideScrollerExampleMap:PersistentLevel.2DSideScrollerExampleMap'
[2016.11.08-15.21.53:564][908]LogBlueprintUserMessages: Late EndPlayMap Detection: Level '/Game/2DSideScrollerBP/Maps/2DSideScrollerExampleMap.2DSideScrollerExampleMap:PersistentLevel' has LevelScriptBlueprint '/Game/2DSideScrollerBP/Maps/2DSideScrollerExampleMap.2DSideScrollerExampleMap:PersistentLevel.2DSideScrollerExampleMap' with GeneratedClass '/Game/2DSideScrollerBP/Maps/2DSideScrollerExampleMap.2DSideScrollerExampleMap_C' with ClassGeneratedBy '/Game/2DSideScrollerBP/Maps/2DSideScrollerExampleMap.2DSideScrollerExampleMap:PersistentLevel.2DSideScrollerExampleMap'
[2016.11.08-15.22.18:303][578]LogSavePackage: Save=43.57ms
[2016.11.08-15.22.18:303][578]LogSavePackage: Moving '../../../../../../Users/Games/Documents/Unreal Projects/MyProject8/Saved/2DSideScrollerCharacter56DD0DEE4A77A61708D849BF6D5560F0.tmp' to '../../../../../../Users/Games/Documents/Unreal Projects/MyProject8/Content/2DSideScrollerBP/Blueprints/2DSideScrollerCharacter.uasset'
[2016.11.08-15.22.18:305][578]LogSavePackage:Display: Finished SavePackage ../../../../../../Users/Games/Documents/Unreal Projects/MyProject8/Content/2DSideScrollerBP/Blueprints/2DSideScrollerCharacter.uasset
[2016.11.08-15.22.19:994][690]LogBlueprintUserMessages: Early PlayInEditor Detection: Level '/Game/2DSideScrollerBP/Maps/2DSideScrollerExampleMap.2DSideScrollerExampleMap:PersistentLevel' has LevelScriptBlueprint '/Game/2DSideScrollerBP/Maps/2DSideScrollerExampleMap.2DSideScrollerExampleMap:PersistentLevel.2DSideScrollerExampleMap' with GeneratedClass '/Game/2DSideScrollerBP/Maps/2DSideScrollerExampleMap.2DSideScrollerExampleMap_C' with ClassGeneratedBy '/Game/2DSideScrollerBP/Maps/2DSideScrollerExampleMap.2DSideScrollerExampleMap:PersistentLevel.2DSideScrollerExampleMap'
[2016.11.08-15.22.19:994][690]BlueprintLog: New page: Pre-Play auto-recompile
[2016.11.08-15.22.19:994][690]LogPlayLevel: [PlayLevel] Compiling 2DSideScrollerCharacter before play...
[2016.11.08-15.22.20:146][690]LogPlayLevel: PlayLevel: Blueprint regeneration took 152 ms (1 blueprints)
[2016.11.08-15.22.20:146][690]PIE: New page: PIE session: 2DSideScrollerExampleMap (8 Nov 2016 15:22:20)
[2016.11.08-15.22.20:146][690]LogPlayLevel: Creating play world package: /Game/2DSideScrollerBP/Maps/UEDPIE_0_2DSideScrollerExampleMap
[2016.11.08-15.22.20:149][690]LogPlayLevel: PIE: StaticDuplicateObject took: (0.002555s)
[2016.11.08-15.22.20:150][690]LogAIModule: Creating AISystem for world 2DSideScrollerExampleMap
[2016.11.08-15.22.20:150][690]LogPlayLevel: PIE: World Init took: (0.000921s)
[2016.11.08-15.22.20:150][690]LogPlayLevel: PIE: Created PIE world by copying editor world from /Game/2DSideScrollerBP/Maps/2DSideScrollerExampleMap.2DSideScrollerExampleMap to /Game/2DSideScrollerBP/Maps/UEDPIE_0_2DSideScrollerExampleMap.2DSideScrollerExampleMap (0.003675s)
[2016.11.08-15.22.20:193][690]LogInit: XAudio2 using 'Speakers (Conexant HD Audio)' : 2 channels at 48 kHz using 16 bits per sample (channel mask 0x3)
[2016.11.08-15.22.20:205][690]LogInit: FAudioDevice initialized.
[2016.11.08-15.22.20:239][690]LogWorld: Game class is '2DSideScrollerGameMode_C'
[2016.11.08-15.22.20:242][690]LogWorld: Bringing World /Game/2DSideScrollerBP/Maps/UEDPIE_0_2DSideScrollerExampleMap.2DSideScrollerExampleMap up for play (max tick rate 0) at 2016.11.08-15.22.20
[2016.11.08-15.22.20:243][690]LogWorld: Bringing up level for play took: 0.002935
[2016.11.08-15.22.20:244][690]LogGameMode:Display: Match State Changed from EnteringMap to WaitingToStart
[2016.11.08-15.22.20:244][690]LogGameState: Match State Changed from EnteringMap to WaitingToStart
[2016.11.08-15.22.20:244][690]LogGameMode:Display: Match State Changed from WaitingToStart to InProgress
[2016.11.08-15.22.20:244][690]LogGameState: Match State Changed from WaitingToStart to InProgress
[2016.11.08-15.22.20:244][690]PIE: Info Play in editor start time for /Game/2DSideScrollerBP/Maps/UEDPIE_0_2DSideScrollerExampleMap 0.514
[2016.11.08-15.22.20:244][690]LogBlueprintUserMessages: Late PlayInEditor Detection: Level '/Game/2DSideScrollerBP/Maps/2DSideScrollerExampleMap.2DSideScrollerExampleMap:PersistentLevel' has LevelScriptBlueprint '/Game/2DSideScrollerBP/Maps/2DSideScrollerExampleMap.2DSideScrollerExampleMap:PersistentLevel.2DSideScrollerExampleMap' with GeneratedClass '/Game/2DSideScrollerBP/Maps/2DSideScrollerExampleMap.2DSideScrollerExampleMap_C' with ClassGeneratedBy '/Game/2DSideScrollerBP/Maps/2DSideScrollerExampleMap.2DSideScrollerExampleMap:PersistentLevel.2DSideScrollerExampleMap'
[2016.11.08-15.22.29:039][462]LogBlueprintUserMessages: Early EndPlayMap Detection: Level '/Game/2DSideScrollerBP/Maps/2DSideScrollerExampleMap.2DSideScrollerExampleMap:PersistentLevel' has LevelScriptBlueprint '/Game/2DSideScrollerBP/Maps/2DSideScrollerExampleMap.2DSideScrollerExampleMap:PersistentLevel.2DSideScrollerExampleMap' with GeneratedClass '/Game/2DSideScrollerBP/Maps/2DSideScrollerExampleMap.2DSideScrollerExampleMap_C' with ClassGeneratedBy '/Game/2DSideScrollerBP/Maps/2DSideScrollerExampleMap.2DSideScrollerExampleMap:PersistentLevel.2DSideScrollerExampleMap'
[2016.11.08-15.22.29:109][462]LogBlueprintUserMessages: Late EndPlayMap Detection: Level '/Game/2DSideScrollerBP/Maps/2DSideScrollerExampleMap.2DSideScrollerExampleMap:PersistentLevel' has LevelScriptBlueprint '/Game/2DSideScrollerBP/Maps/2DSideScrollerExampleMap.2DSideScrollerExampleMap:PersistentLevel.2DSideScrollerExampleMap' with GeneratedClass '/Game/2DSideScrollerBP/Maps/2DSideScrollerExampleMap.2DSideScrollerExampleMap_C' with ClassGeneratedBy '/Game/2DSideScrollerBP/Maps/2DSideScrollerExampleMap.2DSideScrollerExampleMap:PersistentLevel.2DSideScrollerExampleMap'
[2016.11.08-15.22.55:716][346]LogActorComponent: UnregisterComponent: (/Engine/Transient.EditorFloorComp) Not registered. Aborting.
[2016.11.08-15.22.57:885][588]LogBlueprintUserMessages: Early PlayInEditor Detection: Level '/Game/2DSideScrollerBP/Maps/2DSideScrollerExampleMap.2DSideScrollerExampleMap:PersistentLevel' has LevelScriptBlueprint '/Game/2DSideScrollerBP/Maps/2DSideScrollerExampleMap.2DSideScrollerExampleMap:PersistentLevel.2DSideScrollerExampleMap' with GeneratedClass '/Game/2DSideScrollerBP/Maps/2DSideScrollerExampleMap.2DSideScrollerExampleMap_C' with ClassGeneratedBy '/Game/2DSideScrollerBP/Maps/2DSideScrollerExampleMap.2DSideScrollerExampleMap:PersistentLevel.2DSideScrollerExampleMap'
[2016.11.08-15.22.57:885][588]LogPlayLevel: PlayLevel: No blueprints needed recompiling
[2016.11.08-15.22.57:885][588]PIE: New page: PIE session: 2DSideScrollerExampleMap (8 Nov 2016 15:22:57)
[2016.11.08-15.22.57:886][588]LogPlayLevel: Creating play world package: /Game/2DSideScrollerBP/Maps/UEDPIE_0_2DSideScrollerExampleMap
[2016.11.08-15.22.57:888][588]LogPlayLevel: PIE: StaticDuplicateObject took: (0.002530s)
[2016.11.08-15.22.57:889][588]LogAIModule: Creating AISystem for world 2DSideScrollerExampleMap
[2016.11.08-15.22.57:889][588]LogPlayLevel: PIE: World Init took: (0.000707s)
[2016.11.08-15.22.57:889][588]LogPlayLevel: PIE: Created PIE world by copying editor world from /Game/2DSideScrollerBP/Maps/2DSideScrollerExampleMap.2DSideScrollerExampleMap to /Game/2DSideScrollerBP/Maps/UEDPIE_0_2DSideScrollerExampleMap.2DSideScrollerExampleMap (0.003431s)
[2016.11.08-15.22.57:929][588]LogInit: XAudio2 using 'Speakers (Conexant HD Audio)' : 2 channels at 48 kHz using 16 bits per sample (channel mask 0x3)
[2016.11.08-15.22.57:940][588]LogInit: FAudioDevice initialized.
[2016.11.08-15.22.57:968][588]LogWorld: Game class is '2DSideScrollerGameMode_C'
[2016.11.08-15.22.57:974][588]LogWorld: Bringing World /Game/2DSideScrollerBP/Maps/UEDPIE_0_2DSideScrollerExampleMap.2DSideScrollerExampleMap up for play (max tick rate 0) at 2016.11.08-15.22.57
[2016.11.08-15.22.57:975][588]LogWorld: Bringing up level for play took: 0.004971
[2016.11.08-15.22.57:976][588]LogGameMode:Display: Match State Changed from EnteringMap to WaitingToStart
[2016.11.08-15.22.57:976][588]LogGameState: Match State Changed from EnteringMap to WaitingToStart
[2016.11.08-15.22.57:976][588]LogGameMode:Display: Match State Changed from WaitingToStart to InProgress
[2016.11.08-15.22.57:976][588]LogGameState: Match State Changed from WaitingToStart to InProgress
[2016.11.08-15.22.57:976][588]PIE: Info Play in editor start time for /Game/2DSideScrollerBP/Maps/UEDPIE_0_2DSideScrollerExampleMap 0.247
[2016.11.08-15.22.57:976][588]LogBlueprintUserMessages: Late PlayInEditor Detection: Level '/Game/2DSideScrollerBP/Maps/2DSideScrollerExampleMap.2DSideScrollerExampleMap:PersistentLevel' has LevelScriptBlueprint '/Game/2DSideScrollerBP/Maps/2DSideScrollerExampleMap.2DSideScrollerExampleMap:PersistentLevel.2DSideScrollerExampleMap' with GeneratedClass '/Game/2DSideScrollerBP/Maps/2DSideScrollerExampleMap.2DSideScrollerExampleMap_C' with ClassGeneratedBy '/Game/2DSideScrollerBP/Maps/2DSideScrollerExampleMap.2DSideScrollerExampleMap:PersistentLevel.2DSideScrollerExampleMap'
[2016.11.08-15.23.15:430][681]LogCharacterMovement: 2DSideScrollerCharacter_254 is stuck and failed to move! Velocity: X=600.00 Y=0.00 Z=0.00 Location: X=92.60 Y=-13.40 Z=913.73 Normal: X=0.00 Y=-1.00 Z=-0.00 PenetrationDepth:5.000 Actor:Projectile_C_8 Component:bullet_Sprite BoneName:None (0 other events since notify)
[2016.11.08-15.23.16:629][825]LogCharacterMovement: 2DSideScrollerCharacter_254 is stuck and failed to move! Velocity: X=600.00 Y=0.00 Z=0.00 Location: X=377.48 Y=-13.40 Z=777.05 Normal: X=0.00 Y=-1.00 Z=-0.00 PenetrationDepth:5.000 Actor:Projectile_C_11 Component:bullet_Sprite BoneName:None (8 other events since notify)
[2016.11.08-15.23.24:546][773]LogCharacterMovement: 2DSideScrollerCharacter_254 is stuck and failed to move! Velocity: X=600.00 Y=0.00 Z=0.00 Location: X=-1596.74 Y=-13.40 Z=1187.73 Normal: X=0.00 Y=-1.00 Z=-0.00 PenetrationDepth:5.000 Actor:Projectile_C_25 Component:bullet_Sprite BoneName:None (30 other events since notify)
[2016.11.08-15.23.25:821][926]LogCharacterMovement: 2DSideScrollerCharacter_254 is stuck and failed to move! Velocity: X=483.10 Y=0.00 Z=0.00 Location: X=-1046.05 Y=-13.40 Z=1061.16 Normal: X=0.00 Y=-1.00 Z=-0.00 PenetrationDepth:5.000 Actor:Projectile_C_28 Component:bullet_Sprite BoneName:None (8 other events since notify)
[2016.11.08-15.23.27:888][174]LogCharacterMovement: 2DSideScrollerCharacter_254 is stuck and failed to move! Velocity: X=600.00 Y=0.00 Z=0.00 Location: X=-190.50 Y=-13.40 Z=913.73 Normal: X=0.00 Y=-1.00 Z=-0.00 PenetrationDepth:5.000 Actor:Projectile_C_31 Component:bullet_Sprite BoneName:None (16 other events since notify)
[2016.11.08-15.23.32:852][769]LogCharacterMovement: 2DSideScrollerCharacter_254 is stuck and failed to move! Velocity: X=-557.95 Y=0.00 Z=0.00 Location: X=796.20 Y=-13.40 Z=273.73 Normal: X=0.00 Y=-1.00 Z=0.00 PenetrationDepth:5.000 Actor:Projectile_C_37 Component:bullet_Sprite BoneName:None (16 other events since notify)
[2016.11.08-15.23.34:512][968]LogCharacterMovement: 2DSideScrollerCharacter_254 is stuck and failed to move! Velocity: X=-600.00 Y=0.00 Z=0.00 Location: X=283.63 Y=-13.40 Z=273.59 Normal: X=0.00 Y=-1.00 Z=0.00 PenetrationDepth:5.000 Actor:Projectile_C_42 Component:bullet_Sprite BoneName:None (88 other events since notify)
[2016.11.08-15.23.35:511][ 88]LogCharacterMovement: 2DSideScrollerCharacter_254 is stuck and failed to move! Velocity: X=-600.00 Y=0.00 Z=0.00 Location: X=290.43 Y=-13.40 Z=273.59 Normal: X=0.00 Y=-1.00 Z=0.00 PenetrationDepth:5.000 Actor:Projectile_C_48 Component:bullet_Sprite BoneName:None (115 other events since notify)
[2016.11.08-15.23.37:155][285]LogCharacterMovement: 2DSideScrollerCharacter_254 is stuck and failed to move! Velocity: X=-600.00 Y=0.00 Z=0.00 Location: X=67.11 Y=-13.40 Z=273.59 Normal: X=0.00 Y=-1.00 Z=0.00 PenetrationDepth:5.000 Actor:Projectile_C_53 Component:bullet_Sprite BoneName:None (72 other events since notify)
[2016.11.08-15.23.38:154][405]LogCharacterMovement: 2DSideScrollerCharacter_254 is stuck and failed to move! Velocity: X=-600.00 Y=0.00 Z=0.00 Location: X=23.75 Y=-13.40 Z=273.59 Normal: X=0.00 Y=-1.00 Z=0.00 PenetrationDepth:5.000 Actor:Projectile_C_58 Component:bullet_Sprite BoneName:None (105 other events since notify)
[2016.11.08-15.23.44:033][110]LogCharacterMovement: 2DSideScrollerCharacter_254 is stuck and failed to move! Velocity: X=600.00 Y=0.00 Z=0.00 Location: X=-1842.62 Y=-13.40 Z=532.73 Normal: X=0.00 Y=-1.00 Z=-0.00 PenetrationDepth:5.000 Actor:Projectile_C_61 Component:bullet_Sprite BoneName:None (41 other events since notify)
[2016.11.08-15.27.39:299][318]LogBlueprintUserMessages: Early EndPlayMap Detection: Level '/Game/2DSideScrollerBP/Maps/2DSideScrollerExampleMap.2DSideScrollerExampleMap:PersistentLevel' has LevelScriptBlueprint '/Game/2DSideScrollerBP/Maps/2DSideScrollerExampleMap.2DSideScrollerExampleMap:PersistentLevel.2DSideScrollerExampleMap' with GeneratedClass '/Game/2DSideScrollerBP/Maps/2DSideScrollerExampleMap.2DSideScrollerExampleMap_C' with ClassGeneratedBy '/Game/2DSideScrollerBP/Maps/2DSideScrollerExampleMap.2DSideScrollerExampleMap:PersistentLevel.2DSideScrollerExampleMap'
[2016.11.08-15.27.39:381][318]LogBlueprintUserMessages: Late EndPlayMap Detection: Level '/Game/2DSideScrollerBP/Maps/2DSideScrollerExampleMap.2DSideScrollerExampleMap:PersistentLevel' has LevelScriptBlueprint '/Game/2DSideScrollerBP/Maps/2DSideScrollerExampleMap.2DSideScrollerExampleMap:PersistentLevel.2DSideScrollerExampleMap' with GeneratedClass '/Game/2DSideScrollerBP/Maps/2DSideScrollerExampleMap.2DSideScrollerExampleMap_C' with ClassGeneratedBy '/Game/2DSideScrollerBP/Maps/2DSideScrollerExampleMap.2DSideScrollerExampleMap:PersistentLevel.2DSideScrollerExampleMap'
[2016.11.08-15.27.42:150][605]LogSavePackage: Save=92.83ms
[2016.11.08-15.27.42:150][605]LogSavePackage: Moving '../../../../../../Users/Games/Documents/Unreal Projects/MyProject8/Saved/2DSideScrollerExampleMap97B1D98743EA775E07E8BAB8C723526A.tmp' to '../../../../../../Users/Games/Documents/Unreal Projects/MyProject8/Content/2DSideScrollerBP/Maps/2DSideScrollerExampleMap.umap'
[2016.11.08-15.27.42:152][605]LogSavePackage:Display: Finished SavePackage ../../../../../../Users/Games/Documents/Unreal Projects/MyProject8/Content/2DSideScrollerBP/Maps/2DSideScrollerExampleMap.umap
[2016.11.08-16.56.04:800][322]LogSpawn:Warning: UWorld::DestroyActor: World has no context! World: 2DSideScrollerExampleMap, Actor: /Game/2DSideScrollerExampleMap.2DSideScrollerExampleMap:PersistentLevel.2DSideScrollerExampleMap_C_0
[2016.11.08-16.56.04:874][322]LogAIModule: Creating AISystem for world 2DSideScrollerExampleMap
[2016.11.08-16.56.04:901][322]LogSpawn:Warning: UWorld::DestroyActor: World has no context! World: 2DSideScrollerExampleMap, Actor: /Game/2DSideScrollerExampleMap.2DSideScrollerExampleMap:PersistentLevel.2DSideScrollerExampleMap_C_1
[2016.11.08-16.56.05:012][322]LogSavePackage: Save=112.59ms
[2016.11.08-16.56.05:012][322]LogSavePackage: Moving '../../../../../../Users/Games/Documents/Unreal Projects/MyProject8/Saved/2DSideScrollerExampleMap376DD6CB4F21C4561D81A8B6B88E68CE.tmp' to '../../../../../../Users/Games/Documents/Unreal Projects/MyProject8/Content/2DSideScrollerExampleMap.umap'
[2016.11.08-16.56.05:018][322]LogSavePackage:Display: Finished SavePackage ../../../../../../Users/Games/Documents/Unreal Projects/MyProject8/Content/2DSideScrollerExampleMap.umap
[2016.11.08-16.56.05:024][322]LogFileHelpers: Saving map '2DSideScrollerExampleMap' took 1.704
[2016.11.08-16.56.05:025][322]Cmd: MAP LOAD FILE="../../../../../../Users/Games/Documents/Unreal Projects/MyProject8/Content/2DSideScrollerExampleMap.umap" TEMPLATE=0 SHOWPROGRESS=1 FEATURELEVEL=3
[2016.11.08-16.56.05:038][322]LightingResults: New page: Lighting Build
[2016.11.08-16.56.05:039][322]LoadErrors: New page: Loading map: 2DSideScrollerExampleMap.umap
[2016.11.08-16.56.05:065][322]MapCheck: New page: Map Check
[2016.11.08-16.56.05:065][322]LightingResults: New page: Lighting Build
[2016.11.08-16.56.05:099][322]LogEditorServer: Finished looking for orphan Actors (0.000 secs)
[2016.11.08-16.56.05:127][322]Cmd: MAP CHECKDEP NOCLEARLOG
[2016.11.08-16.56.05:194][322]MapCheck: Info Map check complete: 0 Error(s), 0 Warning(s), took 67.153ms to complete.
[2016.11.08-16.56.05:194][322]LogFileHelpers: Loading map '2DSideScrollerExampleMap' took 0.171
[2016.11.08-16.56.10:704][733]Cmd: OBJ SAVEPACKAGE PACKAGE="/Game/2DSideScrollerBP/bullet" FILE="../../../../../../Users/Games/Documents/Unreal Projects/MyProject8/Content/2DSideScrollerBP/bullet.uasset" SILENT=true
[2016.11.08-16.56.10:733][733]LogSavePackage: Save=25.53ms
[2016.11.08-16.56.10:733][733]LogSavePackage: Moving '../../../../../../Users/Games/Documents/Unreal Projects/MyProject8/Saved/bullet5A1B60884DD4CF1FCDCEDCA40A5FA536.tmp' to '../../../../../../Users/Games/Documents/Unreal Projects/MyProject8/Content/2DSideScrollerBP/bullet.uasset'
[2016.11.08-16.56.10:740][733]LogSavePackage:Display: Finished SavePackage ../../../../../../Users/Games/Documents/Unreal Projects/MyProject8/Content/2DSideScrollerBP/bullet.uasset
[2016.11.08-16.56.10:766][733]Cmd: OBJ SAVEPACKAGE PACKAGE="/Game/2DSideScrollerBP/bullet_Sprite" FILE="../../../../../../Users/Games/Documents/Unreal Projects/MyProject8/Content/2DSideScrollerBP/bullet_Sprite.uasset" SILENT=true
[2016.11.08-16.56.10:784][733]LogSavePackage: Save=15.52ms
[2016.11.08-16.56.10:784][733]LogSavePackage: Moving '../../../../../../Users/Games/Documents/Unreal Projects/MyProject8/Saved/bullet_Sprite5474428B419EEC8D1B089992CB7E313C.tmp' to '../../../../../../Users/Games/Documents/Unreal Projects/MyProject8/Content/2DSideScrollerBP/bullet_Sprite.uasset'
[2016.11.08-16.56.10:788][733]LogSavePackage:Display: Finished SavePackage ../../../../../../Users/Games/Documents/Unreal Projects/MyProject8/Content/2DSideScrollerBP/bullet_Sprite.uasset
[2016.11.08-16.56.10:808][733]Cmd: OBJ SAVEPACKAGE PACKAGE="/Game/2DSideScrollerBP/bullet_TileSet" FILE="../../../../../../Users/Games/Documents/Unreal Projects/MyProject8/Content/2DSideScrollerBP/bullet_TileSet.uasset" SILENT=true
[2016.11.08-16.56.10:833][733]LogSavePackage: Save=23.11ms
[2016.11.08-16.56.10:833][733]LogSavePackage: Moving '../../../../../../Users/Games/Documents/Unreal Projects/MyProject8/Saved/bullet_TileSet938870F04ED015E46AB10AA04F31D102.tmp' to '../../../../../../Users/Games/Documents/Unreal Projects/MyProject8/Content/2DSideScrollerBP/bullet_TileSet.uasset'
[2016.11.08-16.56.10:835][733]LogSavePackage:Display: Finished SavePackage ../../../../../../Users/Games/Documents/Unreal Projects/MyProject8/Content/2DSideScrollerBP/bullet_TileSet.uasset
[2016.11.08-16.56.11:052][733]LogSavePackage: Save=119.57ms
[2016.11.08-16.56.11:052][733]LogSavePackage: Moving '../../../../../../Users/Games/Documents/Unreal Projects/MyProject8/Saved/2DSideScrollerExampleMapEF3329034BD719A8A062A19606331793.tmp' to '../../../../../../Users/Games/Documents/Unreal Projects/MyProject8/Content/2DSideScrollerExampleMap.umap'
[2016.11.08-16.56.11:054][733]LogSavePackage:Display: Finished SavePackage ../../../../../../Users/Games/Documents/Unreal Projects/MyProject8/Content/2DSideScrollerExampleMap.umap
[2016.11.08-16.56.11:184][733]LogFileHelpers: Saving map '2DSideScrollerExampleMap' took 0.325
[2016.11.08-16.56.11:563][734]Cmd: QUIT_EDITOR
[2016.11.08-16.56.11:691][734]LogExit: Preparing to exit.
[2016.11.08-16.56.12:596][734]LogDirectoryWatcher: A directory notification failed for 'C:/Users/Games/Documents/Unreal Projects/MyProject8/Content/', and we were unable to create a new request.
[2016.11.08-16.56.12:644][734]LogExit: Editor shut down
[2016.11.08-16.56.12:644][734]LogExit: Transaction tracking system shut down
[2016.11.08-16.56.12:808][734]LogObj: Freed 0b from 0 cluster array pools.
[2016.11.08-16.56.12:808][734]LogExit: Object subsystem successfully closed.
[2016.11.08-16.56.12:823][734]LogD3D11RHI: Shutdown
[2016.11.08-16.56.12:823][734]LogD3D11RHI: CleanupD3DDevice
[2016.11.08-16.56.12:881][734]LogD3D11RHI: ~FD3D11DynamicRHI
[2016.11.08-16.56.12:921][734]LogModuleManager: Shutting down and abandoning module MovieSceneCapture (237)
[2016.11.08-16.56.12:921][734]LogModuleManager: Shutting down and abandoning module BlueprintGraph (236)
[2016.11.08-16.56.12:921][734]LogModuleManager: Shutting down and abandoning module BlueprintProfiler (235)
[2016.11.08-16.56.12:924][734]LogModuleManager: Shutting down and abandoning module TextureEditor (234)
[2016.11.08-16.56.12:924][734]LogModuleManager: Shutting down and abandoning module HierarchicalLODOutliner (233)
[2016.11.08-16.56.12:924][734]LogModuleManager: Shutting down and abandoning module CrashTracker (232)
[2016.11.08-16.56.12:924][734]LogModuleManager: Shutting down and abandoning module SceneOutliner (231)
[2016.11.08-16.56.12:924][734]LogModuleManager: Shutting down and abandoning module WidgetCarousel (230)
[2016.11.08-16.56.12:924][734]LogModuleManager: Shutting down and abandoning module AddContentDialog (229)
[2016.11.08-16.56.12:924][734]LogDirectoryWatcher: A directory notification for 'C:/Program Files/Epic Games/4.13/FeaturePacks/' was aborted.
[2016.11.08-16.56.12:925][734]LogModuleManager: Shutting down and abandoning module GameplayTags (228)
[2016.11.08-16.56.12:925][734]LogModuleManager: Shutting down and abandoning module EditorWidgets (227)
[2016.11.08-16.56.12:925][734]LogModuleManager: Shutting down and abandoning module CollectionManager (226)
[2016.11.08-16.56.12:925][734]LogDirectoryWatcher: A directory notification for 'C:/Users/Games/Documents/Unreal Projects/MyProject8/Content/Collections/' was aborted.
[2016.11.08-16.56.12:925][734]LogDirectoryWatcher: A directory notification for 'C:/Users/Games/Documents/Unreal Projects/MyProject8/Content/Developers/Games/Collections/' was aborted.
[2016.11.08-16.56.12:926][734]LogDirectoryWatcher: A directory notification for 'C:/Users/Games/Documents/Unreal Projects/MyProject8/Saved/Collections/' was aborted.
[2016.11.08-16.56.12:926][734]LogModuleManager: Shutting down and abandoning module StatsViewer (225)
[2016.11.08-16.56.12:926][734]LogModuleManager: Shutting down and abandoning module FoliageEdit (224)
[2016.11.08-16.56.12:926][734]LogModuleManager: Shutting down and abandoning module LandscapeEditor (223)
[2016.11.08-16.56.12:926][734]LogModuleManager: Shutting down and abandoning module SceneDepthPickerMode (222)
[2016.11.08-16.56.12:926][734]LogModuleManager: Shutting down and abandoning module ActorPickerMode (221)
[2016.11.08-16.56.12:926][734]LogModuleManager: Shutting down and abandoning module GeometryMode (220)
[2016.11.08-16.56.12:926][734]LogModuleManager: Shutting down and abandoning module TextureAlignMode (219)
[2016.11.08-16.56.12:926][734]LogModuleManager: Shutting down and abandoning module BspMode (218)
[2016.11.08-16.56.12:926][734]LogModuleManager: Shutting down and abandoning module HardwareSurvey (217)
[2016.11.08-16.56.12:926][734]LogModuleManager: Shutting down and abandoning module SequenceRecorderSections (216)
[2016.11.08-16.56.12:926][734]LogModuleManager: Shutting down and abandoning module SequenceRecorder (215)
[2016.11.08-16.56.12:926][734]LogModuleManager: Shutting down and abandoning module AutomationWorker (214)
[2016.11.08-16.56.12:926][734]LogModuleManager: Shutting down and abandoning module MatineeToLevelSequence (213)
[2016.11.08-16.56.12:926][734]LogModuleManager: Shutting down and abandoning module PlacementMode (212)
[2016.11.08-16.56.12:926][734]LogModuleManager: Shutting down and abandoning module LevelSequenceEditor (211)
[2016.11.08-16.56.12:926][734]LogModuleManager: Shutting down and abandoning module WmfMediaFactory (210)
[2016.11.08-16.56.12:926][734]LogModuleManager: Shutting down and abandoning module WmfMediaEditor (209)
[2016.11.08-16.56.12:926][734]LogModuleManager: Shutting down and abandoning module AvfMediaFactory (208)
[2016.11.08-16.56.12:926][734]LogModuleManager: Shutting down and abandoning module AvfMediaEditor (207)
[2016.11.08-16.56.12:926][734]LogModuleManager: Shutting down and abandoning module Media (206)
[2016.11.08-16.56.12:926][734]LogModuleManager: Shutting down and abandoning module AndroidMediaFactory (205)
[2016.11.08-16.56.12:926][734]LogModuleManager: Shutting down and abandoning module AndroidMediaEditor (204)
[2016.11.08-16.56.12:926][734]LogModuleManager: Shutting down and abandoning module CharacterAI (203)
[2016.11.08-16.56.12:926][734]LogModuleManager: Shutting down and abandoning module SmartSnapping (202)
[2016.11.08-16.56.12:926][734]LogModuleManager: Shutting down and abandoning module SessionServices (201)
[2016.11.08-16.56.12:926][734]LogModuleManager: Shutting down and abandoning module ViewportSnapping (200)
[2016.11.08-16.56.12:926][734]LogModuleManager: Shutting down and abandoning module ViewportInteraction (199)
[2016.11.08-16.56.12:926][734]LogModuleManager: Shutting down and abandoning module LogVisualizer (198)
[2016.11.08-16.56.12:926][734]LogModuleManager: Shutting down and abandoning module GameProjectGeneration (197)
[2016.11.08-16.56.12:926][734]LogModuleManager: Shutting down and abandoning module IntroTutorials (196)
[2016.11.08-16.56.12:926][734]LogModuleManager: Shutting down and abandoning module EditorLiveStreaming (195)
[2016.11.08-16.56.12:926][734]LogModuleManager: Shutting down and abandoning module IOSPlatformEditor (194)
[2016.11.08-16.56.12:926][734]LogModuleManager: Shutting down and abandoning module HTML5PlatformEditor (193)
[2016.11.08-16.56.12:926][734]LogModuleManager: Shutting down and abandoning module AndroidDeviceDetection (192)
[2016.11.08-16.56.13:488][734]LogModuleManager: Shutting down and abandoning module AndroidPlatformEditor (191)
[2016.11.08-16.56.13:488][734]LogModuleManager: Shutting down and abandoning module IOSRuntimeSettings (190)
[2016.11.08-16.56.13:488][734]LogModuleManager: Shutting down and abandoning module AndroidRuntimeSettings (189)
[2016.11.08-16.56.13:488][734]LogModuleManager: Shutting down and abandoning module NiagaraEditor (188)
[2016.11.08-16.56.13:488][734]LogModuleManager: Shutting down and abandoning module MergeActors (187)
[2016.11.08-16.56.13:488][734]LogModuleManager: Shutting down and abandoning module SizeMap (186)
[2016.11.08-16.56.13:488][734]LogModuleManager: Shutting down and abandoning module TreeMap (185)
[2016.11.08-16.56.13:488][734]LogModuleManager: Shutting down and abandoning module ReferenceViewer (184)
[2016.11.08-16.56.13:488][734]LogModuleManager: Shutting down and abandoning module LocalizationService (183)
[2016.11.08-16.56.13:488][734]LogModuleManager: Shutting down and abandoning module LocalizationDashboard (182)
[2016.11.08-16.56.13:488][734]LogModuleManager: Shutting down and abandoning module HardwareTargeting (181)
[2016.11.08-16.56.13:488][734]LogModuleManager: Shutting down and abandoning module DeviceProfileEditor (180)
[2016.11.08-16.56.13:488][734]LogModuleManager: Shutting down and abandoning module UndoHistory (179)
[2016.11.08-16.56.13:488][734]LogModuleManager: Shutting down and abandoning module UserFeedback (178)
[2016.11.08-16.56.13:488][734]LogModuleManager: Shutting down and abandoning module XmlParser (177)
[2016.11.08-16.56.13:488][734]LogModuleManager: Shutting down and abandoning module Blutility (176)
[2016.11.08-16.56.13:488][734]LogModuleManager: Shutting down and abandoning module ProjectTargetPlatformEditor (175)
[2016.11.08-16.56.13:489][734]LogModuleManager: Shutting down and abandoning module ProjectSettingsViewer (174)
[2016.11.08-16.56.13:489][734]LogModuleManager: Shutting down and abandoning module InputBindingEditor (173)
[2016.11.08-16.56.13:489][734]LogModuleManager: Shutting down and abandoning module EditorSettingsViewer (172)
[2016.11.08-16.56.13:489][734]LogModuleManager: Shutting down and abandoning module SettingsEditor (171)
[2016.11.08-16.56.13:489][734]LogModuleManager: Shutting down and abandoning module ProjectLauncher (170)
[2016.11.08-16.56.13:489][734]LogModuleManager: Shutting down and abandoning module SessionFrontend (169)
[2016.11.08-16.56.13:489][734]LogModuleManager: Shutting down and abandoning module ProfilerClient (168)
[2016.11.08-16.56.13:489][734]LogModuleManager: Shutting down and abandoning module TargetDeviceServices (167)
[2016.11.08-16.56.13:489][734]LogModuleManager: Shutting down and abandoning module DeviceManager (166)
[2016.11.08-16.56.13:539][734]LogModuleManager: Shutting down and abandoning module AutomationController (165)
[2016.11.08-16.56.13:539][734]LogModuleManager: Shutting down and abandoning module AutomationWindow (164)
[2016.11.08-16.56.13:539][734]LogModuleManager: Shutting down and abandoning module Layers (163)
[2016.11.08-16.56.13:539][734]LogModuleManager: Shutting down and abandoning module ComponentVisualizers (162)
[2016.11.08-16.56.13:539][734]LogModuleManager: Shutting down and abandoning module DetailCustomizations (161)
[2016.11.08-16.56.13:539][734]LogModuleManager: Shutting down and abandoning module PackagesDialog (160)
[2016.11.08-16.56.13:539][734]LogModuleManager: Shutting down and abandoning module AnimGraph (159)
[2016.11.08-16.56.13:539][734]LogModuleManager: Shutting down and abandoning module Persona (158)
[2016.11.08-16.56.13:539][734]LogModuleManager: Shutting down and abandoning module Kismet (157)
[2016.11.08-16.56.13:551][734]LogModuleManager: Shutting down and abandoning module GraphEditor (156)
[2016.11.08-16.56.13:551][734]LogModuleManager: Shutting down and abandoning module ClassViewer (155)
[2016.11.08-16.56.13:554][734]LogModuleManager: Shutting down and abandoning module Toolbox (154)
[2016.11.08-16.56.13:554][734]LogModuleManager: Shutting down and abandoning module ModuleUI (153)
[2016.11.08-16.56.13:554][734]LogModuleManager: Shutting down and abandoning module MovieSceneTools (152)
[2016.11.08-16.56.13:554][734]LogModuleManager: Shutting down and abandoning module OutputLog (151)
[2016.11.08-16.56.13:554][734]LogModuleManager: Shutting down and abandoning module GammaUI (150)
[2016.11.08-16.56.13:554][734]LogModuleManager: Shutting down and abandoning module Documentation (149)
[2016.11.08-16.56.13:554][734]LogModuleManager: Shutting down and abandoning module Niagara (148)
[2016.11.08-16.56.13:554][734]LogModuleManager: Shutting down and abandoning module StreamingPauseRendering (147)
[2016.11.08-16.56.13:554][734]LogModuleManager: Shutting down and abandoning module AnalyticsET (146)
[2016.11.08-16.56.13:554][734]LogModuleManager: Shutting down and abandoning module PortalServices (145)
[2016.11.08-16.56.13:554][734]LogModuleManager: Shutting down and abandoning module PortalRpc (144)
[2016.11.08-16.56.13:554][734]LogModuleManager: Shutting down and abandoning module MessagingRpc (143)
[2016.11.08-16.56.13:554][734]LogModuleManager: Shutting down and abandoning module GameplayDebugger (142)
[2016.11.08-16.56.13:555][734]LogModuleManager: Shutting down and abandoning module AITestSuite (141)
[2016.11.08-16.56.13:555][734]LogModuleManager: Shutting down and abandoning module AIModule (140)
[2016.11.08-16.56.13:555][734]LogModuleManager: Shutting down and abandoning module ProfilerService (139)
[2016.11.08-16.56.13:696][734]LogModuleManager: Shutting down and abandoning module TaskGraph (138)
[2016.11.08-16.56.13:696][734]LogModuleManager: Shutting down and abandoning module SlateRemote (137)
[2016.11.08-16.56.13:696][734]LogModuleManager: Shutting down and abandoning module SteamVRController (136)
[2016.11.08-16.56.13:696][734]LogModuleManager: Shutting down and abandoning module SteamVR (135)
[2016.11.08-16.56.13:696][734]LogModuleManager: Shutting down and abandoning module ProceduralMeshComponentEditor (134)
[2016.11.08-16.56.13:696][734]LogModuleManager: Shutting down and abandoning module ProceduralMeshComponent (133)
[2016.11.08-16.56.13:696][734]LogModuleManager: Shutting down and abandoning module OculusLibrary (132)
[2016.11.08-16.56.13:696][734]LogModuleManager: Shutting down and abandoning module OculusInput (131)
[2016.11.08-16.56.13:696][734]LogModuleManager: Shutting down and abandoning module CustomMeshComponent (130)
[2016.11.08-16.56.13:696][734]LogModuleManager: Shutting down and abandoning module CableComponent (129)
[2016.11.08-16.56.13:696][734]LogModuleManager: Shutting down and abandoning module ArchVisCharacter (128)
[2016.11.08-16.56.13:696][734]LogModuleManager: Shutting down and abandoning module MediaPlayerEditor (126)
[2016.11.08-16.56.13:696][734]LogModuleManager: Shutting down and abandoning module HTML5Networking (125)
[2016.11.08-16.56.13:696][734]LogModuleManager: Shutting down and abandoning module GeometryCacheEd (124)
[2016.11.08-16.56.13:696][734]LogModuleManager: Shutting down and abandoning module GeometryCache (123)
[2016.11.08-16.56.13:696][734]LogModuleManager: Shutting down and abandoning module AlembicLibrary (122)
[2016.11.08-16.56.13:696][734]LogModuleManager: Shutting down and abandoning module AlembicImporter (121)
[2016.11.08-16.56.13:696][734]LogModuleManager: Shutting down and abandoning module SuperSearch (120)
[2016.11.08-16.56.13:696][734]LogModuleManager: Shutting down and abandoning module SuperSearchEditor (119)
[2016.11.08-16.56.13:696][734]LogModuleManager: Shutting down and abandoning module SpeedTreeImporter (118)
[2016.11.08-16.56.13:696][734]LogModuleManager: Shutting down and abandoning module PluginBrowser (117)
[2016.11.08-16.56.13:697][734]LogModuleManager: Shutting down and abandoning module MobileLauncherProfileWizard (116)
[2016.11.08-16.56.13:697][734]LogModuleManager: Shutting down and abandoning module EpicSurvey (115)
[2016.11.08-16.56.13:697][734]LogModuleManager: Shutting down and abandoning module DesktopPlatform (114)
[2016.11.08-16.56.13:697][734]LogModuleManager: Shutting down and abandoning module VisualStudioSourceCodeAccess (113)
[2016.11.08-16.56.13:697][734]LogModuleManager: Shutting down and abandoning module UObjectPlugin (112)
[2016.11.08-16.56.13:697][734]LogModuleManager: Shutting down and abandoning module SubversionSourceControl (111)
[2016.11.08-16.56.13:697][734]LogModuleManager: Shutting down and abandoning module PerforceSourceControl (110)
[2016.11.08-16.56.13:697][734]LogModuleManager: Shutting down and abandoning module SourceControl (109)
[2016.11.08-16.56.13:697][734]LogModuleManager: Shutting down and abandoning module GitSourceControl (108)
[2016.11.08-16.56.13:697][734]LogModuleManager: Shutting down and abandoning module LightPropagationVolumeEditor (107)
[2016.11.08-16.56.13:697][734]LogModuleManager: Shutting down and abandoning module PaperTiledImporter (106)
[2016.11.08-16.56.13:697][734]LogModuleManager: Shutting down and abandoning module PaperSpriteSheetImporter (105)
[2016.11.08-16.56.13:697][734]LogModuleManager: Shutting down and abandoning module MeshPaint (104)
[2016.11.08-16.56.13:697][734]LogModuleManager: Shutting down and abandoning module FbxAutomationBuilderModule (103)
[2016.11.08-16.56.13:697][734]LogModuleManager: Shutting down and abandoning module PixelInspectorModule (102)
[2016.11.08-16.56.13:697][734]LogModuleManager: Shutting down and abandoning module HotReload (101)
[2016.11.08-16.56.13:699][734]LogModuleManager: Shutting down and abandoning module MainFrame (100)
[2016.11.08-16.56.13:699][734]LogModuleManager: Shutting down and abandoning module LevelEditor (99)
[2016.11.08-16.56.13:700][734]LogModuleManager: Shutting down and abandoning module ContentBrowser (98)
[2016.11.08-16.56.13:702][734]LogModuleManager: Shutting down and abandoning module Paper2DEditor (97)
[2016.11.08-16.56.13:702][734]LogModuleManager: Shutting down and abandoning module UdpMessaging (96)
[2016.11.08-16.56.13:802][734]LogModuleManager: Shutting down and abandoning module TcpMessaging (95)
[2016.11.08-16.56.13:802][734]LogModuleManager: Shutting down and abandoning module LightPropagationVolumeRuntime (94)
[2016.11.08-16.56.13:802][734]LogModuleManager: Shutting down and abandoning module Paper2D (93)
[2016.11.08-16.56.13:802][734]LogModuleManager: Shutting down and abandoning module WindowsMoviePlayer (92)
[2016.11.08-16.56.13:802][734]LogModuleManager: Shutting down and abandoning module WmfMedia (91)
[2016.11.08-16.56.13:803][734]LogModuleManager: Shutting down and abandoning module MediaAssets (90)
[2016.11.08-16.56.13:803][734]LogModuleManager: Shutting down and abandoning module GameLiveStreaming (89)
[2016.11.08-16.56.13:803][734]LogModuleManager: Shutting down and abandoning module GameplayTagsEditor (88)
[2016.11.08-16.56.13:803][734]LogModuleManager: Shutting down and abandoning module VREditor (87)
[2016.11.08-16.56.13:803][734]LogModuleManager: Shutting down and abandoning module GameplayTasksEditor (86)
[2016.11.08-16.56.13:803][734]LogModuleManager: Shutting down and abandoning module PropertyEditor (85)
[2016.11.08-16.56.13:803][734]LogModuleManager: Shutting down and abandoning module BehaviorTreeEditor (84)
[2016.11.08-16.56.13:803][734]LogModuleManager: Shutting down and abandoning module FunctionalTesting (83)
[2016.11.08-16.56.13:803][734]LogModuleManager: Shutting down and abandoning module CollisionAnalyzer (82)
[2016.11.08-16.56.13:804][734]LogModuleManager: Shutting down and abandoning module Sequencer (81)
[2016.11.08-16.56.13:804][734]LogModuleManager: Shutting down and abandoning module WorkspaceMenuStructure (80)
[2016.11.08-16.56.13:804][734]LogModuleManager: Shutting down and abandoning module MessageLog (79)
[2016.11.08-16.56.13:804][734]LogModuleManager: Shutting down and abandoning module AssetTools (78)
[2016.11.08-16.56.13:804][734]LogModuleManager: Shutting down and abandoning module UMGEditor (77)
[2016.11.08-16.56.13:804][734]LogModuleManager: Shutting down and abandoning module UMG (76)
[2016.11.08-16.56.13:804][734]LogModuleManager: Shutting down and abandoning module SlateReflector (75)
[2016.11.08-16.56.13:804][734]LogModuleManager: Shutting down and abandoning module Slate (74)
[2016.11.08-16.56.13:804][734]LogModuleManager: Shutting down and abandoning module EditorStyle (73)
[2016.11.08-16.56.13:810][734]LogModuleManager: Shutting down and abandoning module SourceCodeAccess (72)
[2016.11.08-16.56.13:810][734]LogModuleManager: Shutting down and abandoning module HeadMountedDisplay (71)
[2016.11.08-16.56.13:810][734]LogModuleManager: Shutting down and abandoning module XAudio2 (70)
[2016.11.08-16.56.13:810][734]LogModuleManager: Shutting down and abandoning module Networking (68)
[2016.11.08-16.56.13:810][734]LogModuleManager: Shutting down and abandoning module Core (67)
[2016.11.08-16.56.13:810][734]LogModuleManager: Shutting down and abandoning module DirectoryWatcher (66)
[2016.11.08-16.56.13:810][734]LogDirectoryWatcher: A directory notification for '../../../Engine/Content/' was aborted.
[2016.11.08-16.56.13:810][734]LogDirectoryWatcher: A directory notification for '../../../../../../Users/Games/Documents/Unreal Projects/MyProject8/Content/' was aborted.
[2016.11.08-16.56.13:810][734]LogDirectoryWatcher: A directory notification for '../../../Engine/Plugins/2D/Paper2D/Content/' was aborted.
[2016.11.08-16.56.13:811][734]LogModuleManager: Shutting down and abandoning module AssetRegistry (65)
[2016.11.08-16.56.14:013][734]LogModuleManager: Shutting down and abandoning module KismetCompiler (64)
[2016.11.08-16.56.14:013][734]LogModuleManager: Shutting down and abandoning module PhysXFormats (63)
[2016.11.08-16.56.14:014][734]LogModuleManager: Shutting down and abandoning module MeshUtilities (62)
[2016.11.08-16.56.14:014][734]LogModuleManager: Shutting down and abandoning module DerivedDataCache (61)
[2016.11.08-16.56.14:050][734]LogDerivedDataCache: Shutdown
[2016.11.08-16.56.14:050][734]LogModuleManager: Shutting down and abandoning module VulkanShaderFormat (60)
[2016.11.08-16.56.14:050][734]LogModuleManager: Shutting down and abandoning module ShaderFormatOpenGL (59)
[2016.11.08-16.56.14:050][734]LogModuleManager: Shutting down and abandoning module ShaderFormatD3D (58)
[2016.11.08-16.56.14:050][734]LogModuleManager: Shutting down and abandoning module MetalShaderFormat (57)
[2016.11.08-16.56.14:050][734]LogModuleManager: Shutting down and abandoning module TextureFormatUncompressed (56)
[2016.11.08-16.56.14:050][734]LogModuleManager: Shutting down and abandoning module TextureFormatPVR (55)
[2016.11.08-16.56.14:050][734]LogModuleManager: Shutting down and abandoning module TextureFormatDXT (54)
[2016.11.08-16.56.14:050][734]LogModuleManager: Shutting down and abandoning module TextureFormatIntelISPCTexComp (53)
[2016.11.08-16.56.14:050][734]LogModuleManager: Shutting down and abandoning module ImageWrapper (52)
[2016.11.08-16.56.14:050][734]LogModuleManager: Shutting down and abandoning module TextureFormatASTC (51)
[2016.11.08-16.56.14:050][734]LogModuleManager: Shutting down and abandoning module TextureFormatAndroid (50)
[2016.11.08-16.56.14:050][734]LogModuleManager: Shutting down and abandoning module AudioFormatOpus (49)
[2016.11.08-16.56.14:050][734]LogModuleManager: Shutting down and abandoning module AudioFormatOgg (48)
[2016.11.08-16.56.14:050][734]LogModuleManager: Shutting down and abandoning module AudioFormatADPCM (47)
[2016.11.08-16.56.14:050][734]LogModuleManager: Shutting down and abandoning module LinuxTargetPlatform (46)
[2016.11.08-16.56.14:050][734]LogModuleManager: Shutting down and abandoning module LinuxServerTargetPlatform (45)
[2016.11.08-16.56.14:050][734]LogModuleManager: Shutting down and abandoning module LinuxNoEditorTargetPlatform (44)
[2016.11.08-16.56.14:051][734]LogModuleManager: Shutting down and abandoning module LinuxClientTargetPlatform (43)
[2016.11.08-16.56.14:051][734]LogModuleManager: Shutting down and abandoning module TVOSTargetPlatform (42)
[2016.11.08-16.56.14:051][734]LogModuleManager: Shutting down and abandoning module Messaging (41)
[2016.11.08-16.56.14:051][734]LogModuleManager: Shutting down and abandoning module IOSTargetPlatform (40)
[2016.11.08-16.56.14:051][734]LogModuleManager: Shutting down and abandoning module HTML5TargetPlatform (39)
[2016.11.08-16.56.14:051][734]LogModuleManager: Shutting down and abandoning module Android_PVRTCTargetPlatform (38)
[2016.11.08-16.56.14:051][734]LogModuleManager: Shutting down and abandoning module Android_MultiTargetPlatform (37)
[2016.11.08-16.56.14:051][734]LogModuleManager: Shutting down and abandoning module Android_ETC2TargetPlatform (36)
[2016.11.08-16.56.14:051][734]LogModuleManager: Shutting down and abandoning module Android_ETC1TargetPlatform (35)
[2016.11.08-16.56.14:051][734]LogModuleManager: Shutting down and abandoning module Android_DXTTargetPlatform (34)
[2016.11.08-16.56.14:051][734]LogModuleManager: Shutting down and abandoning module Android_ATCTargetPlatform (33)
[2016.11.08-16.56.14:051][734]LogModuleManager: Shutting down and abandoning module Android_ASTCTargetPlatform (32)
[2016.11.08-16.56.14:051][734]LogModuleManager: Shutting down and abandoning module AndroidTargetPlatform (31)
[2016.11.08-16.56.14:051][734]LogModuleManager: Shutting down and abandoning module WindowsTargetPlatform (30)
[2016.11.08-16.56.14:051][734]LogModuleManager: Shutting down and abandoning module WindowsServerTargetPlatform (29)
[2016.11.08-16.56.14:051][734]LogModuleManager: Shutting down and abandoning module WindowsNoEditorTargetPlatform (28)
[2016.11.08-16.56.14:051][734]LogModuleManager: Shutting down and abandoning module WindowsClientTargetPlatform (27)
[2016.11.08-16.56.14:051][734]LogModuleManager: Shutting down and abandoning module AllDesktopTargetPlatform (26)
[2016.11.08-16.56.14:051][734]LogModuleManager: Shutting down and abandoning module TargetPlatform (25)
[2016.11.08-16.56.14:051][734]LogModuleManager: Shutting down and abandoning module InputCore (24)
[2016.11.08-16.56.14:051][734]LogModuleManager: Shutting down and abandoning module Settings (23)
[2016.11.08-16.56.14:051][734]LogModuleManager: Shutting down and abandoning module OculusRift (22)
[2016.11.08-16.56.14:051][734]LogModuleManager: Shutting down and abandoning module GearVR (21)
[2016.11.08-16.56.14:051][734]LogModuleManager: Shutting down and abandoning module ExampleDeviceProfileSelector (20)
[2016.11.08-16.56.14:051][734]LogModuleManager: Shutting down and abandoning module OnlineBlueprintSupport (19)
[2016.11.08-16.56.14:051][734]LogModuleManager: Shutting down and abandoning module OnlineSubsystem (17)
[2016.11.08-16.56.14:051][734]LogOnline:Display: Unloading online subsystem: NULL
[2016.11.08-16.56.14:051][734]LogModuleManager: Shutting down and abandoning module HTTP (16)
[2016.11.08-16.56.14:052][734]LogHttp:Display: Http module shutting down, but needs to wait on 1 outstanding Http requests:
[2016.11.08-16.56.14:052][734]LogHttp:Display: 	verb=[POST] url=[https://datarouter.ol.epicgames.com/datarouter/api/v1/public/data?SessionID=%7B260B7A98-48B1-F174-1195-D6B0279CC341%7D&AppID=UEEditor.Rocket.Release&AppVersion=%2B%2BUE4%2BRelease-4.13-CL-3106830&UserID=0fcde1144f6dc476166148a04884595c%7C08957ea931864701ba2171b9adc4675f%7Cad9bb3b9-4ffd-479b-89f5-18470193764a&AppEnvironment=datacollector-binary&UploadType=eteventstream] status=Processing
[2016.11.08-16.56.14:064][734]LogModuleManager: Shutting down and abandoning module XMPP (15)
[2016.11.08-16.56.14:064][734]LogModuleManager: Shutting down and abandoning module TextureCompressor (14)
[2016.11.08-16.56.14:064][734]LogModuleManager: Shutting down and abandoning module ShaderCore (13)
[2016.11.08-16.56.14:064][734]LogModuleManager: Shutting down and abandoning module Landscape (12)
[2016.11.08-16.56.14:064][734]LogModuleManager: Shutting down and abandoning module SlateRHIRenderer (11)
[2016.11.08-16.56.14:068][734]LogModuleManager: Shutting down and abandoning module OpenGLDrv (10)
[2016.11.08-16.56.14:069][734]LogModuleManager: Shutting down and abandoning module D3D11RHI (9)
[2016.11.08-16.56.14:069][734]LogModuleManager: Shutting down and abandoning module AnimGraphRuntime (8)
[2016.11.08-16.56.14:069][734]LogModuleManager: Shutting down and abandoning module Renderer (7)
[2016.11.08-16.56.14:069][734]LogModuleManager: Shutting down and abandoning module Engine (6)
[2016.11.08-16.56.14:069][734]LogModuleManager: Shutting down and abandoning module CoreUObject (5)
[2016.11.08-16.56.14:069][734]LogModuleManager: Shutting down and abandoning module NetworkFile (4)
[2016.11.08-16.56.14:069][734]LogModuleManager: Shutting down and abandoning module StreamingFile (3)
[2016.11.08-16.56.14:069][734]LogModuleManager: Shutting down and abandoning module SandboxFile (2)
[2016.11.08-16.56.14:069][734]LogModuleManager: Shutting down and abandoning module PakFile (1)
[2016.11.08-16.56.14:073][734]LogExit: Exiting.
[2016.11.08-16.56.14:100][734]Log file closed, 11/08/16 16:56:14
