Log file open, 03/02/17 22:57:48
LogInit:Display: Running engine for game: Assignement_2_Part_A
LogPlatformFile: Not using cached read wrapper
LogInit:Display: RandInit(1501509828) SRandInit(1501509828).
LogTaskGraph: Started task graph with 5 named threads and 6 total threads with 1 sets of task threads.
LogStats: Stats thread started at 0.072169
LogPluginManager: Loaded Plugin Paper2D, From C:/Program Files/Epic Games/UE_4.14/Engine/Plugins/2D/Paper2D/Paper2D.uplugin
LogPluginManager: Loaded Plugin LightPropagationVolume, From C:/Program Files/Epic Games/UE_4.14/Engine/Plugins/Blendables/LightPropagationVolume/LightPropagationVolume.uplugin
LogPluginManager: Loaded Plugin BlankPlugin, From C:/Program Files/Epic Games/UE_4.14/Engine/Plugins/Developer/BlankPlugin/BlankPlugin.uplugin
LogPluginManager: Loaded Plugin CodeLiteSourceCodeAccess, From C:/Program Files/Epic Games/UE_4.14/Engine/Plugins/Developer/CodeLiteSourceCodeAccess/CodeLiteSourceCodeAccess.uplugin
LogPluginManager: Loaded Plugin GitSourceControl, From C:/Program Files/Epic Games/UE_4.14/Engine/Plugins/Developer/GitSourceControl/GitSourceControl.uplugin
LogPluginManager: Loaded Plugin KDevelopSourceCodeAccess, From C:/Program Files/Epic Games/UE_4.14/Engine/Plugins/Developer/KDevelopSourceCodeAccess/KDevelopSourceCodeAccess.uplugin
LogPluginManager: Loaded Plugin NullSourceCodeAccess, From C:/Program Files/Epic Games/UE_4.14/Engine/Plugins/Developer/NullSourceCodeAccess/NullSourceCodeAccess.uplugin
LogPluginManager: Loaded Plugin OneSkyLocalizationService, From C:/Program Files/Epic Games/UE_4.14/Engine/Plugins/Developer/OneSkyLocalizationService/OneSkyLocalizationService.uplugin
LogPluginManager: Loaded Plugin PerforceSourceControl, From C:/Program Files/Epic Games/UE_4.14/Engine/Plugins/Developer/PerforceSourceControl/PerforceSourceControl.uplugin
LogPluginManager: Loaded Plugin SubversionSourceControl, From C:/Program Files/Epic Games/UE_4.14/Engine/Plugins/Developer/SubversionSourceControl/SubversionSourceControl.uplugin
LogPluginManager: Loaded Plugin UObjectPlugin, From C:/Program Files/Epic Games/UE_4.14/Engine/Plugins/Developer/UObjectPlugin/UObjectPlugin.uplugin
LogPluginManager: Loaded Plugin VisualStudioSourceCodeAccess, From C:/Program Files/Epic Games/UE_4.14/Engine/Plugins/Developer/VisualStudioSourceCodeAccess/VisualStudioSourceCodeAccess.uplugin
LogPluginManager: Loaded Plugin XCodeSourceCodeAccess, From C:/Program Files/Epic Games/UE_4.14/Engine/Plugins/Developer/XCodeSourceCodeAccess/XCodeSourceCodeAccess.uplugin
LogPluginManager: Loaded Plugin AudioCapture, From C:/Program Files/Epic Games/UE_4.14/Engine/Plugins/Editor/AudioCapture/AudioCapture.uplugin
LogPluginManager: Loaded Plugin EpicSurvey, From C:/Program Files/Epic Games/UE_4.14/Engine/Plugins/Editor/EpicSurvey/EpicSurvey.uplugin
LogPluginManager: Loaded Plugin MacGraphicsSwitching, From C:/Program Files/Epic Games/UE_4.14/Engine/Plugins/Editor/MacGraphicsSwitching/MacGraphicsSwitching.uplugin
LogPluginManager: Loaded Plugin MobileLauncherProfileWizard, From C:/Program Files/Epic Games/UE_4.14/Engine/Plugins/Editor/MobileLauncherProfileWizard/MobileLauncherProfileWizard.uplugin
LogPluginManager: Loaded Plugin PluginBrowser, From C:/Program Files/Epic Games/UE_4.14/Engine/Plugins/Editor/PluginBrowser/PluginBrowser.uplugin
LogPluginManager: Loaded Plugin SpeedTreeImporter, From C:/Program Files/Epic Games/UE_4.14/Engine/Plugins/Editor/SpeedTreeImporter/SpeedTreeImporter.uplugin
LogPluginManager: Loaded Plugin SuperSearchEditor, From C:/Program Files/Epic Games/UE_4.14/Engine/Plugins/Editor/SuperSearchEditor/SuperSearchEditor.uplugin
LogPluginManager: Loaded Plugin AlembicImporter, From C:/Program Files/Epic Games/UE_4.14/Engine/Plugins/Experimental/AlembicImporter/AlembicImporter.uplugin
LogPluginManager: Loaded Plugin BlueprintStats, From C:/Program Files/Epic Games/UE_4.14/Engine/Plugins/Experimental/BlueprintStats/BlueprintStats.uplugin
LogPluginManager: Loaded Plugin CharacterAI, From C:/Program Files/Epic Games/UE_4.14/Engine/Plugins/Experimental/CharacterAI/CharacterAI.uplugin
LogPluginManager: Loaded Plugin CodeEditor, From C:/Program Files/Epic Games/UE_4.14/Engine/Plugins/Experimental/CodeEditor/CodeEditor.uplugin
LogPluginManager: Loaded Plugin CodeView, From C:/Program Files/Epic Games/UE_4.14/Engine/Plugins/Experimental/CodeView/CodeView.uplugin
LogPluginManager: Loaded Plugin HTML5Networking, From C:/Program Files/Epic Games/UE_4.14/Engine/Plugins/Experimental/HTML5Networking/HTML5Networking.uplugin
LogPluginManager: Loaded Plugin OSVR, From C:/Program Files/Epic Games/UE_4.14/Engine/Plugins/Experimental/OSVR/OSVR.uplugin
LogPluginManager: Loaded Plugin Phya, From C:/Program Files/Epic Games/UE_4.14/Engine/Plugins/Experimental/Phya/Phya.uplugin
LogPluginManager: Loaded Plugin SignificanceManager, From C:/Program Files/Epic Games/UE_4.14/Engine/Plugins/Experimental/SignificanceManager/SignificanceManager.uplugin
LogPluginManager: Loaded Plugin SimpleHMD, From C:/Program Files/Epic Games/UE_4.14/Engine/Plugins/Experimental/SimpleHMD/SimpleHMD.uplugin
LogPluginManager: Loaded Plugin StereoPanorama, From C:/Program Files/Epic Games/UE_4.14/Engine/Plugins/Experimental/StereoPanorama/StereoPanorama.uplugin
LogPluginManager: Loaded Plugin StructBox, From C:/Program Files/Epic Games/UE_4.14/Engine/Plugins/Experimental/StructBox/StructBox.uplugin
LogPluginManager: Loaded Plugin AndroidMedia, From C:/Program Files/Epic Games/UE_4.14/Engine/Plugins/Media/AndroidMedia/AndroidMedia.uplugin
LogPluginManager: Loaded Plugin AvfMedia, From C:/Program Files/Epic Games/UE_4.14/Engine/Plugins/Media/AvfMedia/AvfMedia.uplugin
LogPluginManager: Loaded Plugin MediaPlayerEditor, From C:/Program Files/Epic Games/UE_4.14/Engine/Plugins/Media/MediaPlayerEditor/MediaPlayerEditor.uplugin
LogPluginManager: Loaded Plugin WmfMedia, From C:/Program Files/Epic Games/UE_4.14/Engine/Plugins/Media/WmfMedia/WmfMedia.uplugin
LogPluginManager: Loaded Plugin MessagingDebugger, From C:/Program Files/Epic Games/UE_4.14/Engine/Plugins/Messaging/MessagingDebugger/MessagingDebugger.uplugin
LogPluginManager: Loaded Plugin TcpMessaging, From C:/Program Files/Epic Games/UE_4.14/Engine/Plugins/Messaging/TcpMessaging/TcpMessaging.uplugin
LogPluginManager: Loaded Plugin UdpMessaging, From C:/Program Files/Epic Games/UE_4.14/Engine/Plugins/Messaging/UdpMessaging/UdpMessaging.uplugin
LogPluginManager: Loaded Plugin LevelSequenceEditor, From C:/Program Files/Epic Games/UE_4.14/Engine/Plugins/MovieScene/LevelSequenceEditor/LevelSequenceEditor.uplugin
LogPluginManager: Loaded Plugin MatineeToLevelSequence, From C:/Program Files/Epic Games/UE_4.14/Engine/Plugins/MovieScene/MatineeToLevelSequence/MatineeToLevelSequence.uplugin
LogPluginManager: Loaded Plugin NetcodeUnitTest, From C:/Program Files/Epic Games/UE_4.14/Engine/Plugins/NetcodeUnitTest/NetcodeUnitTest/NetcodeUnitTest.uplugin
LogPluginManager: Loaded Plugin NUTUnrealEngine4, From C:/Program Files/Epic Games/UE_4.14/Engine/Plugins/NetcodeUnitTest/NUTUnrealEngine4/NUTUnrealEngine4.uplugin
LogPluginManager: Loaded Plugin OnlineSubsystemGameCircle, From C:/Program Files/Epic Games/UE_4.14/Engine/Plugins/Online/Android/OnlineSubsystemGameCircle/OnlineSubsystemGameCircle.uplugin
LogPluginManager: Loaded Plugin OnlineSubsystemGooglePlay, From C:/Program Files/Epic Games/UE_4.14/Engine/Plugins/Online/Android/OnlineSubsystemGooglePlay/OnlineSubsystemGooglePlay.uplugin
LogPluginManager: Loaded Plugin OnlineSubsystemIOS, From C:/Program Files/Epic Games/UE_4.14/Engine/Plugins/Online/IOS/OnlineSubsystemIOS/OnlineSubsystemIOS.uplugin
LogPluginManager: Loaded Plugin OnlineFramework, From C:/Program Files/Epic Games/UE_4.14/Engine/Plugins/Online/OnlineFramework/OnlineFramework.uplugin
LogPluginManager: Loaded Plugin OnlineSubsystem, From C:/Program Files/Epic Games/UE_4.14/Engine/Plugins/Online/OnlineSubsystem/OnlineSubsystem.uplugin
LogPluginManager: Loaded Plugin OnlineSubsystemAmazon, From C:/Program Files/Epic Games/UE_4.14/Engine/Plugins/Online/OnlineSubsystemAmazon/OnlineSubsystemAmazon.uplugin
LogPluginManager: Loaded Plugin OnlineSubsystemFacebook, From C:/Program Files/Epic Games/UE_4.14/Engine/Plugins/Online/OnlineSubsystemFacebook/OnlineSubsystemFacebook.uplugin
LogPluginManager: Loaded Plugin OnlineSubsystemNull, From C:/Program Files/Epic Games/UE_4.14/Engine/Plugins/Online/OnlineSubsystemNull/OnlineSubsystemNull.uplugin
LogPluginManager: Loaded Plugin OnlineSubsystemOculus, From C:/Program Files/Epic Games/UE_4.14/Engine/Plugins/Online/OnlineSubsystemOculus/OnlineSubsystemOculus.uplugin
LogPluginManager: Loaded Plugin OnlineSubsystemSteam, From C:/Program Files/Epic Games/UE_4.14/Engine/Plugins/Online/OnlineSubsystemSteam/OnlineSubsystemSteam.uplugin
LogPluginManager: Loaded Plugin OnlineSubsystemUtils, From C:/Program Files/Epic Games/UE_4.14/Engine/Plugins/Online/OnlineSubsystemUtils/OnlineSubsystemUtils.uplugin
LogPluginManager: Loaded Plugin IOSTapJoy, From C:/Program Files/Epic Games/UE_4.14/Engine/Plugins/Runtime/Advertising/IOSTapJoy/IOSTapJoy.uplugin
LogPluginManager: Loaded Plugin AnalyticsBlueprintLibrary, From C:/Program Files/Epic Games/UE_4.14/Engine/Plugins/Runtime/Analytics/AnalyticsBlueprintLibrary/AnalyticsBlueprintLibrary.uplugin
LogPluginManager: Loaded Plugin AnalyticsMulticast, From C:/Program Files/Epic Games/UE_4.14/Engine/Plugins/Runtime/Analytics/AnalyticsMulticast/AnalyticsMulticast.uplugin
LogPluginManager: Loaded Plugin Apsalar, From C:/Program Files/Epic Games/UE_4.14/Engine/Plugins/Runtime/Analytics/Apsalar/Apsalar.uplugin
LogPluginManager: Loaded Plugin FileLogging, From C:/Program Files/Epic Games/UE_4.14/Engine/Plugins/Runtime/Analytics/FileLogging/FileLogging.uplugin
LogPluginManager: Loaded Plugin Flurry, From C:/Program Files/Epic Games/UE_4.14/Engine/Plugins/Runtime/Analytics/Flurry/Flurry.uplugin
LogPluginManager: Loaded Plugin AndroidDeviceProfileSelector, From C:/Program Files/Epic Games/UE_4.14/Engine/Plugins/Runtime/AndroidDeviceProfileSelector/AndroidDeviceProfileSelector.uplugin
LogPluginManager: Loaded Plugin AndroidMoviePlayer, From C:/Program Files/Epic Games/UE_4.14/Engine/Plugins/Runtime/AndroidMoviePlayer/AndroidMoviePlayer.uplugin
LogPluginManager: Loaded Plugin AppleMoviePlayer, From C:/Program Files/Epic Games/UE_4.14/Engine/Plugins/Runtime/AppleMoviePlayer/AppleMoviePlayer.uplugin
LogPluginManager: Loaded Plugin ArchVisCharacter, From C:/Program Files/Epic Games/UE_4.14/Engine/Plugins/Runtime/ArchVisCharacter/ArchVisCharacter.uplugin
LogPluginManager: Loaded Plugin CableComponent, From C:/Program Files/Epic Games/UE_4.14/Engine/Plugins/Runtime/CableComponent/CableComponent.uplugin
LogPluginManager: Loaded Plugin CustomMeshComponent, From C:/Program Files/Epic Games/UE_4.14/Engine/Plugins/Runtime/CustomMeshComponent/CustomMeshComponent.uplugin
LogPluginManager: Loaded Plugin ExampleDeviceProfileSelector, From C:/Program Files/Epic Games/UE_4.14/Engine/Plugins/Runtime/ExampleDeviceProfileSelector/ExampleDeviceProfileSelector.uplugin
LogPluginManager: Loaded Plugin GearVR, From C:/Program Files/Epic Games/UE_4.14/Engine/Plugins/Runtime/GearVR/GearVR.uplugin
LogPluginManager: Loaded Plugin GoogleVRController, From C:/Program Files/Epic Games/UE_4.14/Engine/Plugins/Runtime/GoogleVR/GoogleVRController/GoogleVRController.uplugin
LogPluginManager: Loaded Plugin GoogleVRHMD, From C:/Program Files/Epic Games/UE_4.14/Engine/Plugins/Runtime/GoogleVR/GoogleVRHMD/GoogleVRHMD.uplugin
LogPluginManager: Loaded Plugin IOSDeviceProfileSelector, From C:/Program Files/Epic Games/UE_4.14/Engine/Plugins/Runtime/IOSDeviceProfileSelector/IOSDeviceProfileSelector.uplugin
LogPluginManager: Loaded Plugin LeapMotion, From C:/Program Files/Epic Games/UE_4.14/Engine/Plugins/Runtime/LeapMotion/LeapMotion.uplugin
LogPluginManager: Loaded Plugin LinuxDeviceProfileSelector, From C:/Program Files/Epic Games/UE_4.14/Engine/Plugins/Runtime/LinuxDeviceProfileSelector/LinuxDeviceProfileSelector.uplugin
LogPluginManager: Loaded Plugin MIDIDevice, From C:/Program Files/Epic Games/UE_4.14/Engine/Plugins/Runtime/MIDIDevice/MIDIDevice.uplugin
LogPluginManager: Loaded Plugin MobilePatchingUtils, From C:/Program Files/Epic Games/UE_4.14/Engine/Plugins/Runtime/MobilePatchingUtils/MobilePatchingUtils.uplugin
LogPluginManager: Loaded Plugin Ansel, From C:/Program Files/Epic Games/UE_4.14/Engine/Plugins/Runtime/Nvidia/Ansel/Ansel.uplugin
LogPluginManager: Loaded Plugin OculusAudio, From C:/Program Files/Epic Games/UE_4.14/Engine/Plugins/Runtime/OculusAudio/OculusAudio.uplugin
LogPluginManager: Loaded Plugin OculusInput, From C:/Program Files/Epic Games/UE_4.14/Engine/Plugins/Runtime/OculusInput/OculusInput.uplugin
LogPluginManager: Loaded Plugin OculusLibrary, From C:/Program Files/Epic Games/UE_4.14/Engine/Plugins/Runtime/OculusLibrary/OculusLibrary.uplugin
LogPluginManager: Loaded Plugin OculusRift, From C:/Program Files/Epic Games/UE_4.14/Engine/Plugins/Runtime/OculusRift/OculusRift.uplugin
LogPluginManager: Loaded Plugin Oodle, From C:/Program Files/Epic Games/UE_4.14/Engine/Plugins/Runtime/PacketHandlers/CompressionComponents/Oodle/Oodle.uplugin
LogPluginManager: Loaded Plugin ProceduralMeshComponent, From C:/Program Files/Epic Games/UE_4.14/Engine/Plugins/Runtime/ProceduralMeshComponent/ProceduralMeshComponent.uplugin
LogPluginManager: Loaded Plugin SoundMod, From C:/Program Files/Epic Games/UE_4.14/Engine/Plugins/Runtime/SoundMod/SoundMod.uplugin
LogPluginManager: Loaded Plugin SoundVisualizations, From C:/Program Files/Epic Games/UE_4.14/Engine/Plugins/Runtime/SoundVisualizations/SoundVisualizations.uplugin
LogPluginManager: Loaded Plugin SteamController, From C:/Program Files/Epic Games/UE_4.14/Engine/Plugins/Runtime/Steam/SteamController/SteamController.uplugin
LogPluginManager: Loaded Plugin SteamVR, From C:/Program Files/Epic Games/UE_4.14/Engine/Plugins/Runtime/Steam/SteamVR/SteamVR.uplugin
LogPluginManager: Loaded Plugin WebBrowserWidget, From C:/Program Files/Epic Games/UE_4.14/Engine/Plugins/Runtime/WebBrowserWidget/WebBrowserWidget.uplugin
LogPluginManager: Loaded Plugin WindowsDeviceProfileSelector, From C:/Program Files/Epic Games/UE_4.14/Engine/Plugins/Runtime/WindowsDeviceProfileSelector/WindowsDeviceProfileSelector.uplugin
LogPluginManager: Loaded Plugin WindowsMoviePlayer, From C:/Program Files/Epic Games/UE_4.14/Engine/Plugins/Runtime/WindowsMoviePlayer/WindowsMoviePlayer.uplugin
LogPluginManager: Loaded Plugin ScriptPlugin, From C:/Program Files/Epic Games/UE_4.14/Engine/Plugins/ScriptPlugin/ScriptPlugin.uplugin
LogPluginManager: Loaded Plugin SlateRemote, From C:/Program Files/Epic Games/UE_4.14/Engine/Plugins/Slate/SlateRemote/SlateRemote.uplugin
LogPluginManager: Loaded Plugin EditorTests, From C:/Program Files/Epic Games/UE_4.14/Engine/Plugins/Tests/EditorTests/EditorTests.uplugin
LogPluginManager: Loaded Plugin FbxAutomationTestBuilder, From C:/Program Files/Epic Games/UE_4.14/Engine/Plugins/Tests/FbxAutomationTestBuilder/FbxAutomationTestBuilder.uplugin
LogPluginManager: Loaded Plugin FunctionalTestingEditor, From C:/Program Files/Epic Games/UE_4.14/Engine/Plugins/Tests/FunctionalTestingEditor/FunctionalTestingEditor.uplugin
LogPluginManager: Loaded Plugin RuntimeTests, From C:/Program Files/Epic Games/UE_4.14/Engine/Plugins/Tests/RuntimeTests/RuntimeTests.uplugin
LogPluginManager: Loaded Plugin ScreenshotTools, From C:/Program Files/Epic Games/UE_4.14/Engine/Plugins/Tests/ScreenshotTools/ScreenshotTools.uplugin
LogInit: Using libcurl 7.47.1
LogInit:  - built for x86_64-pc-win32
LogInit:  - supports SSL with OpenSSL/1.0.2g
LogInit:  - supports HTTP deflate (compression) using libz 1.2.8
LogInit:  - other features:
LogInit:      CURL_VERSION_SSL
LogInit:      CURL_VERSION_LIBZ
LogInit:      CURL_VERSION_IPV6
LogInit:      CURL_VERSION_ASYNCHDNS
LogInit:      CURL_VERSION_LARGEFILE
LogInit:      CURL_VERSION_IDN
LogInit:  CurlRequestOptions (configurable via config and command line):
LogInit:  - bVerifyPeer = false  - Libcurl will NOT verify peer certificate
LogInit:  - bUseHttpProxy = false  - Libcurl will NOT use HTTP proxy
LogInit:  - bDontReuseConnections = false  - Libcurl will reuse connections
LogInit:  - CertBundlePath = nullptr  - Libcurl will use whatever was configured at build time.
LogInit: Build: ++UE4+Release-4.14-CL-3249277
LogInit: Engine Version: 4.14.3-3249277+++UE4+Release-4.14
LogInit: Compatible Engine Version: 4.14.0-3195953+++UE4+Release-4.14
LogInit: Net CL: 3195953
LogDevObjectVersion: Number of dev versions registered: 13
LogDevObjectVersion:   Dev-Blueprints (B0D832E4-1F89-4F0D-ACCF-7EB736FD4AA2): 7
LogDevObjectVersion:   Dev-Build (E1C64328-A22C-4D53-A36C-8E866417BD8C): 0
LogDevObjectVersion:   Dev-Core (375EC13C-06E4-48FB-B500-84F0262A717E): 1
LogDevObjectVersion:   Dev-Editor (E4B068ED-F494-42E9-A231-DA0B2E46BB41): 8
LogDevObjectVersion:   Dev-Framework (CFFC743F-43B0-4480-9391-14DF171D2073): 17
LogDevObjectVersion:   Dev-Mobile (B02B49B5-BB20-44E9-A304-32B752E40360): 0
LogDevObjectVersion:   Dev-Networking (A4E4105C-59A1-49B5-A7C5-40C4547EDFEE): 0
LogDevObjectVersion:   Dev-Online (39C831C9-5AE6-47DC-9A44-9C173E1C8E7C): 0
LogDevObjectVersion:   Dev-Physics (78F01B33-EBEA-4F98-B9B4-84EACCB95AA2): 0
LogDevObjectVersion:   Dev-Platform (6631380F-2D4D-43E0-8009-CF276956A95A): 0
LogDevObjectVersion:   Dev-Rendering (12F88B9F-8875-4AFC-A67C-D90C383ABD29): 12
LogDevObjectVersion:   Dev-Sequencer (7B5AE74C-D270-4C10-A958-57980B212A5A): 1
LogDevObjectVersion:   Dev-VR (D7296918-1DD6-4BDD-9DE2-64A83CC13884): 0
LogInit: Compiled (64-bit): Jan  6 2017 10:49:43
LogInit: Compiled with Visual C++: 19.00.23026.00
LogInit: Build Configuration: Development
LogInit: Branch Name: ++UE4+Release-4.14
LogInit: Command line: -EpicPortal 
LogInit: Base directory: C:/Program Files/Epic Games/UE_4.14/Engine/Binaries/Win64/
LogInit: Installed Engine Build: 1
LogInit: Presizing for max 8388607 objects, including 0 objects not considered by GC, pre-allocating 0 bytes for permanent pool.
LogInit: Object subsystem initialized
[2017.03.02-22.57.48:744][  0]LogInit: Selected Device Profile: [Windows]
[2017.03.02-22.57.48:744][  0]LogInit: Applying CVar settings loaded from the selected device profile: [Windows]
[2017.03.02-22.57.48:798][  0]LogInit: Computer: TOM-UNI-LT
[2017.03.02-22.57.48:798][  0]LogInit: User: Tom
[2017.03.02-22.57.48:798][  0]LogInit: CPU Page size=65536, Cores=2
[2017.03.02-22.57.48:798][  0]LogInit: High frequency timer resolution =2.143476 MHz
[2017.03.02-22.57.48:798][  0]LogMemory: Memory total: Physical=15.9GB (16GB approx)
[2017.03.02-22.57.48:798][  0]LogMemory: Platform Memory Stats for Windows
[2017.03.02-22.57.48:798][  0]LogMemory: Process Physical Memory: 261.64 MB used, 261.64 MB peak
[2017.03.02-22.57.48:798][  0]LogMemory: Process Virtual Memory: 261.98 MB used, 261.98 MB peak
[2017.03.02-22.57.48:798][  0]LogMemory: Physical Memory: 5112.21 MB used,  11162.89 MB free, 16275.11 MB total
[2017.03.02-22.57.48:798][  0]LogMemory: Virtual Memory: 655.83 MB used,  11162.89 MB free, 134217728.00 MB total
[2017.03.02-22.57.48:826][  0]LogTextLocalizationManager: No specific translations for ('en-GB') exist, so ('en') translations will be used.
[2017.03.02-22.57.49:620][  0]LogD3D11RHI: D3D11 adapters:
[2017.03.02-22.57.49:632][  0]LogD3D11RHI:    0. 'Intel(R) HD Graphics 5500' (Feature Level 11_0)
[2017.03.02-22.57.49:632][  0]LogD3D11RHI:       128/0/3840 MB DedicatedVideo/DedicatedSystem/SharedSystem, Outputs:1, VendorId:0x8086
[2017.03.02-22.57.49:634][  0]LogD3D11RHI:    1. 'Microsoft Basic Render Driver' (Feature Level 11_0)
[2017.03.02-22.57.49:634][  0]LogD3D11RHI:       0/0/256 MB DedicatedVideo/DedicatedSystem/SharedSystem, Outputs:0, VendorId:0x1414
[2017.03.02-22.57.49:634][  0]LogD3D11RHI: Chosen D3D11 Adapter: 0
[2017.03.02-22.57.49:638][  0]LogD3D11RHI: Creating new Direct3DDevice
[2017.03.02-22.57.49:638][  0]LogD3D11RHI:     GPU DeviceId: 0x1616 (for the marketing name, search the web for "GPU Device Id")
[2017.03.02-22.57.49:638][  0]LogWindows: EnumDisplayDevices:
[2017.03.02-22.57.49:639][  0]LogWindows:    0. 'Intel(R) HD Graphics 5500' (P:1 D:1)
[2017.03.02-22.57.49:639][  0]LogWindows:    1. 'Intel(R) HD Graphics 5500' (P:0 D:0)
[2017.03.02-22.57.49:639][  0]LogWindows:    2. 'Intel(R) HD Graphics 5500' (P:0 D:0)
[2017.03.02-22.57.49:639][  0]LogWindows: DebugString: FoundDriverCount:3 
[2017.03.02-22.57.49:639][  0]LogD3D11RHI:     Adapter Name: Intel(R) HD Graphics 5500
[2017.03.02-22.57.49:639][  0]LogD3D11RHI:   Driver Version: 10.18.14.4432 (internal:10.18.14.4432, unified:10.18.14.4432)
[2017.03.02-22.57.49:639][  0]LogD3D11RHI:      Driver Date: 4-8-2016
[2017.03.02-22.57.49:639][  0]LogRHI: Texture pool is 1361 MB (70% of 1945 MB)
[2017.03.02-22.57.49:651][  0]LogD3D11RHI: Async texture creation enabled
[2017.03.02-22.57.49:660][  0]LogD3D11RHI: GPU Timing Frequency: 12.500000 (Debug: 2 0)
[2017.03.02-22.57.49:660][  0]LogShaderCompilers: Guid format shader working directory is -52 characters bigger than the processId version (H:/studies/UOS games uni/Level 5 Year 2/Semeseter 2/Steve Digital Scripting/Assignement_2_Part_A/Intermediate/Shaders/WorkingDirectory/7640/).
[2017.03.02-22.57.49:660][  0]LogShaderCompilers: Cleaned the shader compiler working directory 'C:/Users/Tom/AppData/Local/Temp/UnrealShaderWorkingDir/981E34BE4FBCF1969A43518F899D9238/'.
[2017.03.02-22.57.49:660][  0]LogShaderCompilers:Display: Using Local Shader Compiler.
[2017.03.02-22.57.51:047][  0]LogTemp:Display: Loaded TP AllDesktopTargetPlatform
[2017.03.02-22.57.51:128][  0]LogTemp:Display: Loaded TP MacClientTargetPlatform
[2017.03.02-22.57.51:197][  0]LogTemp:Display: Loaded TP MacNoEditorTargetPlatform
[2017.03.02-22.57.51:266][  0]LogTemp:Display: Loaded TP MacServerTargetPlatform
[2017.03.02-22.57.51:347][  0]LogTemp:Display: Loaded TP MacTargetPlatform
[2017.03.02-22.57.51:415][  0]LogTemp:Display: Loaded TP WindowsClientTargetPlatform
[2017.03.02-22.57.51:487][  0]LogTemp:Display: Loaded TP WindowsNoEditorTargetPlatform
[2017.03.02-22.57.51:568][  0]LogTemp:Display: Loaded TP WindowsServerTargetPlatform
[2017.03.02-22.57.51:628][  0]LogTemp:Display: Loaded TP WindowsTargetPlatform
[2017.03.02-22.57.51:696][  0]LogTemp:Display: Loaded TP AndroidTargetPlatform
[2017.03.02-22.57.51:777][  0]LogTemp:Display: Loaded TP Android_ASTCTargetPlatform
[2017.03.02-22.57.51:845][  0]LogTemp:Display: Loaded TP Android_ATCTargetPlatform
[2017.03.02-22.57.51:913][  0]LogTemp:Display: Loaded TP Android_DXTTargetPlatform
[2017.03.02-22.57.51:996][  0]LogTemp:Display: Loaded TP Android_ETC1TargetPlatform
[2017.03.02-22.57.52:064][  0]LogTemp:Display: Loaded TP Android_ETC2TargetPlatform
[2017.03.02-22.57.52:204][  0]LogTemp:Display: Loaded TP Android_MultiTargetPlatform
[2017.03.02-22.57.52:205][  0]LogTemp:Display: Loaded TP Android_PVRTCTargetPlatform
[2017.03.02-22.57.52:263][  0]LogTemp:Display: Loaded TP HTML5TargetPlatform
[2017.03.02-22.57.52:369][  0]LogTemp:Display: Loaded TP IOSTargetPlatform
[2017.03.02-22.57.52:416][  0]LogTemp:Display: Loaded TP TVOSTargetPlatform
[2017.03.02-22.57.52:496][  0]LogTemp:Display: Loaded TP LinuxClientTargetPlatform
[2017.03.02-22.57.52:565][  0]LogTemp:Display: Loaded TP LinuxNoEditorTargetPlatform
[2017.03.02-22.57.52:632][  0]LogTemp:Display: Loaded TP LinuxServerTargetPlatform
[2017.03.02-22.57.52:710][  0]LogTemp:Display: Loaded TP LinuxTargetPlatform
[2017.03.02-22.57.52:710][  0]LogTargetPlatformManager:Display: Building Assets For Windows
[2017.03.02-22.57.53:212][  0]LogDerivedDataCache:Display: Max Cache Size: 512 MB
[2017.03.02-22.57.53:289][  0]LogDerivedDataCache: Loaded boot cache 0.08s 74MB C:/Users/Tom/AppData/Local/UnrealEngine/4.14/DerivedDataCache/Boot.ddc.
[2017.03.02-22.57.53:289][  0]LogDerivedDataCache:Display: Loaded Boot cache: C:/Users/Tom/AppData/Local/UnrealEngine/4.14/DerivedDataCache/Boot.ddc
[2017.03.02-22.57.53:289][  0]LogDerivedDataCache: FDerivedDataBackendGraph:  Pak pak cache file H:/studies/UOS games uni/Level 5 Year 2/Semeseter 2/Steve Digital Scripting/Assignement_2_Part_A/DerivedDataCache/DDC.ddp not found, will not use a pak cache.
[2017.03.02-22.57.53:289][  0]LogDerivedDataCache: Unable to find inner node Pak for hierarchical cache Hierarchy.
[2017.03.02-22.57.53:290][  0]LogDerivedDataCache: FDerivedDataBackendGraph:  CompressedPak pak cache file H:/studies/UOS games uni/Level 5 Year 2/Semeseter 2/Steve Digital Scripting/Assignement_2_Part_A/DerivedDataCache/Compressed.ddp not found, will not use a pak cache.
[2017.03.02-22.57.53:290][  0]LogDerivedDataCache: Unable to find inner node CompressedPak for hierarchical cache Hierarchy.
[2017.03.02-22.57.53:312][  0]LogDerivedDataCache:Display: Pak cache opened for reading ../../../Engine/DerivedDataCache/Compressed.ddp.
[2017.03.02-22.57.53:324][  0]LogDerivedDataCache: Using Local data cache path C:/Users/Tom/AppData/Local/UnrealEngine/Common/DerivedDataCache: Writable
[2017.03.02-22.57.53:591][  0]LogInit: Selected Device Profile: [Windows]
[2017.03.02-22.57.53:596][  0]LogContentStreaming: Texture pool size is 0.00 MB
[2017.03.02-22.57.53:864][  0]LogMeshUtilities: Using QuadricMeshReduction for automatic static mesh reduction
[2017.03.02-22.57.53:926][  0]LogSimplygon: Simplygon DLL not present - disabling.
[2017.03.02-22.57.53:982][  0]LogMeshUtilities: Using SimplygonSwarm for distributed automatic mesh merging
[2017.03.02-22.57.53:982][  0]LogMeshUtilities: No automatic skeletal mesh reduction module available
[2017.03.02-22.57.53:982][  0]LogMeshUtilities: No automatic mesh merging module available
[2017.03.02-22.57.54:733][  0]LogNetVersion: GetLocalNetworkVersion: CL: 3195953, ProjectName: assignement_2_part_a, ProjectVersion: , EngineNetworkVersion: 2, GameNetworkVersion: 0, NetworkChecksum: 512320994
[2017.03.02-22.57.54:808][  0]LogAssetRegistry: FAssetRegistry took 0.0219 seconds to start up
[2017.03.02-22.57.55:141][  0]LogPackageLocalizationCache: Processed 3 localized package path(s) for 2 prioritized culture(s) in 0.276665 seconds
[2017.03.02-22.57.55:148][  0]LogUObjectArray: 31946 objects as part of root set at end of initial load.
[2017.03.02-22.57.55:148][  0]LogUObjectAllocator: 6935848 out of 0 bytes used by permanent object pool.
[2017.03.02-22.57.55:148][  0]LogUObjectArray: CloseDisregardForGC: 0/0 objects in disregard for GC pool
[2017.03.02-22.57.55:260][  0]LogInit: WinSock: version 1.1 (2.2), MaxSocks=32767, MaxUdp=65467
[2017.03.02-22.57.56:327][  0]LogSlate: Using Freetype 2.6.0
[2017.03.02-22.57.56:328][  0]LogSlate: SlateFontCache - WITH_FREETYPE: 1, WITH_HARFBUZZ: 1
[2017.03.02-22.57.56:328][  0]LogSlate: SlateFontCache - WITH_FREETYPE: 1, WITH_HARFBUZZ: 1
[2017.03.02-22.57.57:657][  0]LogTcpMessaging: Initializing TcpMessaging bridge
[2017.03.02-22.57.57:738][  0]LogUdpMessaging: Initializing bridge on interface 0.0.0.0:0 to multicast group 230.0.0.1:6666.
[2017.03.02-22.57.58:386][  0]LogMaterial: Uniform references updated for custom material expression Custom.
[2017.03.02-22.57.58:881][  0]SourceControl: Info Source control is disabled
[2017.03.02-22.57.58:882][  0]SourceControl: Info Source control is disabled
[2017.03.02-22.57.58:963][  0]SourceControl: Info Source control is disabled
[2017.03.02-22.57.59:019][  0]SourceControl: Info Source control is disabled
[2017.03.02-22.58.00:537][  0]LogEngine: Initializing Engine...
[2017.03.02-22.58.00:537][  0]LogHMD: Failed to initialize OpenVR with code 110
[2017.03.02-22.58.00:847][  0]LogAIModule: Creating AISystem for world Untitled
[2017.03.02-22.58.00:854][  0]LogInit: XAudio2 using 'Speakers/Headphones (Realtek High Definition Audio)' : 2 channels at 48 kHz using 32 bits per sample (channel mask 0x3)
[2017.03.02-22.58.00:866][  0]LogInit: FAudioDevice initialized.
[2017.03.02-22.58.00:899][  0]LogDerivedDataCache: Saved boot cache 0.03s 60MB C:/Users/Tom/AppData/Local/UnrealEngine/4.14/DerivedDataCache/Boot.ddc.
[2017.03.02-22.58.00:911][  0]LogInit: Texture streaming: Enabled
[2017.03.02-22.58.01:153][  0]LogInit: Transaction tracking system initialized
[2017.03.02-22.58.01:593][  0]BlueprintLog: New page: Editor Load
[2017.03.02-22.58.02:715][  0]LocalizationService: Info Localization service is disabled
[2017.03.02-22.58.03:558][  0]LogConsoleResponse:Display: 
[2017.03.02-22.58.03:767][  0]LogCook:Display: Max memory allowance for cook 16384mb min free memory 0mb
[2017.03.02-22.58.03:767][  0]LogCook:Display: Mobile HDR setting 1
[2017.03.02-22.58.03:841][  0]LogFileCache: Scanning file cache for directory 'H:/studies/UOS games uni/Level 5 Year 2/Semeseter 2/Steve Digital Scripting/Assignement_2_Part_A/Content/' took 0.03s
[2017.03.02-22.58.04:913][  0]SourceControl: Info Source control is disabled
[2017.03.02-22.58.04:914][  0]LogEditorServer:Warning: Can't find file 'H:/studies/UOS games uni/Level 5 Year 2/Semeseter 2/Steve Digital Scripting/Assignement_2_Part_A/Content/ThirdPersonBP/Maps/ThirdPersonExampleMap.umap'
[2017.03.02-22.58.04:914][  0]Cmd: MAP CHECKDEP NOCLEARLOG
[2017.03.02-22.58.04:954][  0]MapCheck: Info Map check complete: 0 Error(s), 0 Warning(s), took 39.91ms to complete.
[2017.03.02-22.58.04:954][  0]LogFileHelpers: Loading map 'ThirdPersonExampleMap' took 0.041
[2017.03.02-22.58.05:007][  0]LogWindowsTextInputMethodSystem:Display: IME system now deactivated.
[2017.03.02-22.58.05:153][  0]LogCollectionManager: Loaded 0 collections in 0.003782 seconds
[2017.03.02-22.58.05:309][  0]LogFileCache: Scanning file cache for directory 'H:/studies/UOS games uni/Level 5 Year 2/Semeseter 2/Steve Digital Scripting/Assignement_2_Part_A/Saved/Collections/' took 0.01s
[2017.03.02-22.58.05:309][  0]LogFileCache: Scanning file cache for directory 'H:/studies/UOS games uni/Level 5 Year 2/Semeseter 2/Steve Digital Scripting/Assignement_2_Part_A/Content/Developers/Tom/Collections/' took 0.01s
[2017.03.02-22.58.05:309][  0]LogFileCache: Scanning file cache for directory 'H:/studies/UOS games uni/Level 5 Year 2/Semeseter 2/Steve Digital Scripting/Assignement_2_Part_A/Content/Collections/' took 0.01s
[2017.03.02-22.58.05:309][  0]LogCollectionManager: Rebuilt the GUID cache for 0 collections in 0.000002 seconds
[2017.03.02-22.58.05:324][  0]LogContentBrowser: Native class hierarchy populated in 0.0120 seconds. Added 2190 classes and 428 folders.
[2017.03.02-22.58.05:381][  0]LogStats: UGameplayTagsManager::ConstructGameplayTagTree: Construct from data asset -  0.000 s
[2017.03.02-22.58.05:381][  0]LogStats: UGameplayTagsManager::ConstructGameplayTagTree: GameplayTagTreeChangedEvent.Broadcast -  0.000 s
[2017.03.02-22.58.05:386][  0]LogContentBrowser: Native class hierarchy updated for 'GameplayTags' in 0.0042 seconds. Added 13 classes and 0 folders.
[2017.03.02-22.58.05:474][  0]LogContentBrowser: Native class hierarchy updated for 'WidgetCarousel' in 0.0010 seconds. Added 0 classes and 0 folders.
[2017.03.02-22.58.05:890][  0]LogContentBrowser: Native class hierarchy updated for 'AddContentDialog' in 0.0013 seconds. Added 0 classes and 0 folders.
[2017.03.02-22.58.05:966][  0]LogContentBrowser: Native class hierarchy updated for 'SceneOutliner' in 0.0013 seconds. Added 1 classes and 2 folders.
[2017.03.02-22.58.06:067][  0]LogCrashTracker: Crashtracker disabled due to settings.
[2017.03.02-22.58.06:081][  0]LogUObjectGlobals:Warning: Failed to find object 'Class None.'
[2017.03.02-22.58.06:162][  0]LogContentBrowser: Native class hierarchy updated for 'HierarchicalLODOutliner' in 0.0010 seconds. Added 1 classes and 2 folders.
[2017.03.02-22.58.06:162][  0]LogLoad: (Engine Initialization) Total time: 19.88 seconds
[2017.03.02-22.58.06:162][  0]LogLoad: (Engine Initialization) Total Blueprint compile time: 0.06 seconds
[2017.03.02-22.58.06:162][  0]LogExternalProfiler: Found external profiler: VSPerf
[2017.03.02-22.58.06:162][  0]LogExternalProfiler: Using external profiler: VSPerf
[2017.03.02-22.58.06:172][  0]LogOcInput: OculusInput pre-init called
[2017.03.02-22.58.06:192][  0]LogContentStreaming: Texture pool size now 1000 MB
[2017.03.02-22.58.06:439][  0]LogRenderer: Reallocating scene render targets to support 856x372 NumSamples 1 (Frame:2).
[2017.03.02-22.58.07:068][  1]LogAssetRegistry: Asset discovery search completed in 12.2817 seconds
[2017.03.02-22.58.07:068][  1]LogCollectionManager: Rebuilt the object cache for 0 collections in 0.000000 seconds (found 0 objects)
[2017.03.02-22.58.07:068][  1]LogCollectionManager: Fixed up redirectors for 0 collections in 0.000019 seconds (updated 0 objects)
[2017.03.02-22.58.13:117][328]LogTexture:Display: Building textures: UE4Man_Logo_N (BC5)
[2017.03.02-22.58.13:184][328]LogTexture:Display: Building textures: T_ML_Rubber_Blue_01_D (AutoDXT)
[2017.03.02-22.58.13:561][328]LogTexture:Display: Building textures: T_ML_Rubber_Blue_01_N (BC5)
[2017.03.02-22.58.13:636][328]LogTexture:Display: Building textures: T_ML_Aluminum01 (AutoDXT)
[2017.03.02-22.58.13:937][328]LogTexture:Display: Building textures: T_ML_Aluminum01_N (BC5)
[2017.03.02-22.58.14:002][328]LogTexture:Display: Building textures: UE4_Mannequin_MAT_MASKA (AutoDXT)
[2017.03.02-22.58.14:349][328]LogTexture:Display: Building textures: UE4_Mannequin__normals (BC5)
[2017.03.02-22.58.15:154][328]LogTexture:Display: Building textures: UE4_LOGO_CARD (AutoDXT)
[2017.03.02-22.58.15:342][328]LogTexture:Display: Building textures: SunsetAmbientCubemap (RGBA16F)
[2017.03.02-22.58.38:588][328]LogSkeletalMesh: InitArticulated: Bodies already created (/Engine/Transient.DebugSkelMeshComponent_0) - call TermArticulated first.
[2017.03.02-22.58.39:192][328]LogBlueprint:Warning: [ThirdPersonCharacter] 'Collision' variable not found. Base class was probably changed.
[2017.03.02-22.58.39:223][328]LogBlueprint:Warning: [ThirdPersonCharacter] 'Collision' variable not found. Base class was probably changed.
[2017.03.02-22.58.39:344][328]LogAnimationCompression: Building Anim DDC data for AnimSequence /Game/Mannequin/Animations/ThirdPersonIdle.ThirdPersonIdle
[2017.03.02-22.58.39:441][328]LogAnimationCompression: Building Anim DDC data for AnimSequence /Game/Mannequin/Animations/ThirdPersonRun.ThirdPersonRun
[2017.03.02-22.58.39:467][328]LogAnimationCompression: Building Anim DDC data for AnimSequence /Game/Mannequin/Animations/ThirdPersonJump_Start.ThirdPersonJump_Start
[2017.03.02-22.58.39:485][328]LogAnimationCompression: Building Anim DDC data for AnimSequence /Game/Mannequin/Animations/ThirdPersonJump_Loop.ThirdPersonJump_Loop
[2017.03.02-22.58.39:512][328]LogMaterial: Missing cached shader map for material M_UE4Man_ChestLogo, compiling. 
[2017.03.02-22.58.39:591][328]LogMaterial: Missing cached shader map for material M_UE4Man_Body, compiling. 
[2017.03.02-22.58.39:647][328]LogTexture:Display: Building textures: T_Smoke_Tiled_D (AutoDXT)
[2017.03.02-22.58.39:925][328]LogTexture:Display: Building textures: T_Smoke_SubUV (AutoDXT)
[2017.03.02-22.58.46:538][328]LogTexture:Display: Building textures: T_Water_N (BC5)
[2017.03.02-22.58.47:566][328]LogTexture:Display: Building textures: T_Fire_Tiled_D (AutoDXT)
[2017.03.02-22.58.48:210][328]LogTexture:Display: Building textures: T_Fire_SubUV (AutoDXT)
[2017.03.02-22.58.48:833][328]LogTexture:Display: Building textures: ThumbnailTexture (DXT1)
[2017.03.02-22.58.48:973][328]LogStaticMesh: Building static mesh Spot_Light...
[2017.03.02-22.58.49:003][328]LogStaticMesh: Built static mesh [0.03s] /Game/Models/Spot_Light.Spot_Light
[2017.03.02-22.58.49:012][328]LogStaticMesh: Building static mesh Medieval_Torch...
[2017.03.02-22.58.49:024][328]LogStaticMesh: Built static mesh [0.01s] /Game/Models/Medieval_Torch.Medieval_Torch
[2017.03.02-22.58.49:039][328]LogAnimationCompression: Building Anim DDC data for AnimSequence /Game/Mannequin/Animations/ThirdPerson_Jump.ThirdPerson_Jump
[2017.03.02-22.58.49:120][328]LogAnimationCompression: Building Anim DDC data for AnimSequence /Game/Mannequin/Animations/ThirdPersonWalk.ThirdPersonWalk
[2017.03.02-22.58.50:295][328]LogContentBrowser: Native class hierarchy updated for 'BlueprintGraph' in 0.0024 seconds. Added 111 classes and 0 folders.
[2017.03.02-22.58.52:118][328]LogSkeletalMesh: InitArticulated: Bodies already created (/Engine/Transient.DebugSkelMeshComponent_1) - call TermArticulated first.
[2017.03.02-22.58.53:161][329]LogRenderer: Reallocating scene render targets to support 856x428 NumSamples 1 (Frame:229).
[2017.03.02-22.59.05:584][504]LogTexture:Display: Building textures: Tile_texture_001 (AutoDXT)
[2017.03.02-22.59.07:361][504]LogMaterial: Missing cached shader map for material 09_-_Default, compiling. 
[2017.03.02-22.59.07:402][504]LogStaticMesh: Building static mesh Close_Corner...
[2017.03.02-22.59.07:406][504]LogStaticMesh: Built static mesh [0.00s] /Game/Tiles/Close_Corner.Close_Corner
[2017.03.02-22.59.07:408][504]LogStaticMesh: Building static mesh Open_Corner_Three...
[2017.03.02-22.59.07:421][504]LogStaticMesh: Built static mesh [0.01s] /Game/Tiles/Open_Corner_Three.Open_Corner_Three
[2017.03.02-22.59.07:422][504]LogStaticMesh: Building static mesh Open_Corner_Out...
[2017.03.02-22.59.07:428][504]LogStaticMesh: Built static mesh [0.01s] /Game/Tiles/Open_Corner_Out.Open_Corner_Out
[2017.03.02-22.59.07:429][504]LogStaticMesh: Building static mesh Open_Straight_Corner_001...
[2017.03.02-22.59.07:437][504]LogStaticMesh: Built static mesh [0.01s] /Game/Tiles/Open_Straight_Corner_001.Open_Straight_Corner_001
[2017.03.02-22.59.07:438][504]LogStaticMesh: Building static mesh Open_Straight_Corner_002...
[2017.03.02-22.59.07:446][504]LogStaticMesh: Built static mesh [0.01s] /Game/Tiles/Open_Straight_Corner_002.Open_Straight_Corner_002
[2017.03.02-22.59.07:447][504]LogStaticMesh: Building static mesh Open_Straight...
[2017.03.02-22.59.07:450][504]LogStaticMesh: Built static mesh [0.00s] /Game/Tiles/Open_Straight.Open_Straight
[2017.03.02-22.59.07:452][504]LogStaticMesh: Building static mesh Wet_Mud...
[2017.03.02-22.59.07:469][504]LogStaticMesh: Built static mesh [0.02s] /Game/Tiles/Wet_Mud.Wet_Mud
[2017.03.02-22.59.07:470][504]LogStaticMesh: Building static mesh Open_T_Junction...
[2017.03.02-22.59.07:479][504]LogStaticMesh: Built static mesh [0.01s] /Game/Tiles/Open_T_Junction.Open_T_Junction
[2017.03.02-22.59.07:485][504]LogMaterial: Missing cached shader map for material 03_-_Default, compiling. 
[2017.03.02-22.59.07:526][504]LogStaticMesh: Building static mesh Cross_Roads...
[2017.03.02-22.59.07:542][504]LogStaticMesh: Built static mesh [0.02s] /Game/Tiles/Cross_Roads.Cross_Roads
[2017.03.02-22.59.07:544][504]LogStaticMesh: Building static mesh Close_T_Junction...
[2017.03.02-22.59.07:554][504]LogStaticMesh: Built static mesh [0.01s] /Game/Tiles/Close_T_Junction.Close_T_Junction
[2017.03.02-22.59.07:558][504]LogStaticMesh: Building static mesh Open_Corner_Opposite...
[2017.03.02-22.59.07:568][504]LogStaticMesh: Built static mesh [0.01s] /Game/Tiles/Open_Corner_Opposite.Open_Corner_Opposite
[2017.03.02-22.59.07:569][504]LogStaticMesh: Building static mesh Open_Corner_In...
[2017.03.02-22.59.07:576][504]LogStaticMesh: Built static mesh [0.01s] /Game/Tiles/Open_Corner_In.Open_Corner_In
[2017.03.02-22.59.07:577][504]LogStaticMesh: Building static mesh Close_Straight...
[2017.03.02-22.59.07:582][504]LogStaticMesh: Built static mesh [0.01s] /Game/Tiles/Close_Straight.Close_Straight
[2017.03.02-22.59.07:584][504]LogStaticMesh: Building static mesh Close_Dead_End...
[2017.03.02-22.59.07:591][504]LogStaticMesh: Built static mesh [0.01s] /Game/Tiles/Close_Dead_End.Close_Dead_End
[2017.03.02-22.59.07:599][504]LogStaticMesh: Building static mesh Rose_Thorns_Left...
[2017.03.02-22.59.07:824][504]LogStaticMesh: Built static mesh [0.23s] /Game/Models/Rose_Thorns_Left.Rose_Thorns_Left
[2017.03.02-22.59.07:863][504]LogTexture:Display: Building textures: HQ_Lightmap0_1 (AutoDXT)
[2017.03.02-22.59.08:351][504]LogTexture:Display: Building textures: LQ_Lightmap_0_1 (DXT1)
[2017.03.02-22.59.08:706][504]LogTexture:Display: Building textures: ShadowMapTexture2D_0 (BGRA8)
[2017.03.02-22.59.08:789][504]LogAIModule: Creating AISystem for world Assignment_2A_Game_Build
[2017.03.02-22.59.08:902][504]LightingResults: New page: Lighting Build
[2017.03.02-22.59.08:982][504]LogContentBrowser: Native class hierarchy updated for 'StatsViewer' in 0.0014 seconds. Added 5 classes and 0 folders.
[2017.03.02-22.59.08:983][504]LoadErrors: New page: Loading map: Assignment_2A_Game_Build.umap
[2017.03.02-22.59.08:983][504]MapCheck: New page: Map Check
[2017.03.02-22.59.08:983][504]LightingResults: New page: Lighting Build
[2017.03.02-22.59.09:071][504]LogEditorServer: Finished looking for orphan Actors (0.000 secs)
[2017.03.02-22.59.09:176][504]Cmd: MAP CHECKDEP NOCLEARLOG
[2017.03.02-22.59.09:300][504]MapCheck: Info Map check complete: 0 Error(s), 0 Warning(s), took 124ms to complete.
[2017.03.02-22.59.09:301][504]LogFileHelpers: Loading map 'Assignment_2A_Game_Build' took 0.401
[2017.03.02-22.59.12:433][564]LogTemp: Repeting last play command: Selected Viewport
[2017.03.02-22.59.12:507][564]LogBlueprintUserMessages: Early PlayInEditor Detection: Level '/Game/ThirdPersonBP/Maps/Assignment_2A_Game_Build.Assignment_2A_Game_Build:PersistentLevel' has LevelScriptBlueprint '/Game/ThirdPersonBP/Maps/Assignment_2A_Game_Build.Assignment_2A_Game_Build:PersistentLevel.Assignment_2A_Game_Build' with GeneratedClass '/Game/ThirdPersonBP/Maps/Assignment_2A_Game_Build.Assignment_2A_Game_Build_C' with ClassGeneratedBy '/Game/ThirdPersonBP/Maps/Assignment_2A_Game_Build.Assignment_2A_Game_Build:PersistentLevel.Assignment_2A_Game_Build'
[2017.03.02-22.59.12:508][564]LogPlayLevel: PlayLevel: No blueprints needed recompiling
[2017.03.02-22.59.12:508][564]PIE: New page: PIE session: Assignment_2A_Game_Build (2 Mar 2017 22:59:12)
[2017.03.02-22.59.12:509][564]LogPlayLevel: Creating play world package: /Game/ThirdPersonBP/Maps/UEDPIE_0_Assignment_2A_Game_Build
[2017.03.02-22.59.12:521][564]LogPlayLevel: PIE: StaticDuplicateObject took: (0.011749s)
[2017.03.02-22.59.12:521][564]LogAIModule: Creating AISystem for world Assignment_2A_Game_Build
[2017.03.02-22.59.12:522][564]LogPlayLevel: PIE: World Init took: (0.000929s)
[2017.03.02-22.59.12:522][564]LogPlayLevel: PIE: Created PIE world by copying editor world from /Game/ThirdPersonBP/Maps/Assignment_2A_Game_Build.Assignment_2A_Game_Build to /Game/ThirdPersonBP/Maps/UEDPIE_0_Assignment_2A_Game_Build.Assignment_2A_Game_Build (0.013391s)
[2017.03.02-22.59.12:581][564]LogInit: XAudio2 using 'Speakers/Headphones (Realtek High Definition Audio)' : 2 channels at 48 kHz using 32 bits per sample (channel mask 0x3)
[2017.03.02-22.59.12:596][564]LogInit: FAudioDevice initialized.
[2017.03.02-22.59.12:666][564]LogLoad: Game class is 'ThirdPersonGameMode_C'
[2017.03.02-22.59.12:674][564]LogWorld: Bringing World /Game/ThirdPersonBP/Maps/UEDPIE_0_Assignment_2A_Game_Build.Assignment_2A_Game_Build up for play (max tick rate 0) at 2017.03.02-22.59.12
[2017.03.02-22.59.12:675][564]LogWorld: Bringing up level for play took: 0.008143
[2017.03.02-22.59.12:768][564]LogContentBrowser: Native class hierarchy updated for 'MovieSceneCapture' in 0.0018 seconds. Added 11 classes and 0 folders.
[2017.03.02-22.59.12:775][564]PIE: Info Play in editor start time for /Game/ThirdPersonBP/Maps/UEDPIE_0_Assignment_2A_Game_Build 0.684
[2017.03.02-22.59.12:775][564]LogBlueprintUserMessages: Late PlayInEditor Detection: Level '/Game/ThirdPersonBP/Maps/Assignment_2A_Game_Build.Assignment_2A_Game_Build:PersistentLevel' has LevelScriptBlueprint '/Game/ThirdPersonBP/Maps/Assignment_2A_Game_Build.Assignment_2A_Game_Build:PersistentLevel.Assignment_2A_Game_Build' with GeneratedClass '/Game/ThirdPersonBP/Maps/Assignment_2A_Game_Build.Assignment_2A_Game_Build_C' with ClassGeneratedBy '/Game/ThirdPersonBP/Maps/Assignment_2A_Game_Build.Assignment_2A_Game_Build:PersistentLevel.Assignment_2A_Game_Build'
[2017.03.02-22.59.50:304][668]LogSkeletalMesh: UPhysicsAssetInstance::InitInstance : Could not find root physics body: CharacterMesh0
[2017.03.02-23.00.04:823][112]LogBlueprintUserMessages: Early EndPlayMap Detection: Level '/Game/ThirdPersonBP/Maps/Assignment_2A_Game_Build.Assignment_2A_Game_Build:PersistentLevel' has LevelScriptBlueprint '/Game/ThirdPersonBP/Maps/Assignment_2A_Game_Build.Assignment_2A_Game_Build:PersistentLevel.Assignment_2A_Game_Build' with GeneratedClass '/Game/ThirdPersonBP/Maps/Assignment_2A_Game_Build.Assignment_2A_Game_Build_C' with ClassGeneratedBy '/Game/ThirdPersonBP/Maps/Assignment_2A_Game_Build.Assignment_2A_Game_Build:PersistentLevel.Assignment_2A_Game_Build'
[2017.03.02-23.00.04:910][112]LogBlueprintUserMessages: Late EndPlayMap Detection: Level '/Game/ThirdPersonBP/Maps/Assignment_2A_Game_Build.Assignment_2A_Game_Build:PersistentLevel' has LevelScriptBlueprint '/Game/ThirdPersonBP/Maps/Assignment_2A_Game_Build.Assignment_2A_Game_Build:PersistentLevel.Assignment_2A_Game_Build' with GeneratedClass '/Game/ThirdPersonBP/Maps/Assignment_2A_Game_Build.Assignment_2A_Game_Build_C' with ClassGeneratedBy '/Game/ThirdPersonBP/Maps/Assignment_2A_Game_Build.Assignment_2A_Game_Build:PersistentLevel.Assignment_2A_Game_Build'
[2017.03.02-23.05.11:760][448]LogSavePackage: Save=524.36ms
[2017.03.02-23.05.11:760][448]LogSavePackage: Moving 'H:/studies/UOS games uni/Level 5 Year 2/Semeseter 2/Steve Digital Scripting/Assignement_2_Part_A/Saved/Rose_Thorns6DBECE14407E0F9BD1BEBBAE095EDC88.tmp' to 'H:/studies/UOS games uni/Level 5 Year 2/Semeseter 2/Steve Digital Scripting/Assignement_2_Part_A/Content/Blueprints/Rose_Thorns.uasset'
[2017.03.02-23.05.11:822][448]LogSavePackage:Display: Finished SavePackage H:/studies/UOS games uni/Level 5 Year 2/Semeseter 2/Steve Digital Scripting/Assignement_2_Part_A/Content/Blueprints/Rose_Thorns.uasset
[2017.03.02-23.05.13:407][497]BlueprintLog: New page: Compile Rose_Thorns
[2017.03.02-23.05.20:767][669]LogRenderer: Reallocating scene render targets to support 856x440 NumSamples 1 (Frame:10102).
[2017.03.02-23.07.05:574][233]Cmd: OBJ SAVEPACKAGE PACKAGE="/Game/HUDS/In_Game_HUD" FILE="H:/studies/UOS games uni/Level 5 Year 2/Semeseter 2/Steve Digital Scripting/Assignement_2_Part_A/Content/HUDS/In_Game_HUD.uasset" SILENT=true
[2017.03.02-23.07.07:441][233]LogSavePackage: Save=1734.96ms
[2017.03.02-23.07.07:441][233]LogSavePackage: Moving 'H:/studies/UOS games uni/Level 5 Year 2/Semeseter 2/Steve Digital Scripting/Assignement_2_Part_A/Saved/In_Game_HUDF0921CC245872A36C834929D302794B2.tmp' to 'H:/studies/UOS games uni/Level 5 Year 2/Semeseter 2/Steve Digital Scripting/Assignement_2_Part_A/Content/HUDS/In_Game_HUD.uasset'
[2017.03.02-23.07.07:503][233]LogSavePackage:Display: Finished SavePackage H:/studies/UOS games uni/Level 5 Year 2/Semeseter 2/Steve Digital Scripting/Assignement_2_Part_A/Content/HUDS/In_Game_HUD.uasset
[2017.03.02-23.07.50:720][308]Cmd: OBJ SAVEPACKAGE PACKAGE="/Game/HUDS/In_Game_HUD" FILE="H:/studies/UOS games uni/Level 5 Year 2/Semeseter 2/Steve Digital Scripting/Assignement_2_Part_A/Content/HUDS/In_Game_HUD.uasset" SILENT=true
[2017.03.02-23.07.52:728][308]LogSavePackage: Save=1893.68ms
[2017.03.02-23.07.52:728][308]LogSavePackage: Moving 'H:/studies/UOS games uni/Level 5 Year 2/Semeseter 2/Steve Digital Scripting/Assignement_2_Part_A/Saved/In_Game_HUDBE9AC32A4D283DF920A963B022D88482.tmp' to 'H:/studies/UOS games uni/Level 5 Year 2/Semeseter 2/Steve Digital Scripting/Assignement_2_Part_A/Content/HUDS/In_Game_HUD.uasset'
[2017.03.02-23.07.53:068][308]LogSavePackage:Display: Finished SavePackage H:/studies/UOS games uni/Level 5 Year 2/Semeseter 2/Steve Digital Scripting/Assignement_2_Part_A/Content/HUDS/In_Game_HUD.uasset
[2017.03.02-23.08.19:914][998]LogTemp: Repeting last play command: Selected Viewport
[2017.03.02-23.08.19:996][998]LogBlueprintUserMessages: Early PlayInEditor Detection: Level '/Game/ThirdPersonBP/Maps/Assignment_2A_Game_Build.Assignment_2A_Game_Build:PersistentLevel' has LevelScriptBlueprint '/Game/ThirdPersonBP/Maps/Assignment_2A_Game_Build.Assignment_2A_Game_Build:PersistentLevel.Assignment_2A_Game_Build' with GeneratedClass '/Game/ThirdPersonBP/Maps/Assignment_2A_Game_Build.Assignment_2A_Game_Build_C' with ClassGeneratedBy '/Game/ThirdPersonBP/Maps/Assignment_2A_Game_Build.Assignment_2A_Game_Build:PersistentLevel.Assignment_2A_Game_Build'
[2017.03.02-23.08.19:996][998]BlueprintLog: New page: Pre-Play auto-recompile
[2017.03.02-23.08.19:996][998]LogPlayLevel: [PlayLevel] Compiling In_Game_HUD before play...
[2017.03.02-23.08.20:150][998]LogPlayLevel: PlayLevel: Blueprint regeneration took 154 ms (1 blueprints)
[2017.03.02-23.08.20:151][998]PIE: New page: PIE session: Assignment_2A_Game_Build (2 Mar 2017 23:08:20)
[2017.03.02-23.08.20:151][998]LogPlayLevel: Creating play world package: /Game/ThirdPersonBP/Maps/UEDPIE_0_Assignment_2A_Game_Build
[2017.03.02-23.08.20:157][998]LogPlayLevel: PIE: StaticDuplicateObject took: (0.005760s)
[2017.03.02-23.08.20:157][998]LogAIModule: Creating AISystem for world Assignment_2A_Game_Build
[2017.03.02-23.08.20:157][998]LogPlayLevel: PIE: World Init took: (0.000741s)
[2017.03.02-23.08.20:157][998]LogPlayLevel: PIE: Created PIE world by copying editor world from /Game/ThirdPersonBP/Maps/Assignment_2A_Game_Build.Assignment_2A_Game_Build to /Game/ThirdPersonBP/Maps/UEDPIE_0_Assignment_2A_Game_Build.Assignment_2A_Game_Build (0.006740s)
[2017.03.02-23.08.20:191][998]LogInit: XAudio2 using 'Speakers/Headphones (Realtek High Definition Audio)' : 2 channels at 48 kHz using 32 bits per sample (channel mask 0x3)
[2017.03.02-23.08.20:201][998]LogInit: FAudioDevice initialized.
[2017.03.02-23.08.20:234][998]LogLoad: Game class is 'ThirdPersonGameMode_C'
[2017.03.02-23.08.20:239][998]LogWorld: Bringing World /Game/ThirdPersonBP/Maps/UEDPIE_0_Assignment_2A_Game_Build.Assignment_2A_Game_Build up for play (max tick rate 0) at 2017.03.02-23.08.20
[2017.03.02-23.08.20:240][998]LogWorld: Bringing up level for play took: 0.005792
[2017.03.02-23.08.20:242][998]PIE: Info Play in editor start time for /Game/ThirdPersonBP/Maps/UEDPIE_0_Assignment_2A_Game_Build 0.151
[2017.03.02-23.08.20:242][998]LogBlueprintUserMessages: Late PlayInEditor Detection: Level '/Game/ThirdPersonBP/Maps/Assignment_2A_Game_Build.Assignment_2A_Game_Build:PersistentLevel' has LevelScriptBlueprint '/Game/ThirdPersonBP/Maps/Assignment_2A_Game_Build.Assignment_2A_Game_Build:PersistentLevel.Assignment_2A_Game_Build' with GeneratedClass '/Game/ThirdPersonBP/Maps/Assignment_2A_Game_Build.Assignment_2A_Game_Build_C' with ClassGeneratedBy '/Game/ThirdPersonBP/Maps/Assignment_2A_Game_Build.Assignment_2A_Game_Build:PersistentLevel.Assignment_2A_Game_Build'
[2017.03.02-23.08.36:804][500]LogBlueprintUserMessages: Early EndPlayMap Detection: Level '/Game/ThirdPersonBP/Maps/Assignment_2A_Game_Build.Assignment_2A_Game_Build:PersistentLevel' has LevelScriptBlueprint '/Game/ThirdPersonBP/Maps/Assignment_2A_Game_Build.Assignment_2A_Game_Build:PersistentLevel.Assignment_2A_Game_Build' with GeneratedClass '/Game/ThirdPersonBP/Maps/Assignment_2A_Game_Build.Assignment_2A_Game_Build_C' with ClassGeneratedBy '/Game/ThirdPersonBP/Maps/Assignment_2A_Game_Build.Assignment_2A_Game_Build:PersistentLevel.Assignment_2A_Game_Build'
[2017.03.02-23.08.36:883][500]LogBlueprintUserMessages: Late EndPlayMap Detection: Level '/Game/ThirdPersonBP/Maps/Assignment_2A_Game_Build.Assignment_2A_Game_Build:PersistentLevel' has LevelScriptBlueprint '/Game/ThirdPersonBP/Maps/Assignment_2A_Game_Build.Assignment_2A_Game_Build:PersistentLevel.Assignment_2A_Game_Build' with GeneratedClass '/Game/ThirdPersonBP/Maps/Assignment_2A_Game_Build.Assignment_2A_Game_Build_C' with ClassGeneratedBy '/Game/ThirdPersonBP/Maps/Assignment_2A_Game_Build.Assignment_2A_Game_Build:PersistentLevel.Assignment_2A_Game_Build'
[2017.03.02-23.08.43:756][571]LogSavePackage: Save=2960.99ms
[2017.03.02-23.08.43:756][571]LogSavePackage: Moving 'H:/studies/UOS games uni/Level 5 Year 2/Semeseter 2/Steve Digital Scripting/Assignement_2_Part_A/Saved/ThirdPersonCharacter02409CB1443C632BDFDAA28A441A71F1.tmp' to 'H:/studies/UOS games uni/Level 5 Year 2/Semeseter 2/Steve Digital Scripting/Assignement_2_Part_A/Content/ThirdPersonBP/Blueprints/ThirdPersonCharacter.uasset'
[2017.03.02-23.08.43:822][571]LogSavePackage:Display: Finished SavePackage H:/studies/UOS games uni/Level 5 Year 2/Semeseter 2/Steve Digital Scripting/Assignement_2_Part_A/Content/ThirdPersonBP/Blueprints/ThirdPersonCharacter.uasset
[2017.03.02-23.08.51:306][571]LogSavePackage: Save=7150.45ms
[2017.03.02-23.08.51:306][571]LogSavePackage: Moving 'H:/studies/UOS games uni/Level 5 Year 2/Semeseter 2/Steve Digital Scripting/Assignement_2_Part_A/Saved/Assignment_2A_Game_Build32409EC74801E395FB33748AE1FBB50C.tmp' to 'H:/studies/UOS games uni/Level 5 Year 2/Semeseter 2/Steve Digital Scripting/Assignement_2_Part_A/Content/ThirdPersonBP/Maps/Assignment_2A_Game_Build.umap'
[2017.03.02-23.08.51:353][571]LogSavePackage:Display: Finished SavePackage H:/studies/UOS games uni/Level 5 Year 2/Semeseter 2/Steve Digital Scripting/Assignement_2_Part_A/Content/ThirdPersonBP/Maps/Assignment_2A_Game_Build.umap
[2017.03.02-23.08.51:461][571]LogFileHelpers: Saving map 'Assignment_2A_Game_Build' took 7.627
[2017.03.02-23.08.51:683][571]LogWindowsTextInputMethodSystem:Display: IME system now deactivated.
[2017.03.02-23.08.51:971][572]Cmd: QUIT_EDITOR
[2017.03.02-23.08.52:444][572]LogExit: Preparing to exit.
[2017.03.02-23.08.53:453][572]LogExit: Editor shut down
[2017.03.02-23.08.53:453][572]LogExit: Transaction tracking system shut down
[2017.03.02-23.08.53:555][572]LogObj: Freed 0b from 0 cluster array pools.
[2017.03.02-23.08.53:555][572]LogExit: Object subsystem successfully closed.
[2017.03.02-23.08.53:583][572]LogD3D11RHI: Shutdown
[2017.03.02-23.08.53:583][572]LogD3D11RHI: CleanupD3DDevice
[2017.03.02-23.08.53:798][572]LogD3D11RHI: ~FD3D11DynamicRHI
[2017.03.02-23.08.53:816][572]LogHttp:Display: Http module shutting down, but needs to wait on 1 outstanding Http requests:
[2017.03.02-23.08.53:816][572]LogHttp:Display: 	verb=[POST] url=[https://datarouter.ol.epicgames.com/datarouter/api/v1/public/data?SessionID=%7B2A484C3A-4B69-42A9-D7E5-8F85F3023F72%7D&AppID=UEEditor.Rocket.Release&AppVersion=4.14.3-3249277%2B%2B%2BUE4%2BRelease-4.14&UserID=b544e6c24168383700ce389c97cb20e0%7C08957ea931864701ba2171b9adc4675f%7C7269dc22-4e15-4874-8d58-df8bedec5b5d&AppEnvironment=datacollector-binary&UploadType=eteventstream] status=Processing
[2017.03.02-23.08.53:816][572]LogHttp:Display: Sleeping 0.5s to wait for 1 outstanding Http requests.
[2017.03.02-23.08.54:317][572]LogHttp:Display: Sleeping 0.5s to wait for 1 outstanding Http requests.
[2017.03.02-23.08.54:818][572]LogHttp:Display: Sleeping 0.5s to wait for 1 outstanding Http requests.
[2017.03.02-23.08.55:319][572]LogHttp:Display: Sleeping 0.5s to wait for 1 outstanding Http requests.
[2017.03.02-23.08.55:820][572]LogHttp:Display: Sleeping 0.5s to wait for 1 outstanding Http requests.
[2017.03.02-23.08.56:320][572]LogHttp:Display: Sleeping 0.5s to wait for 1 outstanding Http requests.
[2017.03.02-23.08.56:821][572]LogHttp:Display: Sleeping 0.5s to wait for 1 outstanding Http requests.
[2017.03.02-23.08.57:321][572]LogHttp:Display: Sleeping 0.5s to wait for 1 outstanding Http requests.
[2017.03.02-23.08.57:822][572]LogHttp:Display: Sleeping 0.5s to wait for 1 outstanding Http requests.
[2017.03.02-23.08.58:323][572]LogHttp:Display: Sleeping 0.5s to wait for 1 outstanding Http requests.
[2017.03.02-23.08.58:824][572]LogHttp:Display: Sleeping 0.5s to wait for 1 outstanding Http requests.
[2017.03.02-23.08.59:325][572]LogHttp:Display: Sleeping 0.5s to wait for 1 outstanding Http requests.
[2017.03.02-23.08.59:825][572]LogHttp:Display: Sleeping 0.5s to wait for 1 outstanding Http requests.
[2017.03.02-23.09.00:326][572]LogHttp:Display: Sleeping 0.5s to wait for 1 outstanding Http requests.
[2017.03.02-23.09.00:826][572]LogHttp:Display: Sleeping 0.5s to wait for 1 outstanding Http requests.
[2017.03.02-23.09.01:327][572]LogHttp:Display: Sleeping 0.5s to wait for 1 outstanding Http requests.
[2017.03.02-23.09.01:827][572]LogHttp:Display: Sleeping 0.5s to wait for 1 outstanding Http requests.
[2017.03.02-23.09.02:328][572]LogHttp:Display: Sleeping 0.5s to wait for 1 outstanding Http requests.
[2017.03.02-23.09.02:828][572]LogHttp:Display: Sleeping 0.5s to wait for 1 outstanding Http requests.
[2017.03.02-23.09.03:329][572]LogHttp:Display: Sleeping 0.5s to wait for 1 outstanding Http requests.
[2017.03.02-23.09.03:829][572]LogHttp:Display: Sleeping 0.5s to wait for 1 outstanding Http requests.
[2017.03.02-23.09.04:329][572]LogHttp:Display: Sleeping 0.5s to wait for 1 outstanding Http requests.
[2017.03.02-23.09.04:830][572]LogHttp:Display: Sleeping 0.5s to wait for 1 outstanding Http requests.
[2017.03.02-23.09.05:330][572]LogHttp:Display: Sleeping 0.5s to wait for 1 outstanding Http requests.
[2017.03.02-23.09.05:830][572]LogHttp:Display: Sleeping 0.5s to wait for 1 outstanding Http requests.
[2017.03.02-23.09.06:331][572]LogHttp:Display: Sleeping 0.5s to wait for 1 outstanding Http requests.
[2017.03.02-23.09.06:831][572]LogHttp:Display: Sleeping 0.5s to wait for 1 outstanding Http requests.
[2017.03.02-23.09.07:331][572]LogHttp:Display: Sleeping 0.5s to wait for 1 outstanding Http requests.
[2017.03.02-23.09.07:832][572]LogHttp:Display: Sleeping 0.5s to wait for 1 outstanding Http requests.
[2017.03.02-23.09.08:332][572]LogHttp:Display: Sleeping 0.5s to wait for 1 outstanding Http requests.
[2017.03.02-23.09.08:833][572]LogHttp:Display: Sleeping 0.5s to wait for 1 outstanding Http requests.
[2017.03.02-23.09.09:334][572]LogHttp:Display: Sleeping 0.5s to wait for 1 outstanding Http requests.
[2017.03.02-23.09.09:834][572]LogHttp:Display: Sleeping 0.5s to wait for 1 outstanding Http requests.
[2017.03.02-23.09.10:365][572]LogModuleManager: Shutting down and abandoning module SequencerWidgets (247)
[2017.03.02-23.09.10:365][572]LogModuleManager: Shutting down and abandoning module MovieSceneCapture (246)
[2017.03.02-23.09.10:366][572]LogModuleManager: Shutting down and abandoning module StatsViewer (245)
[2017.03.02-23.09.10:366][572]LogModuleManager: Shutting down and abandoning module SkeletalMeshEditor (244)
[2017.03.02-23.09.10:366][572]LogModuleManager: Shutting down and abandoning module BlueprintGraph (243)
[2017.03.02-23.09.10:366][572]LogModuleManager: Shutting down and abandoning module BlueprintProfiler (242)
[2017.03.02-23.09.10:368][572]LogModuleManager: Shutting down and abandoning module SkeletonEditor (241)
[2017.03.02-23.09.10:368][572]LogModuleManager: Shutting down and abandoning module HierarchicalLODOutliner (240)
[2017.03.02-23.09.10:368][572]LogModuleManager: Shutting down and abandoning module CrashTracker (239)
[2017.03.02-23.09.10:369][572]LogModuleManager: Shutting down and abandoning module SceneOutliner (238)
[2017.03.02-23.09.10:369][572]LogModuleManager: Shutting down and abandoning module WidgetCarousel (237)
[2017.03.02-23.09.10:369][572]LogModuleManager: Shutting down and abandoning module AddContentDialog (236)
[2017.03.02-23.09.10:369][572]LogDirectoryWatcher: A directory notification for 'C:/Program Files/Epic Games/UE_4.14/FeaturePacks/' was aborted.
[2017.03.02-23.09.10:371][572]LogModuleManager: Shutting down and abandoning module GameplayTags (235)
[2017.03.02-23.09.10:371][572]LogModuleManager: Shutting down and abandoning module EditorWidgets (234)
[2017.03.02-23.09.10:371][572]LogModuleManager: Shutting down and abandoning module CollectionManager (233)
[2017.03.02-23.09.10:372][572]LogDirectoryWatcher: A directory notification for 'H:/studies/UOS games uni/Level 5 Year 2/Semeseter 2/Steve Digital Scripting/Assignement_2_Part_A/Content/Collections/' was aborted.
[2017.03.02-23.09.10:372][572]LogDirectoryWatcher: A directory notification for 'H:/studies/UOS games uni/Level 5 Year 2/Semeseter 2/Steve Digital Scripting/Assignement_2_Part_A/Content/Developers/Tom/Collections/' was aborted.
[2017.03.02-23.09.10:372][572]LogDirectoryWatcher: A directory notification for 'H:/studies/UOS games uni/Level 5 Year 2/Semeseter 2/Steve Digital Scripting/Assignement_2_Part_A/Saved/Collections/' was aborted.
[2017.03.02-23.09.10:373][572]LogModuleManager: Shutting down and abandoning module FoliageEdit (232)
[2017.03.02-23.09.10:373][572]LogModuleManager: Shutting down and abandoning module LandscapeEditor (231)
[2017.03.02-23.09.10:373][572]LogModuleManager: Shutting down and abandoning module SceneDepthPickerMode (230)
[2017.03.02-23.09.10:373][572]LogModuleManager: Shutting down and abandoning module ActorPickerMode (229)
[2017.03.02-23.09.10:373][572]LogModuleManager: Shutting down and abandoning module GeometryMode (228)
[2017.03.02-23.09.10:373][572]LogModuleManager: Shutting down and abandoning module TextureAlignMode (227)
[2017.03.02-23.09.10:373][572]LogModuleManager: Shutting down and abandoning module BspMode (226)
[2017.03.02-23.09.10:373][572]LogModuleManager: Shutting down and abandoning module HardwareSurvey (225)
[2017.03.02-23.09.10:373][572]LogModuleManager: Shutting down and abandoning module SequenceRecorderSections (224)
[2017.03.02-23.09.10:373][572]LogModuleManager: Shutting down and abandoning module AutomationWorker (223)
[2017.03.02-23.09.10:373][572]LogModuleManager: Shutting down and abandoning module MatineeToLevelSequence (222)
[2017.03.02-23.09.10:373][572]LogModuleManager: Shutting down and abandoning module PlacementMode (221)
[2017.03.02-23.09.10:373][572]LogModuleManager: Shutting down and abandoning module LevelSequenceEditor (220)
[2017.03.02-23.09.10:373][572]LogModuleManager: Shutting down and abandoning module WmfMediaFactory (219)
[2017.03.02-23.09.10:373][572]LogModuleManager: Shutting down and abandoning module WmfMediaEditor (218)
[2017.03.02-23.09.10:373][572]LogModuleManager: Shutting down and abandoning module AvfMediaFactory (217)
[2017.03.02-23.09.10:373][572]LogModuleManager: Shutting down and abandoning module AvfMediaEditor (216)
[2017.03.02-23.09.10:373][572]LogModuleManager: Shutting down and abandoning module Media (215)
[2017.03.02-23.09.10:373][572]LogModuleManager: Shutting down and abandoning module AndroidMediaFactory (214)
[2017.03.02-23.09.10:373][572]LogModuleManager: Shutting down and abandoning module AndroidMediaEditor (213)
[2017.03.02-23.09.10:373][572]LogModuleManager: Shutting down and abandoning module CharacterAI (212)
[2017.03.02-23.09.10:373][572]LogModuleManager: Shutting down and abandoning module SequenceRecorder (211)
[2017.03.02-23.09.10:373][572]LogModuleManager: Shutting down and abandoning module AudioCapture (210)
[2017.03.02-23.09.10:373][572]LogModuleManager: Shutting down and abandoning module SmartSnapping (209)
[2017.03.02-23.09.10:373][572]LogModuleManager: Shutting down and abandoning module SessionServices (208)
[2017.03.02-23.09.10:373][572]LogModuleManager: Shutting down and abandoning module ViewportSnapping (207)
[2017.03.02-23.09.10:373][572]LogModuleManager: Shutting down and abandoning module ViewportInteraction (206)
[2017.03.02-23.09.10:373][572]LogModuleManager: Shutting down and abandoning module LogVisualizer (205)
[2017.03.02-23.09.10:373][572]LogModuleManager: Shutting down and abandoning module GameProjectGeneration (204)
[2017.03.02-23.09.10:373][572]LogModuleManager: Shutting down and abandoning module IntroTutorials (203)
[2017.03.02-23.09.10:373][572]LogModuleManager: Shutting down and abandoning module EditorLiveStreaming (202)
[2017.03.02-23.09.10:373][572]LogModuleManager: Shutting down and abandoning module IOSPlatformEditor (201)
[2017.03.02-23.09.10:373][572]LogModuleManager: Shutting down and abandoning module HTML5PlatformEditor (200)
[2017.03.02-23.09.10:373][572]LogModuleManager: Shutting down and abandoning module AndroidDeviceDetection (199)
[2017.03.02-23.09.10:652][572]LogModuleManager: Shutting down and abandoning module AndroidPlatformEditor (198)
[2017.03.02-23.09.10:653][572]LogModuleManager: Shutting down and abandoning module IOSRuntimeSettings (197)
[2017.03.02-23.09.10:653][572]LogModuleManager: Shutting down and abandoning module AndroidRuntimeSettings (196)
[2017.03.02-23.09.10:653][572]LogModuleManager: Shutting down and abandoning module InputBindingEditor (195)
[2017.03.02-23.09.10:653][572]LogModuleManager: Shutting down and abandoning module NiagaraEditor (194)
[2017.03.02-23.09.10:653][572]LogModuleManager: Shutting down and abandoning module MergeActors (193)
[2017.03.02-23.09.10:653][572]LogModuleManager: Shutting down and abandoning module SizeMap (192)
[2017.03.02-23.09.10:653][572]LogModuleManager: Shutting down and abandoning module TreeMap (191)
[2017.03.02-23.09.10:653][572]LogModuleManager: Shutting down and abandoning module ReferenceViewer (190)
[2017.03.02-23.09.10:653][572]LogModuleManager: Shutting down and abandoning module LocalizationService (189)
[2017.03.02-23.09.10:653][572]LogModuleManager: Shutting down and abandoning module LocalizationDashboard (188)
[2017.03.02-23.09.10:653][572]LogModuleManager: Shutting down and abandoning module HardwareTargeting (187)
[2017.03.02-23.09.10:653][572]LogModuleManager: Shutting down and abandoning module DeviceProfileEditor (186)
[2017.03.02-23.09.10:653][572]LogModuleManager: Shutting down and abandoning module UndoHistory (185)
[2017.03.02-23.09.10:653][572]LogModuleManager: Shutting down and abandoning module UserFeedback (184)
[2017.03.02-23.09.10:653][572]LogModuleManager: Shutting down and abandoning module XmlParser (183)
[2017.03.02-23.09.10:653][572]LogModuleManager: Shutting down and abandoning module Blutility (182)
[2017.03.02-23.09.10:653][572]LogModuleManager: Shutting down and abandoning module ProjectTargetPlatformEditor (181)
[2017.03.02-23.09.10:654][572]LogModuleManager: Shutting down and abandoning module ProjectSettingsViewer (180)
[2017.03.02-23.09.10:654][572]LogModuleManager: Shutting down and abandoning module EditorSettingsViewer (179)
[2017.03.02-23.09.10:654][572]LogModuleManager: Shutting down and abandoning module SettingsEditor (178)
[2017.03.02-23.09.10:654][572]LogModuleManager: Shutting down and abandoning module ProjectLauncher (177)
[2017.03.02-23.09.10:654][572]LogModuleManager: Shutting down and abandoning module SessionFrontend (176)
[2017.03.02-23.09.10:654][572]LogModuleManager: Shutting down and abandoning module ProfilerClient (175)
[2017.03.02-23.09.10:654][572]LogModuleManager: Shutting down and abandoning module TargetDeviceServices (174)
[2017.03.02-23.09.10:654][572]LogModuleManager: Shutting down and abandoning module DeviceManager (173)
[2017.03.02-23.09.10:697][572]LogModuleManager: Shutting down and abandoning module AutomationController (172)
[2017.03.02-23.09.10:697][572]LogModuleManager: Shutting down and abandoning module AutomationWindow (171)
[2017.03.02-23.09.10:697][572]LogModuleManager: Shutting down and abandoning module Layers (170)
[2017.03.02-23.09.10:697][572]LogModuleManager: Shutting down and abandoning module ComponentVisualizers (169)
[2017.03.02-23.09.10:697][572]LogModuleManager: Shutting down and abandoning module DetailCustomizations (168)
[2017.03.02-23.09.10:697][572]LogModuleManager: Shutting down and abandoning module PackagesDialog (167)
[2017.03.02-23.09.10:697][572]LogModuleManager: Shutting down and abandoning module AnimGraph (166)
[2017.03.02-23.09.10:697][572]LogModuleManager: Shutting down and abandoning module Persona (165)
[2017.03.02-23.09.10:697][572]LogModuleManager: Shutting down and abandoning module Kismet (164)
[2017.03.02-23.09.10:704][572]LogModuleManager: Shutting down and abandoning module GraphEditor (163)
[2017.03.02-23.09.10:704][572]LogModuleManager: Shutting down and abandoning module ClassViewer (162)
[2017.03.02-23.09.10:704][572]LogModuleManager: Shutting down and abandoning module Toolbox (161)
[2017.03.02-23.09.10:704][572]LogModuleManager: Shutting down and abandoning module ModuleUI (160)
[2017.03.02-23.09.10:704][572]LogModuleManager: Shutting down and abandoning module MovieSceneTools (159)
[2017.03.02-23.09.10:704][572]LogModuleManager: Shutting down and abandoning module OutputLog (158)
[2017.03.02-23.09.10:705][572]LogModuleManager: Shutting down and abandoning module GammaUI (157)
[2017.03.02-23.09.10:705][572]LogModuleManager: Shutting down and abandoning module Documentation (156)
[2017.03.02-23.09.10:705][572]LogModuleManager: Shutting down and abandoning module Niagara (155)
[2017.03.02-23.09.10:705][572]LogModuleManager: Shutting down and abandoning module StreamingPauseRendering (154)
[2017.03.02-23.09.10:705][572]LogModuleManager: Shutting down and abandoning module AnalyticsET (153)
[2017.03.02-23.09.10:705][572]LogModuleManager: Shutting down and abandoning module PortalServices (152)
[2017.03.02-23.09.10:705][572]LogModuleManager: Shutting down and abandoning module PortalRpc (151)
[2017.03.02-23.09.10:705][572]LogModuleManager: Shutting down and abandoning module MessagingRpc (150)
[2017.03.02-23.09.10:705][572]LogModuleManager: Shutting down and abandoning module GameplayDebugger (149)
[2017.03.02-23.09.10:705][572]LogModuleManager: Shutting down and abandoning module AITestSuite (148)
[2017.03.02-23.09.10:705][572]LogModuleManager: Shutting down and abandoning module AIModule (147)
[2017.03.02-23.09.10:705][572]LogModuleManager: Shutting down and abandoning module ProfilerService (146)
[2017.03.02-23.09.10:859][572]LogModuleManager: Shutting down and abandoning module TaskGraph (145)
[2017.03.02-23.09.10:859][572]LogModuleManager: Shutting down and abandoning module SlateRemote (144)
[2017.03.02-23.09.10:859][572]LogModuleManager: Shutting down and abandoning module SteamVRController (143)
[2017.03.02-23.09.10:859][572]LogModuleManager: Shutting down and abandoning module SteamVR (142)
[2017.03.02-23.09.10:859][572]LogModuleManager: Shutting down and abandoning module ProceduralMeshComponentEditor (141)
[2017.03.02-23.09.10:859][572]LogModuleManager: Shutting down and abandoning module ProceduralMeshComponent (140)
[2017.03.02-23.09.10:859][572]LogModuleManager: Shutting down and abandoning module OculusLibrary (139)
[2017.03.02-23.09.10:859][572]LogModuleManager: Shutting down and abandoning module OculusInput (138)
[2017.03.02-23.09.10:859][572]LogModuleManager: Shutting down and abandoning module MobilePatchingUtils (137)
[2017.03.02-23.09.10:859][572]LogModuleManager: Shutting down and abandoning module CustomMeshComponent (136)
[2017.03.02-23.09.10:859][572]LogModuleManager: Shutting down and abandoning module CableComponent (135)
[2017.03.02-23.09.10:859][572]LogModuleManager: Shutting down and abandoning module ArchVisCharacter (134)
[2017.03.02-23.09.10:859][572]LogModuleManager: Shutting down and abandoning module MediaPlayerEditor (132)
[2017.03.02-23.09.10:859][572]LogModuleManager: Shutting down and abandoning module HTML5Networking (131)
[2017.03.02-23.09.10:859][572]LogModuleManager: Shutting down and abandoning module GeometryCacheEd (130)
[2017.03.02-23.09.10:859][572]LogModuleManager: Shutting down and abandoning module GeometryCache (129)
[2017.03.02-23.09.10:859][572]LogModuleManager: Shutting down and abandoning module AlembicLibrary (128)
[2017.03.02-23.09.10:859][572]LogModuleManager: Shutting down and abandoning module AlembicImporter (127)
[2017.03.02-23.09.10:859][572]LogModuleManager: Shutting down and abandoning module SuperSearch (126)
[2017.03.02-23.09.10:859][572]LogModuleManager: Shutting down and abandoning module SuperSearchEditor (125)
[2017.03.02-23.09.10:859][572]LogModuleManager: Shutting down and abandoning module SpeedTreeImporter (124)
[2017.03.02-23.09.10:859][572]LogModuleManager: Shutting down and abandoning module PluginBrowser (123)
[2017.03.02-23.09.10:859][572]LogModuleManager: Shutting down and abandoning module MobileLauncherProfileWizard (122)
[2017.03.02-23.09.10:859][572]LogModuleManager: Shutting down and abandoning module EpicSurvey (121)
[2017.03.02-23.09.10:859][572]LogModuleManager: Shutting down and abandoning module DesktopPlatform (120)
[2017.03.02-23.09.10:859][572]LogModuleManager: Shutting down and abandoning module VisualStudioSourceCodeAccess (119)
[2017.03.02-23.09.10:859][572]LogModuleManager: Shutting down and abandoning module UObjectPlugin (118)
[2017.03.02-23.09.10:859][572]LogModuleManager: Shutting down and abandoning module SubversionSourceControl (117)
[2017.03.02-23.09.10:859][572]LogModuleManager: Shutting down and abandoning module PerforceSourceControl (116)
[2017.03.02-23.09.10:859][572]LogModuleManager: Shutting down and abandoning module SourceControl (115)
[2017.03.02-23.09.10:859][572]LogModuleManager: Shutting down and abandoning module GitSourceControl (114)
[2017.03.02-23.09.10:859][572]LogModuleManager: Shutting down and abandoning module LightPropagationVolumeEditor (113)
[2017.03.02-23.09.10:859][572]LogModuleManager: Shutting down and abandoning module PaperTiledImporter (112)
[2017.03.02-23.09.10:859][572]LogModuleManager: Shutting down and abandoning module PaperSpriteSheetImporter (111)
[2017.03.02-23.09.10:859][572]LogModuleManager: Shutting down and abandoning module MeshPaint (110)
[2017.03.02-23.09.10:859][572]LogModuleManager: Shutting down and abandoning module PixelInspectorModule (109)
[2017.03.02-23.09.10:859][572]LogModuleManager: Shutting down and abandoning module HotReload (108)
[2017.03.02-23.09.10:860][572]LogModuleManager: Shutting down and abandoning module MainFrame (107)
[2017.03.02-23.09.10:860][572]LogModuleManager: Shutting down and abandoning module LevelEditor (106)
[2017.03.02-23.09.10:861][572]LogModuleManager: Shutting down and abandoning module ContentBrowser (105)
[2017.03.02-23.09.10:862][572]LogModuleManager: Shutting down and abandoning module Paper2DEditor (104)
[2017.03.02-23.09.10:862][572]LogModuleManager: Shutting down and abandoning module UdpMessaging (103)
[2017.03.02-23.09.10:963][572]LogModuleManager: Shutting down and abandoning module TcpMessaging (102)
[2017.03.02-23.09.11:064][572]LogModuleManager: Shutting down and abandoning module LightPropagationVolumeRuntime (101)
[2017.03.02-23.09.11:064][572]LogModuleManager: Shutting down and abandoning module Paper2D (100)
[2017.03.02-23.09.11:064][572]LogModuleManager: Shutting down and abandoning module WindowsMoviePlayer (99)
[2017.03.02-23.09.11:064][572]LogModuleManager: Shutting down and abandoning module WmfMedia (98)
[2017.03.02-23.09.11:064][572]LogModuleManager: Shutting down and abandoning module MediaAssets (97)
[2017.03.02-23.09.11:064][572]LogModuleManager: Shutting down and abandoning module GameLiveStreaming (96)
[2017.03.02-23.09.11:064][572]LogModuleManager: Shutting down and abandoning module GameplayTagsEditor (95)
[2017.03.02-23.09.11:064][572]LogModuleManager: Shutting down and abandoning module VREditor (94)
[2017.03.02-23.09.11:064][572]LogModuleManager: Shutting down and abandoning module GameplayTasksEditor (93)
[2017.03.02-23.09.11:064][572]LogModuleManager: Shutting down and abandoning module BehaviorTreeEditor (92)
[2017.03.02-23.09.11:064][572]LogModuleManager: Shutting down and abandoning module FunctionalTesting (91)
[2017.03.02-23.09.11:064][572]LogModuleManager: Shutting down and abandoning module CollisionAnalyzer (90)
[2017.03.02-23.09.11:064][572]LogModuleManager: Shutting down and abandoning module Sequencer (89)
[2017.03.02-23.09.11:064][572]LogModuleManager: Shutting down and abandoning module WorkspaceMenuStructure (88)
[2017.03.02-23.09.11:064][572]LogModuleManager: Shutting down and abandoning module MessageLog (87)
[2017.03.02-23.09.11:064][572]LogModuleManager: Shutting down and abandoning module AssetTools (86)
[2017.03.02-23.09.11:064][572]LogModuleManager: Shutting down and abandoning module UMGEditor (85)
[2017.03.02-23.09.11:064][572]LogModuleManager: Shutting down and abandoning module UMG (84)
[2017.03.02-23.09.11:064][572]LogModuleManager: Shutting down and abandoning module SlateReflector (83)
[2017.03.02-23.09.11:064][572]LogModuleManager: Shutting down and abandoning module Slate (82)
[2017.03.02-23.09.11:064][572]LogModuleManager: Shutting down and abandoning module EditorStyle (81)
[2017.03.02-23.09.11:069][572]LogModuleManager: Shutting down and abandoning module SourceCodeAccess (80)
[2017.03.02-23.09.11:069][572]LogModuleManager: Shutting down and abandoning module HeadMountedDisplay (79)
[2017.03.02-23.09.11:069][572]LogModuleManager: Shutting down and abandoning module XAudio2 (78)
[2017.03.02-23.09.11:069][572]LogModuleManager: Shutting down and abandoning module Networking (76)
[2017.03.02-23.09.11:069][572]LogModuleManager: Shutting down and abandoning module Core (75)
[2017.03.02-23.09.11:069][572]LogModuleManager: Shutting down and abandoning module DirectoryWatcher (74)
[2017.03.02-23.09.11:069][572]LogDirectoryWatcher: A directory notification for '../../../Engine/Content/' was aborted.
[2017.03.02-23.09.11:069][572]LogDirectoryWatcher: A directory notification for 'H:/studies/UOS games uni/Level 5 Year 2/Semeseter 2/Steve Digital Scripting/Assignement_2_Part_A/Content/' was aborted.
[2017.03.02-23.09.11:069][572]LogDirectoryWatcher: A directory notification for '../../../Engine/Plugins/2D/Paper2D/Content/' was aborted.
[2017.03.02-23.09.11:069][572]LogModuleManager: Shutting down and abandoning module AssetRegistry (73)
[2017.03.02-23.09.11:382][572]LogModuleManager: Shutting down and abandoning module KismetCompiler (72)
[2017.03.02-23.09.11:382][572]LogModuleManager: Shutting down and abandoning module PhysXFormats (71)
[2017.03.02-23.09.11:382][572]LogModuleManager: Shutting down and abandoning module SimplygonSwarm (70)
[2017.03.02-23.09.11:382][572]LogModuleManager: Shutting down and abandoning module SimplygonMeshReduction (69)
[2017.03.02-23.09.11:382][572]LogModuleManager: Shutting down and abandoning module QuadricMeshReduction (68)
[2017.03.02-23.09.11:382][572]LogModuleManager: Shutting down and abandoning module PropertyEditor (67)
[2017.03.02-23.09.11:382][572]LogModuleManager: Shutting down and abandoning module MeshUtilities (66)
[2017.03.02-23.09.11:382][572]LogModuleManager: Shutting down and abandoning module DerivedDataCache (65)
[2017.03.02-23.09.11:397][572]LogDerivedDataCache: Shutdown
[2017.03.02-23.09.11:397][572]LogModuleManager: Shutting down and abandoning module VulkanShaderFormat (64)
[2017.03.02-23.09.11:397][572]LogModuleManager: Shutting down and abandoning module ShaderFormatOpenGL (63)
[2017.03.02-23.09.11:397][572]LogModuleManager: Shutting down and abandoning module ShaderFormatD3D (62)
[2017.03.02-23.09.11:397][572]LogModuleManager: Shutting down and abandoning module MetalShaderFormat (61)
[2017.03.02-23.09.11:397][572]LogModuleManager: Shutting down and abandoning module TextureFormatUncompressed (60)
[2017.03.02-23.09.11:397][572]LogModuleManager: Shutting down and abandoning module TextureFormatPVR (59)
[2017.03.02-23.09.11:397][572]LogModuleManager: Shutting down and abandoning module TextureFormatDXT (58)
[2017.03.02-23.09.11:397][572]LogModuleManager: Shutting down and abandoning module TextureFormatIntelISPCTexComp (57)
[2017.03.02-23.09.11:398][572]LogModuleManager: Shutting down and abandoning module ImageWrapper (56)
[2017.03.02-23.09.11:398][572]LogModuleManager: Shutting down and abandoning module TextureFormatASTC (55)
[2017.03.02-23.09.11:398][572]LogModuleManager: Shutting down and abandoning module TextureFormatAndroid (54)
[2017.03.02-23.09.11:398][572]LogModuleManager: Shutting down and abandoning module AudioFormatOpus (53)
[2017.03.02-23.09.11:398][572]LogModuleManager: Shutting down and abandoning module AudioFormatOgg (52)
[2017.03.02-23.09.11:398][572]LogModuleManager: Shutting down and abandoning module AudioFormatADPCM (51)
[2017.03.02-23.09.11:398][572]LogModuleManager: Shutting down and abandoning module LinuxTargetPlatform (50)
[2017.03.02-23.09.11:398][572]LogModuleManager: Shutting down and abandoning module LinuxServerTargetPlatform (49)
[2017.03.02-23.09.11:398][572]LogModuleManager: Shutting down and abandoning module LinuxNoEditorTargetPlatform (48)
[2017.03.02-23.09.11:398][572]LogModuleManager: Shutting down and abandoning module LinuxClientTargetPlatform (47)
[2017.03.02-23.09.11:398][572]LogModuleManager: Shutting down and abandoning module TVOSTargetPlatform (46)
[2017.03.02-23.09.11:398][572]LogModuleManager: Shutting down and abandoning module Messaging (45)
[2017.03.02-23.09.11:398][572]LogModuleManager: Shutting down and abandoning module IOSTargetPlatform (44)
[2017.03.02-23.09.11:398][572]LogModuleManager: Shutting down and abandoning module HTML5TargetPlatform (43)
[2017.03.02-23.09.11:398][572]LogModuleManager: Shutting down and abandoning module Android_PVRTCTargetPlatform (42)
[2017.03.02-23.09.11:398][572]LogModuleManager: Shutting down and abandoning module Android_MultiTargetPlatform (41)
[2017.03.02-23.09.11:398][572]LogModuleManager: Shutting down and abandoning module Android_ETC2TargetPlatform (40)
[2017.03.02-23.09.11:398][572]LogModuleManager: Shutting down and abandoning module Android_ETC1TargetPlatform (39)
[2017.03.02-23.09.11:398][572]LogModuleManager: Shutting down and abandoning module Android_DXTTargetPlatform (38)
[2017.03.02-23.09.11:398][572]LogModuleManager: Shutting down and abandoning module Android_ATCTargetPlatform (37)
[2017.03.02-23.09.11:398][572]LogModuleManager: Shutting down and abandoning module Android_ASTCTargetPlatform (36)
[2017.03.02-23.09.11:398][572]LogModuleManager: Shutting down and abandoning module AndroidTargetPlatform (35)
[2017.03.02-23.09.11:398][572]LogModuleManager: Shutting down and abandoning module WindowsTargetPlatform (34)
[2017.03.02-23.09.11:398][572]LogModuleManager: Shutting down and abandoning module WindowsServerTargetPlatform (33)
[2017.03.02-23.09.11:398][572]LogModuleManager: Shutting down and abandoning module WindowsNoEditorTargetPlatform (32)
[2017.03.02-23.09.11:398][572]LogModuleManager: Shutting down and abandoning module WindowsClientTargetPlatform (31)
[2017.03.02-23.09.11:398][572]LogModuleManager: Shutting down and abandoning module MacTargetPlatform (30)
[2017.03.02-23.09.11:398][572]LogModuleManager: Shutting down and abandoning module MacServerTargetPlatform (29)
[2017.03.02-23.09.11:398][572]LogModuleManager: Shutting down and abandoning module MacNoEditorTargetPlatform (28)
[2017.03.02-23.09.11:398][572]LogModuleManager: Shutting down and abandoning module MacClientTargetPlatform (27)
[2017.03.02-23.09.11:398][572]LogModuleManager: Shutting down and abandoning module AllDesktopTargetPlatform (26)
[2017.03.02-23.09.11:398][572]LogModuleManager: Shutting down and abandoning module TargetPlatform (25)
[2017.03.02-23.09.11:398][572]LogModuleManager: Shutting down and abandoning module InputCore (24)
[2017.03.02-23.09.11:398][572]LogModuleManager: Shutting down and abandoning module Settings (23)
[2017.03.02-23.09.11:398][572]LogModuleManager: Shutting down and abandoning module OculusRift (22)
[2017.03.02-23.09.11:398][572]LogModuleManager: Shutting down and abandoning module ExampleDeviceProfileSelector (21)
[2017.03.02-23.09.11:398][572]LogModuleManager: Shutting down and abandoning module OnlineBlueprintSupport (20)
[2017.03.02-23.09.11:398][572]LogModuleManager: Shutting down and abandoning module OnlineSubsystem (18)
[2017.03.02-23.09.11:398][572]LogOnline:Display: Unloading online subsystem: NULL
[2017.03.02-23.09.11:398][572]LogModuleManager: Shutting down and abandoning module SSL (17)
[2017.03.02-23.09.11:400][572]LogModuleManager: Shutting down and abandoning module HTTP (16)
[2017.03.02-23.09.11:400][572]LogModuleManager: Shutting down and abandoning module XMPP (15)
[2017.03.02-23.09.11:400][572]LogModuleManager: Shutting down and abandoning module TextureCompressor (14)
[2017.03.02-23.09.11:400][572]LogModuleManager: Shutting down and abandoning module ShaderCore (13)
[2017.03.02-23.09.11:400][572]LogModuleManager: Shutting down and abandoning module Landscape (12)
[2017.03.02-23.09.11:400][572]LogModuleManager: Shutting down and abandoning module SlateRHIRenderer (11)
[2017.03.02-23.09.11:403][572]LogModuleManager: Shutting down and abandoning module OpenGLDrv (10)
[2017.03.02-23.09.11:403][572]LogModuleManager: Shutting down and abandoning module D3D11RHI (9)
[2017.03.02-23.09.11:403][572]LogModuleManager: Shutting down and abandoning module AnimGraphRuntime (8)
[2017.03.02-23.09.11:403][572]LogModuleManager: Shutting down and abandoning module Renderer (7)
[2017.03.02-23.09.11:403][572]LogModuleManager: Shutting down and abandoning module Engine (6)
[2017.03.02-23.09.11:403][572]LogModuleManager: Shutting down and abandoning module CoreUObject (5)
[2017.03.02-23.09.11:403][572]LogModuleManager: Shutting down and abandoning module NetworkFile (4)
[2017.03.02-23.09.11:403][572]LogModuleManager: Shutting down and abandoning module StreamingFile (3)
[2017.03.02-23.09.11:403][572]LogModuleManager: Shutting down and abandoning module SandboxFile (2)
[2017.03.02-23.09.11:403][572]LogModuleManager: Shutting down and abandoning module PakFile (1)
[2017.03.02-23.09.11:405][572]LogExit: Exiting.
[2017.03.02-23.09.11:446][572]Log file closed, 03/02/17 23:09:11
