Log file open, 03/01/17 16:45:08
LogInit:Display: Running engine for game: Assignment_1
LogPlatformFile: Not using cached read wrapper
LogInit:Display: RandInit(-1557984917) SRandInit(-1557984917).
LogTaskGraph: Started task graph with 5 named threads and 8 total threads with 1 sets of task threads.
LogStats: Stats thread started at 0.069805
LogPluginManager: Loaded Plugin Paper2D, From C:/Program Files/Epic Games/4.13/Engine/Plugins/2D/Paper2D/Paper2D.uplugin
LogPluginManager: Loaded Plugin LightPropagationVolume, From C:/Program Files/Epic Games/4.13/Engine/Plugins/Blendables/LightPropagationVolume/LightPropagationVolume.uplugin
LogPluginManager: Loaded Plugin BlankPlugin, From C:/Program Files/Epic Games/4.13/Engine/Plugins/Developer/BlankPlugin/BlankPlugin.uplugin
LogPluginManager: Loaded Plugin CodeLiteSourceCodeAccess, From C:/Program Files/Epic Games/4.13/Engine/Plugins/Developer/CodeLiteSourceCodeAccess/CodeLiteSourceCodeAccess.uplugin
LogPluginManager: Loaded Plugin GitSourceControl, From C:/Program Files/Epic Games/4.13/Engine/Plugins/Developer/GitSourceControl/GitSourceControl.uplugin
LogPluginManager: Loaded Plugin KDevelopSourceCodeAccess, From C:/Program Files/Epic Games/4.13/Engine/Plugins/Developer/KDevelopSourceCodeAccess/KDevelopSourceCodeAccess.uplugin
LogPluginManager: Loaded Plugin NullSourceCodeAccess, From C:/Program Files/Epic Games/4.13/Engine/Plugins/Developer/NullSourceCodeAccess/NullSourceCodeAccess.uplugin
LogPluginManager: Loaded Plugin OneSkyLocalizationService, From C:/Program Files/Epic Games/4.13/Engine/Plugins/Developer/OneSkyLocalizationService/OneSkyLocalizationService.uplugin
LogPluginManager: Loaded Plugin PerforceSourceControl, From C:/Program Files/Epic Games/4.13/Engine/Plugins/Developer/PerforceSourceControl/PerforceSourceControl.uplugin
LogPluginManager: Loaded Plugin SubversionSourceControl, From C:/Program Files/Epic Games/4.13/Engine/Plugins/Developer/SubversionSourceControl/SubversionSourceControl.uplugin
LogPluginManager: Loaded Plugin UObjectPlugin, From C:/Program Files/Epic Games/4.13/Engine/Plugins/Developer/UObjectPlugin/UObjectPlugin.uplugin
LogPluginManager: Loaded Plugin VisualStudioSourceCodeAccess, From C:/Program Files/Epic Games/4.13/Engine/Plugins/Developer/VisualStudioSourceCodeAccess/VisualStudioSourceCodeAccess.uplugin
LogPluginManager: Loaded Plugin XCodeSourceCodeAccess, From C:/Program Files/Epic Games/4.13/Engine/Plugins/Developer/XCodeSourceCodeAccess/XCodeSourceCodeAccess.uplugin
LogPluginManager: Loaded Plugin EpicSurvey, From C:/Program Files/Epic Games/4.13/Engine/Plugins/Editor/EpicSurvey/EpicSurvey.uplugin
LogPluginManager: Loaded Plugin MacGraphicsSwitching, From C:/Program Files/Epic Games/4.13/Engine/Plugins/Editor/MacGraphicsSwitching/MacGraphicsSwitching.uplugin
LogPluginManager: Loaded Plugin MobileLauncherProfileWizard, From C:/Program Files/Epic Games/4.13/Engine/Plugins/Editor/MobileLauncherProfileWizard/MobileLauncherProfileWizard.uplugin
LogPluginManager: Loaded Plugin PluginBrowser, From C:/Program Files/Epic Games/4.13/Engine/Plugins/Editor/PluginBrowser/PluginBrowser.uplugin
LogPluginManager: Loaded Plugin SpeedTreeImporter, From C:/Program Files/Epic Games/4.13/Engine/Plugins/Editor/SpeedTreeImporter/SpeedTreeImporter.uplugin
LogPluginManager: Loaded Plugin SuperSearchEditor, From C:/Program Files/Epic Games/4.13/Engine/Plugins/Editor/SuperSearchEditor/SuperSearchEditor.uplugin
LogPluginManager: Loaded Plugin AlembicImporter, From C:/Program Files/Epic Games/4.13/Engine/Plugins/Experimental/AlembicImporter/AlembicImporter.uplugin
LogPluginManager: Loaded Plugin BlueprintStats, From C:/Program Files/Epic Games/4.13/Engine/Plugins/Experimental/BlueprintStats/BlueprintStats.uplugin
LogPluginManager: Loaded Plugin CharacterAI, From C:/Program Files/Epic Games/4.13/Engine/Plugins/Experimental/CharacterAI/CharacterAI.uplugin
LogPluginManager: Loaded Plugin CodeEditor, From C:/Program Files/Epic Games/4.13/Engine/Plugins/Experimental/CodeEditor/CodeEditor.uplugin
LogPluginManager: Loaded Plugin CodeView, From C:/Program Files/Epic Games/4.13/Engine/Plugins/Experimental/CodeView/CodeView.uplugin
LogPluginManager: Loaded Plugin HTML5Networking, From C:/Program Files/Epic Games/4.13/Engine/Plugins/Experimental/HTML5Networking/HTML5Networking.uplugin
LogPluginManager: Loaded Plugin LiveEditor, From C:/Program Files/Epic Games/4.13/Engine/Plugins/Experimental/LiveEditor/LiveEditor.uplugin
LogPluginManager: Loaded Plugin OSVR, From C:/Program Files/Epic Games/4.13/Engine/Plugins/Experimental/OSVR/OSVR.uplugin
LogPluginManager: Loaded Plugin Phya, From C:/Program Files/Epic Games/4.13/Engine/Plugins/Experimental/Phya/Phya.uplugin
LogPluginManager: Loaded Plugin SignificanceManager, From C:/Program Files/Epic Games/4.13/Engine/Plugins/Experimental/SignificanceManager/SignificanceManager.uplugin
LogPluginManager: Loaded Plugin SimpleHMD, From C:/Program Files/Epic Games/4.13/Engine/Plugins/Experimental/SimpleHMD/SimpleHMD.uplugin
LogPluginManager: Loaded Plugin StereoPanorama, From C:/Program Files/Epic Games/4.13/Engine/Plugins/Experimental/StereoPanorama/StereoPanorama.uplugin
LogPluginManager: Loaded Plugin StructBox, From C:/Program Files/Epic Games/4.13/Engine/Plugins/Experimental/StructBox/StructBox.uplugin
LogPluginManager: Loaded Plugin AndroidMedia, From C:/Program Files/Epic Games/4.13/Engine/Plugins/Media/AndroidMedia/AndroidMedia.uplugin
LogPluginManager: Loaded Plugin AvfMedia, From C:/Program Files/Epic Games/4.13/Engine/Plugins/Media/AvfMedia/AvfMedia.uplugin
LogPluginManager: Loaded Plugin MediaPlayerEditor, From C:/Program Files/Epic Games/4.13/Engine/Plugins/Media/MediaPlayerEditor/MediaPlayerEditor.uplugin
LogPluginManager: Loaded Plugin WmfMedia, From C:/Program Files/Epic Games/4.13/Engine/Plugins/Media/WmfMedia/WmfMedia.uplugin
LogPluginManager: Loaded Plugin MessagingDebugger, From C:/Program Files/Epic Games/4.13/Engine/Plugins/Messaging/MessagingDebugger/MessagingDebugger.uplugin
LogPluginManager: Loaded Plugin TcpMessaging, From C:/Program Files/Epic Games/4.13/Engine/Plugins/Messaging/TcpMessaging/TcpMessaging.uplugin
LogPluginManager: Loaded Plugin UdpMessaging, From C:/Program Files/Epic Games/4.13/Engine/Plugins/Messaging/UdpMessaging/UdpMessaging.uplugin
LogPluginManager: Loaded Plugin LevelSequenceEditor, From C:/Program Files/Epic Games/4.13/Engine/Plugins/MovieScene/LevelSequenceEditor/LevelSequenceEditor.uplugin
LogPluginManager: Loaded Plugin MatineeToLevelSequence, From C:/Program Files/Epic Games/4.13/Engine/Plugins/MovieScene/MatineeToLevelSequence/MatineeToLevelSequence.uplugin
LogPluginManager: Loaded Plugin NetcodeUnitTest, From C:/Program Files/Epic Games/4.13/Engine/Plugins/NetcodeUnitTest/NetcodeUnitTest/NetcodeUnitTest.uplugin
LogPluginManager: Loaded Plugin NUTUnrealEngine4, From C:/Program Files/Epic Games/4.13/Engine/Plugins/NetcodeUnitTest/NUTUnrealEngine4/NUTUnrealEngine4.uplugin
LogPluginManager: Loaded Plugin OnlineSubsystemGooglePlay, From C:/Program Files/Epic Games/4.13/Engine/Plugins/Online/Android/OnlineSubsystemGooglePlay/OnlineSubsystemGooglePlay.uplugin
LogPluginManager: Loaded Plugin OnlineSubsystemIOS, From C:/Program Files/Epic Games/4.13/Engine/Plugins/Online/IOS/OnlineSubsystemIOS/OnlineSubsystemIOS.uplugin
LogPluginManager: Loaded Plugin OnlineFramework, From C:/Program Files/Epic Games/4.13/Engine/Plugins/Online/OnlineFramework/OnlineFramework.uplugin
LogPluginManager: Loaded Plugin OnlineSubsystem, From C:/Program Files/Epic Games/4.13/Engine/Plugins/Online/OnlineSubsystem/OnlineSubsystem.uplugin
LogPluginManager: Loaded Plugin OnlineSubsystemAmazon, From C:/Program Files/Epic Games/4.13/Engine/Plugins/Online/OnlineSubsystemAmazon/OnlineSubsystemAmazon.uplugin
LogPluginManager: Loaded Plugin OnlineSubsystemFacebook, From C:/Program Files/Epic Games/4.13/Engine/Plugins/Online/OnlineSubsystemFacebook/OnlineSubsystemFacebook.uplugin
LogPluginManager: Loaded Plugin OnlineSubsystemNull, From C:/Program Files/Epic Games/4.13/Engine/Plugins/Online/OnlineSubsystemNull/OnlineSubsystemNull.uplugin
LogPluginManager: Loaded Plugin OnlineSubsystemOculus, From C:/Program Files/Epic Games/4.13/Engine/Plugins/Online/OnlineSubsystemOculus/OnlineSubsystemOculus.uplugin
LogPluginManager: Loaded Plugin OnlineSubsystemSteam, From C:/Program Files/Epic Games/4.13/Engine/Plugins/Online/OnlineSubsystemSteam/OnlineSubsystemSteam.uplugin
LogPluginManager: Loaded Plugin OnlineSubsystemUtils, From C:/Program Files/Epic Games/4.13/Engine/Plugins/Online/OnlineSubsystemUtils/OnlineSubsystemUtils.uplugin
LogPluginManager: Loaded Plugin IOSTapJoy, From C:/Program Files/Epic Games/4.13/Engine/Plugins/Runtime/Advertising/IOSTapJoy/IOSTapJoy.uplugin
LogPluginManager: Loaded Plugin AnalyticsBlueprintLibrary, From C:/Program Files/Epic Games/4.13/Engine/Plugins/Runtime/Analytics/AnalyticsBlueprintLibrary/AnalyticsBlueprintLibrary.uplugin
LogPluginManager: Loaded Plugin AnalyticsMulticast, From C:/Program Files/Epic Games/4.13/Engine/Plugins/Runtime/Analytics/AnalyticsMulticast/AnalyticsMulticast.uplugin
LogPluginManager: Loaded Plugin Apsalar, From C:/Program Files/Epic Games/4.13/Engine/Plugins/Runtime/Analytics/Apsalar/Apsalar.uplugin
LogPluginManager: Loaded Plugin FileLogging, From C:/Program Files/Epic Games/4.13/Engine/Plugins/Runtime/Analytics/FileLogging/FileLogging.uplugin
LogPluginManager: Loaded Plugin Flurry, From C:/Program Files/Epic Games/4.13/Engine/Plugins/Runtime/Analytics/Flurry/Flurry.uplugin
LogPluginManager: Loaded Plugin AndroidDeviceProfileSelector, From C:/Program Files/Epic Games/4.13/Engine/Plugins/Runtime/AndroidDeviceProfileSelector/AndroidDeviceProfileSelector.uplugin
LogPluginManager: Loaded Plugin AndroidMoviePlayer, From C:/Program Files/Epic Games/4.13/Engine/Plugins/Runtime/AndroidMoviePlayer/AndroidMoviePlayer.uplugin
LogPluginManager: Loaded Plugin AppleMoviePlayer, From C:/Program Files/Epic Games/4.13/Engine/Plugins/Runtime/AppleMoviePlayer/AppleMoviePlayer.uplugin
LogPluginManager: Loaded Plugin ArchVisCharacter, From C:/Program Files/Epic Games/4.13/Engine/Plugins/Runtime/ArchVisCharacter/ArchVisCharacter.uplugin
LogPluginManager: Loaded Plugin CableComponent, From C:/Program Files/Epic Games/4.13/Engine/Plugins/Runtime/CableComponent/CableComponent.uplugin
LogPluginManager: Loaded Plugin CustomMeshComponent, From C:/Program Files/Epic Games/4.13/Engine/Plugins/Runtime/CustomMeshComponent/CustomMeshComponent.uplugin
LogPluginManager: Loaded Plugin ExampleDeviceProfileSelector, From C:/Program Files/Epic Games/4.13/Engine/Plugins/Runtime/ExampleDeviceProfileSelector/ExampleDeviceProfileSelector.uplugin
LogPluginManager: Loaded Plugin GearVR, From C:/Program Files/Epic Games/4.13/Engine/Plugins/Runtime/GearVR/GearVR.uplugin
LogPluginManager: Loaded Plugin GoogleVRController, From C:/Program Files/Epic Games/4.13/Engine/Plugins/Runtime/GoogleVR/GoogleVRController/GoogleVRController.uplugin
LogPluginManager: Loaded Plugin GoogleVRHMD, From C:/Program Files/Epic Games/4.13/Engine/Plugins/Runtime/GoogleVR/GoogleVRHMD/GoogleVRHMD.uplugin
LogPluginManager: Loaded Plugin IOSDeviceProfileSelector, From C:/Program Files/Epic Games/4.13/Engine/Plugins/Runtime/IOSDeviceProfileSelector/IOSDeviceProfileSelector.uplugin
LogPluginManager: Loaded Plugin LeapMotion, From C:/Program Files/Epic Games/4.13/Engine/Plugins/Runtime/LeapMotion/LeapMotion.uplugin
LogPluginManager: Loaded Plugin LinuxDeviceProfileSelector, From C:/Program Files/Epic Games/4.13/Engine/Plugins/Runtime/LinuxDeviceProfileSelector/LinuxDeviceProfileSelector.uplugin
LogPluginManager: Loaded Plugin LiveEditorListenServer, From C:/Program Files/Epic Games/4.13/Engine/Plugins/Runtime/LiveEditorListenServer/LiveEditorListenServer.uplugin
LogPluginManager: Loaded Plugin OculusAudio, From C:/Program Files/Epic Games/4.13/Engine/Plugins/Runtime/OculusAudio/OculusAudio.uplugin
LogPluginManager: Loaded Plugin OculusInput, From C:/Program Files/Epic Games/4.13/Engine/Plugins/Runtime/OculusInput/OculusInput.uplugin
LogPluginManager: Loaded Plugin OculusLibrary, From C:/Program Files/Epic Games/4.13/Engine/Plugins/Runtime/OculusLibrary/OculusLibrary.uplugin
LogPluginManager: Loaded Plugin OculusRift, From C:/Program Files/Epic Games/4.13/Engine/Plugins/Runtime/OculusRift/OculusRift.uplugin
LogPluginManager: Loaded Plugin Oodle, From C:/Program Files/Epic Games/4.13/Engine/Plugins/Runtime/PacketHandlers/CompressionComponents/Oodle/Oodle.uplugin
LogPluginManager: Loaded Plugin ProceduralMeshComponent, From C:/Program Files/Epic Games/4.13/Engine/Plugins/Runtime/ProceduralMeshComponent/ProceduralMeshComponent.uplugin
LogPluginManager: Loaded Plugin SoundMod, From C:/Program Files/Epic Games/4.13/Engine/Plugins/Runtime/SoundMod/SoundMod.uplugin
LogPluginManager: Loaded Plugin SoundVisualizations, From C:/Program Files/Epic Games/4.13/Engine/Plugins/Runtime/SoundVisualizations/SoundVisualizations.uplugin
LogPluginManager: Loaded Plugin SteamController, From C:/Program Files/Epic Games/4.13/Engine/Plugins/Runtime/Steam/SteamController/SteamController.uplugin
LogPluginManager: Loaded Plugin SteamVR, From C:/Program Files/Epic Games/4.13/Engine/Plugins/Runtime/Steam/SteamVR/SteamVR.uplugin
LogPluginManager: Loaded Plugin WebBrowserWidget, From C:/Program Files/Epic Games/4.13/Engine/Plugins/Runtime/WebBrowserWidget/WebBrowserWidget.uplugin
LogPluginManager: Loaded Plugin WindowsDeviceProfileSelector, From C:/Program Files/Epic Games/4.13/Engine/Plugins/Runtime/WindowsDeviceProfileSelector/WindowsDeviceProfileSelector.uplugin
LogPluginManager: Loaded Plugin WindowsMoviePlayer, From C:/Program Files/Epic Games/4.13/Engine/Plugins/Runtime/WindowsMoviePlayer/WindowsMoviePlayer.uplugin
LogPluginManager: Loaded Plugin ScriptPlugin, From C:/Program Files/Epic Games/4.13/Engine/Plugins/ScriptPlugin/ScriptPlugin.uplugin
LogPluginManager: Loaded Plugin SlateRemote, From C:/Program Files/Epic Games/4.13/Engine/Plugins/Slate/SlateRemote/SlateRemote.uplugin
LogInit: Using libcurl 7.47.1
LogInit:  - built for x86_64-pc-win32
LogInit:  - supports SSL with WinSSL
LogInit:  - other features:
LogInit:      CURL_VERSION_SSL
LogInit:      CURL_VERSION_IPV6
LogInit:      CURL_VERSION_ASYNCHDNS
LogInit:      CURL_VERSION_LARGEFILE
LogInit:      CURL_VERSION_IDN
LogInit:  CurlRequestOptions (configurable via config and command line):
LogInit:  - bVerifyPeer = false  - Libcurl will NOT verify peer certificate
LogInit:  - bUseHttpProxy = false  - Libcurl will NOT use HTTP proxy
LogInit:  - bDontReuseConnections = false  - Libcurl will reuse connections
LogInit:  - CertBundlePath = nullptr  - Libcurl will use whatever was configured at build time.
LogInit: Build: ++UE4+Release-4.13-CL-3172292
LogInit: Engine Version: 4.13.2-3172292+++UE4+Release-4.13
LogInit: Compatible Engine Version: 4.13.0-3106830+++UE4+Release-4.13
LogInit: Net CL: 3172292
LogDevObjectVersion: Number of dev versions registered: 13
LogDevObjectVersion:   Dev-Blueprints (B0D832E4-1F89-4F0D-ACCF-7EB736FD4AA2): 5
LogDevObjectVersion:   Dev-Build (E1C64328-A22C-4D53-A36C-8E866417BD8C): 0
LogDevObjectVersion:   Dev-Core (375EC13C-06E4-48FB-B500-84F0262A717E): 1
LogDevObjectVersion:   Dev-Editor (E4B068ED-F494-42E9-A231-DA0B2E46BB41): 6
LogDevObjectVersion:   Dev-Framework (CFFC743F-43B0-4480-9391-14DF171D2073): 12
LogDevObjectVersion:   Dev-Mobile (B02B49B5-BB20-44E9-A304-32B752E40360): 0
LogDevObjectVersion:   Dev-Networking (A4E4105C-59A1-49B5-A7C5-40C4547EDFEE): 0
LogDevObjectVersion:   Dev-Online (39C831C9-5AE6-47DC-9A44-9C173E1C8E7C): 0
LogDevObjectVersion:   Dev-Physics (78F01B33-EBEA-4F98-B9B4-84EACCB95AA2): 0
LogDevObjectVersion:   Dev-Platform (6631380F-2D4D-43E0-8009-CF276956A95A): 0
LogDevObjectVersion:   Dev-Rendering (12F88B9F-8875-4AFC-A67C-D90C383ABD29): 4
LogDevObjectVersion:   Dev-Sequencer (7B5AE74C-D270-4C10-A958-57980B212A5A): 0
LogDevObjectVersion:   Dev-VR (D7296918-1DD6-4BDD-9DE2-64A83CC13884): 0
LogInit: Compiled (64-bit): Oct 24 2016 14:29:06
LogInit: Compiled with Visual C++: 19.00.23026.00
LogInit: Build Configuration: Development
LogInit: Branch Name: ++UE4+Release-4.13
LogInit: Command line: -EpicPortal 
LogInit: Base directory: C:/Program Files/Epic Games/4.13/Engine/Binaries/Win64/
LogInit: Installed Engine Build: 1
LogInit: Presizing for max 8388607 objects, including 0 objects not considered by GC, pre-allocating 0 bytes for permanent pool.
LogInit: Object subsystem initialized
[2017.03.01-16.45.09:136][  0]LogInit: Selected Device Profile: [Windows]
[2017.03.01-16.45.09:136][  0]LogInit: Applying CVar settings loaded from the selected device profile: [Windows]
[2017.03.01-16.45.09:190][  0]LogInit: Computer: GAMES-105-007
[2017.03.01-16.45.09:190][  0]LogInit: User: Games
[2017.03.01-16.45.09:190][  0]LogInit: CPU Page size=65536, Cores=4
[2017.03.01-16.45.09:190][  0]LogInit: High frequency timer resolution =3.613349 MHz
[2017.03.01-16.45.09:190][  0]LogMemory: Memory total: Physical=15.9GB (16GB approx)
[2017.03.01-16.45.09:190][  0]LogMemory: Platform Memory Stats for Windows
[2017.03.01-16.45.09:190][  0]LogMemory: Process Physical Memory: 257.66 MB used, 257.66 MB peak
[2017.03.01-16.45.09:190][  0]LogMemory: Process Virtual Memory: 261.61 MB used, 261.61 MB peak
[2017.03.01-16.45.09:190][  0]LogMemory: Physical Memory: 6881.62 MB used, 16261.71 MB total
[2017.03.01-16.45.09:190][  0]LogMemory: Virtual Memory: 591.80 MB used, 8388608.00 MB total
[2017.03.01-16.45.09:230][  0]LogTextLocalizationManager: No specific translations for ('en-GB') exist, so ('en') translations will be used.
[2017.03.01-16.45.09:834][  0]LogD3D11RHI: D3D11 adapters:
[2017.03.01-16.45.09:846][  0]LogD3D11RHI:    0. 'NVIDIA GeForce GTX 760' (Feature Level 11_0)
[2017.03.01-16.45.09:846][  0]LogD3D11RHI:       1990/0/2048 MB DedicatedVideo/DedicatedSystem/SharedSystem, Outputs:2, VendorId:0x10de
[2017.03.01-16.45.09:846][  0]LogD3D11RHI: Chosen D3D11 Adapter: 0
[2017.03.01-16.45.09:851][  0]LogD3D11RHI: Creating new Direct3DDevice
[2017.03.01-16.45.09:851][  0]LogD3D11RHI:     GPU DeviceId: 0x1187 (for the marketing name, search the web for "GPU Device Id")
[2017.03.01-16.45.09:851][  0]LogWindows: EnumDisplayDevices:
[2017.03.01-16.45.09:851][  0]LogWindows:    0. 'NVIDIA GeForce GTX 760' (P:1 D:1)
[2017.03.01-16.45.09:851][  0]LogWindows:    1. 'NVIDIA GeForce GTX 760' (P:0 D:1)
[2017.03.01-16.45.09:852][  0]LogWindows:    2. 'NVIDIA GeForce GTX 760' (P:0 D:0)
[2017.03.01-16.45.09:855][  0]LogWindows:    3. 'NVIDIA GeForce GTX 760' (P:0 D:0)
[2017.03.01-16.45.09:855][  0]LogWindows:    4. 'RDPDD Chained DD' (P:0 D:0)
[2017.03.01-16.45.09:859][  0]LogWindows:    5. 'RDP Encoder Mirror Driver' (P:0 D:0)
[2017.03.01-16.45.09:859][  0]LogWindows:    6. 'RDP Reflector Display Driver' (P:0 D:0)
[2017.03.01-16.45.09:859][  0]LogWindows: DebugString: GetVideoDriverDetailsInvalid PrimaryIsNotTheChoosenAdapter GetVideoDriverDetailsInvalid PrimaryIsNotTheChoosenAdapter GetVideoDriverDetailsInvalid PrimaryIsNotTheChoosenAdapter FoundDriverCount:4 
[2017.03.01-16.45.09:859][  0]LogD3D11RHI:     Adapter Name: NVIDIA GeForce GTX 760
[2017.03.01-16.45.09:859][  0]LogD3D11RHI:   Driver Version: 353.30 (internal:10.18.13.5330, unified:353.30)
[2017.03.01-16.45.09:859][  0]LogD3D11RHI:      Driver Date: 6-17-2015
[2017.03.01-16.45.09:859][  0]LogRHI: Texture pool is 1361 MB (70% of 1945 MB)
[2017.03.01-16.45.09:876][  0]LogD3D11RHI: Async texture creation enabled
[2017.03.01-16.45.09:895][  0]LogD3D11RHI: GPU Timing Frequency: 1000.000000 (Debug: 2 2)
[2017.03.01-16.45.09:895][  0]LogShaderCompilers: Guid format shader working directory is -61 characters bigger than the processId version (E:/studies/UOS games uni/Level 5 Year 2/Semeseter 1/Steve Digital Scriting/assignment 1 part b/Assignment_1/Intermediate/Shaders/WorkingDirectory/6904/).
[2017.03.01-16.45.09:895][  0]LogShaderCompilers: Cleaned the shader compiler working directory 'C:/Users/Games/AppData/Local/Temp/UnrealShaderWorkingDir/0E6B9326407A00DFDFC8A5BEE0A9E28B/'.
[2017.03.01-16.45.09:895][  0]LogShaderCompilers:Display: Using Local Shader Compiler.
[2017.03.01-16.45.11:133][  0]LogTemp:Display: Loaded TP AllDesktopTargetPlatform
[2017.03.01-16.45.11:141][  0]LogTemp:Display: Loaded TP WindowsClientTargetPlatform
[2017.03.01-16.45.11:151][  0]LogTemp:Display: Loaded TP WindowsNoEditorTargetPlatform
[2017.03.01-16.45.11:160][  0]LogTemp:Display: Loaded TP WindowsServerTargetPlatform
[2017.03.01-16.45.11:169][  0]LogTemp:Display: Loaded TP WindowsTargetPlatform
[2017.03.01-16.45.11:177][  0]LogTemp:Display: Loaded TP AndroidTargetPlatform
[2017.03.01-16.45.11:185][  0]LogTemp:Display: Loaded TP Android_ASTCTargetPlatform
[2017.03.01-16.45.11:193][  0]LogTemp:Display: Loaded TP Android_ATCTargetPlatform
[2017.03.01-16.45.11:200][  0]LogTemp:Display: Loaded TP Android_DXTTargetPlatform
[2017.03.01-16.45.11:210][  0]LogTemp:Display: Loaded TP Android_ETC1TargetPlatform
[2017.03.01-16.45.11:221][  0]LogTemp:Display: Loaded TP Android_ETC2TargetPlatform
[2017.03.01-16.45.11:246][  0]LogTemp:Display: Loaded TP Android_MultiTargetPlatform
[2017.03.01-16.45.11:246][  0]LogTemp:Display: Loaded TP Android_PVRTCTargetPlatform
[2017.03.01-16.45.11:248][  0]LogTemp:Display: Loaded TP HTML5TargetPlatform
[2017.03.01-16.45.11:267][  0]LogTemp:Display: Loaded TP IOSTargetPlatform
[2017.03.01-16.45.11:276][  0]LogTemp:Display: Loaded TP TVOSTargetPlatform
[2017.03.01-16.45.11:286][  0]LogTemp:Display: Loaded TP LinuxClientTargetPlatform
[2017.03.01-16.45.11:293][  0]LogTemp:Display: Loaded TP LinuxNoEditorTargetPlatform
[2017.03.01-16.45.11:300][  0]LogTemp:Display: Loaded TP LinuxServerTargetPlatform
[2017.03.01-16.45.11:309][  0]LogTemp:Display: Loaded TP LinuxTargetPlatform
[2017.03.01-16.45.11:309][  0]LogTargetPlatformManager:Display: Building Assets For Windows
[2017.03.01-16.45.11:367][  0]LogDerivedDataCache:Display: Max Cache Size: 512 MB
[2017.03.01-16.45.11:440][  0]LogDerivedDataCache: Loaded boot cache 0.07s 62MB C:/Users/Games/AppData/Local/UnrealEngine/4.13/DerivedDataCache/Boot.ddc.
[2017.03.01-16.45.11:440][  0]LogDerivedDataCache:Display: Loaded Boot cache: C:/Users/Games/AppData/Local/UnrealEngine/4.13/DerivedDataCache/Boot.ddc
[2017.03.01-16.45.11:440][  0]LogDerivedDataCache: FDerivedDataBackendGraph:  Pak pak cache file E:/studies/UOS games uni/Level 5 Year 2/Semeseter 1/Steve Digital Scriting/assignment 1 part b/Assignment_1/DerivedDataCache/DDC.ddp not found, will not use a pak cache.
[2017.03.01-16.45.11:440][  0]LogDerivedDataCache: Unable to find inner node Pak for hierarchical cache Hierarchy.
[2017.03.01-16.45.11:440][  0]LogDerivedDataCache: FDerivedDataBackendGraph:  CompressedPak pak cache file E:/studies/UOS games uni/Level 5 Year 2/Semeseter 1/Steve Digital Scriting/assignment 1 part b/Assignment_1/DerivedDataCache/Compressed.ddp not found, will not use a pak cache.
[2017.03.01-16.45.11:440][  0]LogDerivedDataCache: Unable to find inner node CompressedPak for hierarchical cache Hierarchy.
[2017.03.01-16.45.11:457][  0]LogDerivedDataCache:Display: Pak cache opened for reading ../../../Engine/DerivedDataCache/Compressed.ddp.
[2017.03.01-16.45.11:468][  0]LogDerivedDataCache: Using Local data cache path C:/Users/Games/AppData/Local/UnrealEngine/Common/DerivedDataCache: Writable
[2017.03.01-16.45.11:714][  0]LogInit: Selected Device Profile: [Windows]
[2017.03.01-16.45.11:715][  0]LogMaterial: Uniform references updated for custom material expression Custom.
[2017.03.01-16.45.11:719][  0]LogContentStreaming: Texture pool size is 0.00 MB
[2017.03.01-16.45.11:963][  0]LogMeshUtilities: No automatic mesh reduction module available
[2017.03.01-16.45.11:963][  0]LogMeshUtilities: No automatic mesh merging module available
[2017.03.01-16.45.11:963][  0]LogMeshUtilities: No distributed automatic mesh merging module available
[2017.03.01-16.45.12:290][  0]LogNetVersion: GetLocalNetworkVersion: CL: 3106830, ProjectName: assignment_1, ProjectVersion: , EngineNetworkVersion: 1, GameNetworkVersion: 0, NetworkChecksum: 4120482071
[2017.03.01-16.45.12:326][  0]LogAssetRegistry: FAssetRegistry took 0.0203 seconds to start up
[2017.03.01-16.45.12:865][  0]LogPackageLocalizationCache: Processed 3 localized package path(s) for 2 prioritized culture(s) in 0.535588 seconds
[2017.03.01-16.45.12:877][  0]LogUObjectArray: 29778 objects as part of root set at end of initial load.
[2017.03.01-16.45.12:878][  0]LogUObjectAllocator: 6125456 out of 0 bytes used by permanent object pool.
[2017.03.01-16.45.12:878][  0]LogUObjectArray: CloseDisregardForGC: 0/0 objects in disregard for GC pool
[2017.03.01-16.45.12:890][  0]LogInit: WinSock: version 1.1 (2.2), MaxSocks=32767, MaxUdp=65467
[2017.03.01-16.45.13:120][  0]LogSlate: SlateFontCache - WITH_FREETYPE: 1, WITH_HARFBUZZ: 1
[2017.03.01-16.45.13:120][  0]LogSlate: SlateFontCache - WITH_FREETYPE: 1, WITH_HARFBUZZ: 1
[2017.03.01-16.45.13:742][  0]LogTcpMessaging: Initializing TcpMessaging bridge
[2017.03.01-16.45.13:762][  0]LogUdpMessaging: Initializing bridge on interface 0.0.0.0:0 to multicast group 230.0.0.1:6666.
[2017.03.01-16.45.14:104][  0]SourceControl: Info Source control is disabled
[2017.03.01-16.45.14:132][  0]SourceControl: Info Source control is disabled
[2017.03.01-16.45.14:138][  0]SourceControl: Info Source control is disabled
[2017.03.01-16.45.14:144][  0]SourceControl: Info Source control is disabled
[2017.03.01-16.45.14:381][  0]LogEngine: Initializing Engine...
[2017.03.01-16.45.14:382][  0]LogHMD: Failed to initialize OpenVR with code 110
[2017.03.01-16.45.14:538][  0]LogAIModule: Creating AISystem for world Untitled
[2017.03.01-16.45.14:545][  0]LogInit: XAudio2 using 'Speakers (Conexant HD Audio)' : 2 channels at 44.1 kHz using 16 bits per sample (channel mask 0x3)
[2017.03.01-16.45.14:556][  0]LogInit: FAudioDevice initialized.
[2017.03.01-16.45.14:595][  0]LogDerivedDataCache: Saved boot cache 0.04s 62MB C:/Users/Games/AppData/Local/UnrealEngine/4.13/DerivedDataCache/Boot.ddc.
[2017.03.01-16.45.14:607][  0]LogInit: Texture streaming: Enabled
[2017.03.01-16.45.14:626][  0]LogInit: Transaction tracking system initialized
[2017.03.01-16.45.14:646][  0]BlueprintLog: New page: Editor Load
[2017.03.01-16.45.14:742][  0]LocalizationService: Info Localization service is disabled
[2017.03.01-16.45.14:841][  0]LogConsoleResponse:Display: 
[2017.03.01-16.45.14:957][  0]LogCook:Display: Max memory allowance for cook 16384mb min free memory 0mb
[2017.03.01-16.45.14:957][  0]LogCook:Display: Mobile HDR setting 1
[2017.03.01-16.45.15:077][  0]LogFileCache: Scanning file cache for directory 'E:/studies/UOS games uni/Level 5 Year 2/Semeseter 1/Steve Digital Scriting/assignment 1 part b/Assignment_1/Content/' took 0.02s
[2017.03.01-16.45.15:077][  0]SourceControl: Info Source control is disabled
[2017.03.01-16.45.15:078][  0]LogEditorServer:Warning: Can't find file 'E:/studies/UOS games uni/Level 5 Year 2/Semeseter 1/Steve Digital Scriting/assignment 1 part b/Assignment_1/Content/Maps/2DSideScrollerExampleMap.umap'
[2017.03.01-16.45.15:078][  0]Cmd: MAP CHECKDEP NOCLEARLOG
[2017.03.01-16.45.15:115][  0]MapCheck: Info Map check complete: 0 Error(s), 0 Warning(s), took 37.153ms to complete.
[2017.03.01-16.45.15:115][  0]LogFileHelpers: Loading map '2DSideScrollerExampleMap' took 0.038
[2017.03.01-16.45.15:680][  0]LogCollectionManager: Loaded 0 collections in 0.003701 seconds
[2017.03.01-16.45.15:739][  0]LogFileCache: Scanning file cache for directory 'E:/studies/UOS games uni/Level 5 Year 2/Semeseter 1/Steve Digital Scriting/assignment 1 part b/Assignment_1/Saved/Collections/' took 0.01s
[2017.03.01-16.45.15:739][  0]LogFileCache: Scanning file cache for directory 'E:/studies/UOS games uni/Level 5 Year 2/Semeseter 1/Steve Digital Scriting/assignment 1 part b/Assignment_1/Content/Developers/Games/Collections/' took 0.01s
[2017.03.01-16.45.15:739][  0]LogFileCache: Scanning file cache for directory 'E:/studies/UOS games uni/Level 5 Year 2/Semeseter 1/Steve Digital Scriting/assignment 1 part b/Assignment_1/Content/Collections/' took 0.01s
[2017.03.01-16.45.15:739][  0]LogCollectionManager: Rebuilt the GUID cache for 0 collections in 0.000003 seconds
[2017.03.01-16.45.15:756][  0]LogContentBrowser: Native class hierarchy populated in 0.0168 seconds. Added 2141 classes and 415 folders.
[2017.03.01-16.45.15:760][  0]LogStats: UGameplayTagsManager::ConstructGameplayTagTree: Construct from data asset -  0.000 s
[2017.03.01-16.45.15:760][  0]LogStats: UGameplayTagsManager::ConstructGameplayTagTree: GameplayTagTreeChangedEvent.Broadcast -  0.000 s
[2017.03.01-16.45.15:761][  0]LogContentBrowser: Native class hierarchy updated for 'GameplayTags' in 0.0010 seconds. Added 12 classes and 0 folders.
[2017.03.01-16.45.15:766][  0]LogContentBrowser: Native class hierarchy updated for 'WidgetCarousel' in 0.0008 seconds. Added 0 classes and 0 folders.
[2017.03.01-16.45.20:075][  0]LogContentBrowser: Native class hierarchy updated for 'AddContentDialog' in 0.0018 seconds. Added 0 classes and 0 folders.
[2017.03.01-16.45.20:086][  0]LogContentBrowser: Native class hierarchy updated for 'SceneOutliner' in 0.0016 seconds. Added 1 classes and 2 folders.
[2017.03.01-16.45.20:302][  0]LogCrashTracker: Crashtracker disabled due to settings.
[2017.03.01-16.45.20:306][  0]LogUObjectGlobals:Warning: Failed to find object 'Class None.'
[2017.03.01-16.45.20:331][  0]LogContentBrowser: Native class hierarchy updated for 'HierarchicalLODOutliner' in 0.0008 seconds. Added 1 classes and 2 folders.
[2017.03.01-16.45.20:331][  0]LogLoad: (Engine Initialization) Total time: 12.67 seconds
[2017.03.01-16.45.20:331][  0]LogLoad: (Engine Initialization) Total Blueprint compile time: 0.00 seconds
[2017.03.01-16.45.20:332][  0]LogExternalProfiler: Found external profiler: VSPerf
[2017.03.01-16.45.20:332][  0]LogExternalProfiler: Using external profiler: VSPerf
[2017.03.01-16.45.20:342][  0]LogOcInput: OculusInput pre-init called
[2017.03.01-16.45.20:362][  0]LogContentStreaming: Texture pool size now 1000 MB
[2017.03.01-16.45.20:998][  0]LogRenderer: Reallocating scene render targets to support 1208x560 (Frame:2).
[2017.03.01-16.45.25:006][298]LogCollectionManager: Rebuilt the object cache for 0 collections in 0.000003 seconds (found 0 objects)
[2017.03.01-16.45.36:976][128]LogTexture:Display: Building textures: 2DCharacter_IdleAnimAtlas (AutoDXT)
[2017.03.01-16.45.37:268][128]LogTexture:Display: Building textures: 2DCharacter_RunAnimAtlas (AutoDXT)
[2017.03.01-16.45.38:448][128]LogContentBrowser: Native class hierarchy updated for 'BlueprintGraph' in 0.0075 seconds. Added 112 classes and 0 folders.
[2017.03.01-16.45.40:777][130]LogAssetRegistry: Asset discovery search completed in 28.4707 seconds
[2017.03.01-16.45.40:777][130]LogCollectionManager: Fixed up redirectors for 0 collections in 0.000009 seconds (updated 0 objects)
[2017.03.01-17.00.57:824][856]LogFileHelpers: Editor autosave (incl. sublevels) for '/Temp/Untitled_0' took 0.112
[2017.03.01-17.00.57:833][856]OBJ SavePackage: Generating thumbnails for [0] asset(s) in package [/Game/HUD/my_HUD] ([1] browsable assets)...
[2017.03.01-17.00.57:833][856]OBJ SavePackage: Finished generating thumbnails for package [/Game/HUD/my_HUD]
[2017.03.01-17.00.59:801][856]LogSavePackage: Save=1695.03ms
[2017.03.01-17.00.59:801][856]LogSavePackage: Moving 'E:/studies/UOS games uni/Level 5 Year 2/Semeseter 1/Steve Digital Scriting/assignment 1 part b/Assignment_1/Saved/my_HUD_Auto10EB6B47F496DC5600D622B92BBFCD202.tmp' to 'E:/studies/UOS games uni/Level 5 Year 2/Semeseter 1/Steve Digital Scriting/assignment 1 part b/Assignment_1/Saved/Autosaves/Game/HUD/my_HUD_Auto1.uasset'
[2017.03.01-17.00.59:818][856]LogSavePackage:Display: Finished SavePackage E:/studies/UOS games uni/Level 5 Year 2/Semeseter 1/Steve Digital Scriting/assignment 1 part b/Assignment_1/Saved/Autosaves/Game/HUD/my_HUD_Auto1.uasset
[2017.03.01-17.00.59:818][856]LogFileHelpers: Auto-saving content packages took 1.992
[2017.03.01-17.23.09:378][258]BlueprintLog: New page: Pre-Play auto-recompile
[2017.03.01-17.23.09:379][258]LogPlayLevel: [PlayLevel] Compiling my_HUD before play...
[2017.03.01-17.23.09:605][258]LogPlayLevel: PlayLevel: Blueprint regeneration took 226 ms (1 blueprints)
[2017.03.01-17.23.09:639][258]PIE: New page: PIE session: Untitled_0 (1 Mar 2017 17:23:09)
[2017.03.01-17.23.09:639][258]LogPlayLevel: Creating play world package: /Temp/UEDPIE_0_Untitled_0
[2017.03.01-17.23.09:640][258]LogPlayLevel: PIE: StaticDuplicateObject took: (0.000832s)
[2017.03.01-17.23.09:641][258]LogAIModule: Creating AISystem for world Untitled
[2017.03.01-17.23.09:641][258]LogPlayLevel: PIE: World Init took: (0.001161s)
[2017.03.01-17.23.09:641][258]LogPlayLevel: PIE: Created PIE world by copying editor world from /Temp/Untitled_0.Untitled to /Temp/UEDPIE_0_Untitled_0.Untitled (0.002214s)
[2017.03.01-17.23.09:662][258]LogInit: XAudio2 using 'Speakers (Conexant HD Audio)' : 2 channels at 44.1 kHz using 16 bits per sample (channel mask 0x3)
[2017.03.01-17.23.09:673][258]LogInit: FAudioDevice initialized.
[2017.03.01-17.23.09:773][258]LogWorld: Game class is '2DSideScrollerGameMode_C'
[2017.03.01-17.23.09:778][258]LogWorld: Bringing World /Temp/UEDPIE_0_Untitled_0.Untitled up for play (max tick rate 0) at 2017.03.01-17.23.09
[2017.03.01-17.23.09:779][258]LogWorld: Bringing up level for play took: 0.003011
[2017.03.01-17.23.09:825][258]LogContentBrowser: Native class hierarchy updated for 'MovieSceneCapture' in 0.0022 seconds. Added 11 classes and 0 folders.
[2017.03.01-17.23.09:825][258]LogGameMode:Display: Match State Changed from EnteringMap to WaitingToStart
[2017.03.01-17.23.09:826][258]LogGameState: Match State Changed from EnteringMap to WaitingToStart
[2017.03.01-17.23.09:826][258]LogGameMode:Display: Match State Changed from WaitingToStart to InProgress
[2017.03.01-17.23.09:952][258]LogGameState: Match State Changed from WaitingToStart to InProgress
[2017.03.01-17.23.09:952][258]PIE: Info Play in editor start time for /Temp/UEDPIE_0_Untitled_0 0.243
[2017.03.01-17.23.18:194][738]LogTexture:Display: Building textures: asset_sprite_sheet_2 (BGRA8)
[2017.03.01-17.23.18:270][738]LogTexture:Display: Building textures: Background_sheet_2 (BGRA8)
[2017.03.01-17.23.18:358][738]LogTexture:Display: Building textures: 2DBackgroundBlockAtlas (AutoDXT)
[2017.03.01-17.23.18:544][738]LogTexture:Display: Building textures: Extras (BGRA8)
[2017.03.01-17.23.18:595][738]LogAIModule: Creating AISystem for world Assignment_1_Level_Map
[2017.03.01-17.23.23:537][738]LightingResults: New page: Lighting Build
[2017.03.01-17.23.23:548][738]LogContentBrowser: Native class hierarchy updated for 'StatsViewer' in 0.0015 seconds. Added 5 classes and 0 folders.
[2017.03.01-17.23.23:550][738]LoadErrors: New page: Loading map: Assignment_1_Level_Map.umap
[2017.03.01-17.23.23:550][738]MapCheck: New page: Map Check
[2017.03.01-17.23.23:550][738]LightingResults: New page: Lighting Build
[2017.03.01-17.23.23:667][738]LogEditorServer: Finished looking for orphan Actors (0.000 secs)
[2017.03.01-17.23.23:750][738]Cmd: MAP CHECKDEP NOCLEARLOG
[2017.03.01-17.23.23:914][738]MapCheck: Info Map check complete: 0 Error(s), 0 Warning(s), took 163.299ms to complete.
[2017.03.01-17.23.23:914][738]LogFileHelpers: Loading map 'Assignment_1_Level_Map' took 0.381
[2017.03.01-17.23.25:171][811]LogBlueprintUserMessages: Early PlayInEditor Detection: Level '/Game/Maps/Assignment_1_Level_Map.Assignment_1_Level_Map:PersistentLevel' has LevelScriptBlueprint '/Game/Maps/Assignment_1_Level_Map.Assignment_1_Level_Map:PersistentLevel.Assignment_1_Level_Map' with GeneratedClass '/Game/Maps/Assignment_1_Level_Map.Assignment_1_Level_Map_C' with ClassGeneratedBy '/Game/Maps/Assignment_1_Level_Map.Assignment_1_Level_Map:PersistentLevel.Assignment_1_Level_Map'
[2017.03.01-17.23.25:171][811]LogPlayLevel: PlayLevel: No blueprints needed recompiling
[2017.03.01-17.23.25:171][811]PIE: New page: PIE session: Assignment_1_Level_Map (1 Mar 2017 17:23:25)
[2017.03.01-17.23.25:171][811]LogPlayLevel: Creating play world package: /Game/Maps/UEDPIE_0_Assignment_1_Level_Map
[2017.03.01-17.23.25:181][811]LogPlayLevel: PIE: StaticDuplicateObject took: (0.009628s)
[2017.03.01-17.23.25:182][811]LogAIModule: Creating AISystem for world Assignment_1_Level_Map
[2017.03.01-17.23.25:185][811]LogPlayLevel: PIE: World Init took: (0.003280s)
[2017.03.01-17.23.25:185][811]LogPlayLevel: PIE: Created PIE world by copying editor world from /Game/Maps/Assignment_1_Level_Map.Assignment_1_Level_Map to /Game/Maps/UEDPIE_0_Assignment_1_Level_Map.Assignment_1_Level_Map (0.013214s)
[2017.03.01-17.23.25:200][811]LogInit: XAudio2 using 'Speakers (Conexant HD Audio)' : 2 channels at 44.1 kHz using 16 bits per sample (channel mask 0x3)
[2017.03.01-17.23.25:209][811]LogInit: FAudioDevice initialized.
[2017.03.01-17.23.25:236][811]LogWorld: Game class is '2DSideScrollerGameMode_C'
[2017.03.01-17.23.25:249][811]LogWorld: Bringing World /Game/Maps/UEDPIE_0_Assignment_1_Level_Map.Assignment_1_Level_Map up for play (max tick rate 0) at 2017.03.01-17.23.25
[2017.03.01-17.23.25:290][811]LogWorld: Bringing up level for play took: 0.053365
[2017.03.01-17.23.25:298][811]LogGameMode:Display: Match State Changed from EnteringMap to WaitingToStart
[2017.03.01-17.23.25:298][811]LogGameState: Match State Changed from EnteringMap to WaitingToStart
[2017.03.01-17.23.25:298][811]LogGameMode:Display: Match State Changed from WaitingToStart to InProgress
[2017.03.01-17.23.25:306][811]LogGameState: Match State Changed from WaitingToStart to InProgress
[2017.03.01-17.23.25:307][811]PIE: Info Play in editor start time for /Game/Maps/UEDPIE_0_Assignment_1_Level_Map -0.403
[2017.03.01-17.23.25:307][811]LogBlueprintUserMessages: Late PlayInEditor Detection: Level '/Game/Maps/Assignment_1_Level_Map.Assignment_1_Level_Map:PersistentLevel' has LevelScriptBlueprint '/Game/Maps/Assignment_1_Level_Map.Assignment_1_Level_Map:PersistentLevel.Assignment_1_Level_Map' with GeneratedClass '/Game/Maps/Assignment_1_Level_Map.Assignment_1_Level_Map_C' with ClassGeneratedBy '/Game/Maps/Assignment_1_Level_Map.Assignment_1_Level_Map:PersistentLevel.Assignment_1_Level_Map'
[2017.03.01-17.24.04:509][507]LogGameMode:Display: Match State Changed from InProgress to LeavingMap
[2017.03.01-17.24.04:509][507]LogGameState: Match State Changed from InProgress to LeavingMap
[2017.03.01-17.24.04:515][507]LogGameMode: ProcessServerTravel: ?Restart
[2017.03.01-17.24.04:515][507]LogEngine: Server switch level: ?Restart
[2017.03.01-17.24.04:515][507]LogNet: Browse: /Game/Maps/Assignment_1_Level_Map?Restart
[2017.03.01-17.24.04:520][507]LogLoad: LoadMap: /Game/Maps/Assignment_1_Level_Map
[2017.03.01-17.24.04:563][507]Cmd: MEM
[2017.03.01-17.24.04:580][507]LogMemory: Platform Memory Stats for Windows
[2017.03.01-17.24.04:580][507]LogMemory: Process Physical Memory: 1103.54 MB used, 1137.48 MB peak
[2017.03.01-17.24.04:580][507]LogMemory: Process Virtual Memory: 1522.15 MB used, 1575.07 MB peak
[2017.03.01-17.24.04:580][507]LogMemory: Physical Memory: 7557.37 MB used, 16261.71 MB total
[2017.03.01-17.24.04:580][507]LogMemory: Virtual Memory: 2176.59 MB used, 8388608.00 MB total
[2017.03.01-17.24.04:580][507]LogMemory: 
[2017.03.01-17.24.04:580][507]Allocator Stats for TBB: (not implemented)
[2017.03.01-17.24.04:595][507]LogPlayLevel: Creating play world package: /Game/Maps/UEDPIE_0_Assignment_1_Level_Map
[2017.03.01-17.24.04:602][507]LogPlayLevel: PIE: StaticDuplicateObject took: (0.006528s)
[2017.03.01-17.24.04:603][507]LogAIModule: Creating AISystem for world Assignment_1_Level_Map
[2017.03.01-17.24.04:603][507]LogPlayLevel: PIE: World Init took: (0.001230s)
[2017.03.01-17.24.04:603][507]LogPlayLevel: PIE: Created PIE world by copying editor world from /Game/Maps/Assignment_1_Level_Map.Assignment_1_Level_Map to /Game/Maps/UEDPIE_0_Assignment_1_Level_Map.Assignment_1_Level_Map (0.008046s)
[2017.03.01-17.24.04:603][507]LogWorld: Game class is '2DSideScrollerGameMode_C'
[2017.03.01-17.24.04:622][507]LogWorld: Bringing World /Game/Maps/UEDPIE_0_Assignment_1_Level_Map.Assignment_1_Level_Map up for play (max tick rate 0) at 2017.03.01-17.24.04
[2017.03.01-17.24.04:623][507]LogWorld: Bringing up level for play took: 0.016001
[2017.03.01-17.24.04:625][507]LogGameMode:Display: Match State Changed from EnteringMap to WaitingToStart
[2017.03.01-17.24.04:625][507]LogGameState: Match State Changed from EnteringMap to WaitingToStart
[2017.03.01-17.24.04:625][507]LogGameMode:Display: Match State Changed from WaitingToStart to InProgress
[2017.03.01-17.24.04:626][507]LogGameState: Match State Changed from WaitingToStart to InProgress
[2017.03.01-17.24.04:647][507]LogLoad: Took 0.127277 seconds to LoadMap(/Game/Maps/UEDPIE_0_Assignment_1_Level_Map)
[2017.03.01-17.24.38:738][829]LogBlueprintUserMessages: Early EndPlayMap Detection: Level '/Game/Maps/Assignment_1_Level_Map.Assignment_1_Level_Map:PersistentLevel' has LevelScriptBlueprint '/Game/Maps/Assignment_1_Level_Map.Assignment_1_Level_Map:PersistentLevel.Assignment_1_Level_Map' with GeneratedClass '/Game/Maps/Assignment_1_Level_Map.Assignment_1_Level_Map_C' with ClassGeneratedBy '/Game/Maps/Assignment_1_Level_Map.Assignment_1_Level_Map:PersistentLevel.Assignment_1_Level_Map'
[2017.03.01-17.24.38:773][829]LogBlueprintUserMessages: Late EndPlayMap Detection: Level '/Game/Maps/Assignment_1_Level_Map.Assignment_1_Level_Map:PersistentLevel' has LevelScriptBlueprint '/Game/Maps/Assignment_1_Level_Map.Assignment_1_Level_Map:PersistentLevel.Assignment_1_Level_Map' with GeneratedClass '/Game/Maps/Assignment_1_Level_Map.Assignment_1_Level_Map_C' with ClassGeneratedBy '/Game/Maps/Assignment_1_Level_Map.Assignment_1_Level_Map:PersistentLevel.Assignment_1_Level_Map'
[2017.03.01-17.34.31:634][298]LogFileHelpers: Editor autosave (incl. sublevels) for '/Game/Maps/Assignment_1_Level_Map' took 0.026
[2017.03.01-17.34.31:637][298]OBJ SavePackage: Generating thumbnails for [0] asset(s) in package [/Game/HUD/my_HUD] ([1] browsable assets)...
[2017.03.01-17.34.31:637][298]OBJ SavePackage: Finished generating thumbnails for package [/Game/HUD/my_HUD]
[2017.03.01-17.34.33:515][298]LogSavePackage: Save=1673.75ms
[2017.03.01-17.34.33:515][298]LogSavePackage: Moving 'E:/studies/UOS games uni/Level 5 Year 2/Semeseter 1/Steve Digital Scriting/assignment 1 part b/Assignment_1/Saved/my_HUD_Auto2E0B1B10E4B657D4F151DE3AB9858CC68.tmp' to 'E:/studies/UOS games uni/Level 5 Year 2/Semeseter 1/Steve Digital Scriting/assignment 1 part b/Assignment_1/Saved/Autosaves/Game/HUD/my_HUD_Auto2.uasset'
[2017.03.01-17.34.33:534][298]LogSavePackage:Display: Finished SavePackage E:/studies/UOS games uni/Level 5 Year 2/Semeseter 1/Steve Digital Scriting/assignment 1 part b/Assignment_1/Saved/Autosaves/Game/HUD/my_HUD_Auto2.uasset
[2017.03.01-17.34.33:534][298]LogFileHelpers: Auto-saving content packages took 1.899
[2017.03.01-17.44.34:309][621]LogFileHelpers: Editor autosave (incl. sublevels) for '/Game/Maps/Assignment_1_Level_Map' took 0.020
[2017.03.01-17.44.34:320][621]OBJ SavePackage: Generating thumbnails for [0] asset(s) in package [/Game/HUD/my_HUD] ([1] browsable assets)...
[2017.03.01-17.44.34:320][621]OBJ SavePackage: Finished generating thumbnails for package [/Game/HUD/my_HUD]
[2017.03.01-17.44.36:196][621]LogSavePackage: Save=1677.43ms
[2017.03.01-17.44.36:197][621]LogSavePackage: Moving 'E:/studies/UOS games uni/Level 5 Year 2/Semeseter 1/Steve Digital Scriting/assignment 1 part b/Assignment_1/Saved/my_HUD_Auto350274E194484E520758F68A84F2B5BF4.tmp' to 'E:/studies/UOS games uni/Level 5 Year 2/Semeseter 1/Steve Digital Scriting/assignment 1 part b/Assignment_1/Saved/Autosaves/Game/HUD/my_HUD_Auto3.uasset'
[2017.03.01-17.44.36:213][621]LogSavePackage:Display: Finished SavePackage E:/studies/UOS games uni/Level 5 Year 2/Semeseter 1/Steve Digital Scriting/assignment 1 part b/Assignment_1/Saved/Autosaves/Game/HUD/my_HUD_Auto3.uasset
[2017.03.01-17.44.36:213][621]LogFileHelpers: Auto-saving content packages took 1.896
[2017.03.01-18.35.41:699][183]LogBlueprintUserMessages: Early PlayInEditor Detection: Level '/Game/Maps/Assignment_1_Level_Map.Assignment_1_Level_Map:PersistentLevel' has LevelScriptBlueprint '/Game/Maps/Assignment_1_Level_Map.Assignment_1_Level_Map:PersistentLevel.Assignment_1_Level_Map' with GeneratedClass '/Game/Maps/Assignment_1_Level_Map.Assignment_1_Level_Map_C' with ClassGeneratedBy '/Game/Maps/Assignment_1_Level_Map.Assignment_1_Level_Map:PersistentLevel.Assignment_1_Level_Map'
[2017.03.01-18.35.41:699][183]LogPlayLevel: PlayLevel: No blueprints needed recompiling
[2017.03.01-18.35.41:699][183]PIE: New page: PIE session: Assignment_1_Level_Map (1 Mar 2017 18:35:41)
[2017.03.01-18.35.41:699][183]LogPlayLevel: Creating play world package: /Game/Maps/UEDPIE_0_Assignment_1_Level_Map
[2017.03.01-18.35.41:706][183]LogPlayLevel: PIE: StaticDuplicateObject took: (0.006782s)
[2017.03.01-18.35.41:707][183]LogAIModule: Creating AISystem for world Assignment_1_Level_Map
[2017.03.01-18.35.41:711][183]LogPlayLevel: PIE: World Init took: (0.004307s)
[2017.03.01-18.35.41:711][183]LogPlayLevel: PIE: Created PIE world by copying editor world from /Game/Maps/Assignment_1_Level_Map.Assignment_1_Level_Map to /Game/Maps/UEDPIE_0_Assignment_1_Level_Map.Assignment_1_Level_Map (0.011361s)
[2017.03.01-18.35.41:727][183]LogInit: XAudio2 using 'Speakers (Conexant HD Audio)' : 2 channels at 44.1 kHz using 16 bits per sample (channel mask 0x3)
[2017.03.01-18.35.41:737][183]LogInit: FAudioDevice initialized.
[2017.03.01-18.35.41:764][183]LogWorld: Game class is '2DSideScrollerGameMode_C'
[2017.03.01-18.35.41:778][183]LogWorld: Bringing World /Game/Maps/UEDPIE_0_Assignment_1_Level_Map.Assignment_1_Level_Map up for play (max tick rate 0) at 2017.03.01-18.35.41
[2017.03.01-18.35.41:779][183]LogWorld: Bringing up level for play took: 0.013875
[2017.03.01-18.35.41:781][183]LogGameMode:Display: Match State Changed from EnteringMap to WaitingToStart
[2017.03.01-18.35.41:781][183]LogGameState: Match State Changed from EnteringMap to WaitingToStart
[2017.03.01-18.35.41:781][183]LogGameMode:Display: Match State Changed from WaitingToStart to InProgress
[2017.03.01-18.35.41:783][183]LogGameState: Match State Changed from WaitingToStart to InProgress
[2017.03.01-18.35.41:783][183]PIE: Info Play in editor start time for /Game/Maps/UEDPIE_0_Assignment_1_Level_Map -0.008
[2017.03.01-18.35.41:783][183]LogBlueprintUserMessages: Late PlayInEditor Detection: Level '/Game/Maps/Assignment_1_Level_Map.Assignment_1_Level_Map:PersistentLevel' has LevelScriptBlueprint '/Game/Maps/Assignment_1_Level_Map.Assignment_1_Level_Map:PersistentLevel.Assignment_1_Level_Map' with GeneratedClass '/Game/Maps/Assignment_1_Level_Map.Assignment_1_Level_Map_C' with ClassGeneratedBy '/Game/Maps/Assignment_1_Level_Map.Assignment_1_Level_Map:PersistentLevel.Assignment_1_Level_Map'
[2017.03.01-18.36.18:708][685]LogBlueprintUserMessages: Early EndPlayMap Detection: Level '/Game/Maps/Assignment_1_Level_Map.Assignment_1_Level_Map:PersistentLevel' has LevelScriptBlueprint '/Game/Maps/Assignment_1_Level_Map.Assignment_1_Level_Map:PersistentLevel.Assignment_1_Level_Map' with GeneratedClass '/Game/Maps/Assignment_1_Level_Map.Assignment_1_Level_Map_C' with ClassGeneratedBy '/Game/Maps/Assignment_1_Level_Map.Assignment_1_Level_Map:PersistentLevel.Assignment_1_Level_Map'
[2017.03.01-18.36.18:748][685]LogBlueprintUserMessages: Late EndPlayMap Detection: Level '/Game/Maps/Assignment_1_Level_Map.Assignment_1_Level_Map:PersistentLevel' has LevelScriptBlueprint '/Game/Maps/Assignment_1_Level_Map.Assignment_1_Level_Map:PersistentLevel.Assignment_1_Level_Map' with GeneratedClass '/Game/Maps/Assignment_1_Level_Map.Assignment_1_Level_Map_C' with ClassGeneratedBy '/Game/Maps/Assignment_1_Level_Map.Assignment_1_Level_Map:PersistentLevel.Assignment_1_Level_Map'
[2017.03.01-18.39.14:552][586]LogFileHelpers: Editor autosave (incl. sublevels) for '/Game/Maps/Assignment_1_Level_Map' took 0.017
[2017.03.01-18.39.14:557][586]OBJ SavePackage: Generating thumbnails for [0] asset(s) in package [/Game/HUD/my_HUD] ([1] browsable assets)...
[2017.03.01-18.39.14:557][586]OBJ SavePackage: Finished generating thumbnails for package [/Game/HUD/my_HUD]
[2017.03.01-18.39.16:438][586]LogSavePackage: Save=1678.38ms
[2017.03.01-18.39.16:438][586]LogSavePackage: Moving 'E:/studies/UOS games uni/Level 5 Year 2/Semeseter 1/Steve Digital Scriting/assignment 1 part b/Assignment_1/Saved/my_HUD_Auto49F94F8FE4E90C3870F905E897CA17CAA.tmp' to 'E:/studies/UOS games uni/Level 5 Year 2/Semeseter 1/Steve Digital Scriting/assignment 1 part b/Assignment_1/Saved/Autosaves/Game/HUD/my_HUD_Auto4.uasset'
[2017.03.01-18.39.16:453][586]LogSavePackage:Display: Finished SavePackage E:/studies/UOS games uni/Level 5 Year 2/Semeseter 1/Steve Digital Scriting/assignment 1 part b/Assignment_1/Saved/Autosaves/Game/HUD/my_HUD_Auto4.uasset
[2017.03.01-18.39.16:453][586]LogFileHelpers: Auto-saving content packages took 1.900
[2017.03.01-18.57.09:414][ 10]LogSavePackage: Save=4855.25ms
[2017.03.01-18.57.09:414][ 10]LogSavePackage: Moving 'E:/studies/UOS games uni/Level 5 Year 2/Semeseter 1/Steve Digital Scriting/assignment 1 part b/Assignment_1/Saved/Assignment_1_Level_Map_Auto556493D0D4F9BDAA85A8CFEBFCD9EE52D.tmp' to 'E:/studies/UOS games uni/Level 5 Year 2/Semeseter 1/Steve Digital Scriting/assignment 1 part b/Assignment_1/Saved/Autosaves/Game/Maps/Assignment_1_Level_Map_Auto5.umap'
[2017.03.01-18.57.09:432][ 10]LogSavePackage:Display: Finished SavePackage E:/studies/UOS games uni/Level 5 Year 2/Semeseter 1/Steve Digital Scriting/assignment 1 part b/Assignment_1/Saved/Autosaves/Game/Maps/Assignment_1_Level_Map_Auto5.umap
[2017.03.01-18.57.09:558][ 10]LogFileHelpers: Editor autosave (incl. sublevels) for '/Game/Maps/Assignment_1_Level_Map' took 5.292
[2017.03.01-18.57.09:558][ 10]LogFileHelpers: Editor autosave (incl. sublevels) for all levels took 5.292
[2017.03.01-18.57.09:907][ 10]OBJ SavePackage: Generating thumbnails for [0] asset(s) in package [/Game/2DSideScrollerBP/Blueprints/2DSideScrollerCharacter] ([1] browsable assets)...
[2017.03.01-18.57.09:912][ 10]OBJ SavePackage: Finished generating thumbnails for package [/Game/2DSideScrollerBP/Blueprints/2DSideScrollerCharacter]
[2017.03.01-18.57.14:746][ 10]LogSavePackage: Save=3311.71ms
[2017.03.01-18.57.14:752][ 10]LogSavePackage: Moving 'E:/studies/UOS games uni/Level 5 Year 2/Semeseter 1/Steve Digital Scriting/assignment 1 part b/Assignment_1/Saved/2DSideScrollerCharacter_Auto56C75CA9F47FFAAA49FFA479F9A0C50C9.tmp' to 'E:/studies/UOS games uni/Level 5 Year 2/Semeseter 1/Steve Digital Scriting/assignment 1 part b/Assignment_1/Saved/Autosaves/Game/2DSideScrollerBP/Blueprints/2DSideScrollerCharacter_Auto5.uasset'
[2017.03.01-18.57.14:770][ 10]LogSavePackage:Display: Finished SavePackage E:/studies/UOS games uni/Level 5 Year 2/Semeseter 1/Steve Digital Scriting/assignment 1 part b/Assignment_1/Saved/Autosaves/Game/2DSideScrollerBP/Blueprints/2DSideScrollerCharacter_Auto5.uasset
[2017.03.01-18.57.14:770][ 10]LogFileHelpers: Auto-saving content packages took 5.207
[2017.03.01-19.20.43:513][376]LogRenderer: Reallocating scene render targets to support 1208x720 (Frame:47309).
[2017.03.01-19.20.48:453][632]LogEditorViewport: Clicking on Actor (LMB): PaperTileMapActor (Assignment_1)
[2017.03.01-19.55.00:470][502]LogActorComponent: UnregisterComponent: (/Engine/Transient.EditorFloorComp) Not registered. Aborting.
[2017.03.01-19.55.07:132][560]LogSavePackage: Save=3385.79ms
[2017.03.01-19.55.07:132][560]LogSavePackage: Moving 'E:/studies/UOS games uni/Level 5 Year 2/Semeseter 1/Steve Digital Scriting/assignment 1 part b/Assignment_1/Saved/2DSideScrollerCharacter7241254442A62F04F30F8DA3BE9FCB4C.tmp' to 'E:/studies/UOS games uni/Level 5 Year 2/Semeseter 1/Steve Digital Scriting/assignment 1 part b/Assignment_1/Content/2DSideScrollerBP/Blueprints/2DSideScrollerCharacter.uasset'
[2017.03.01-19.55.07:172][560]LogSavePackage:Display: Finished SavePackage E:/studies/UOS games uni/Level 5 Year 2/Semeseter 1/Steve Digital Scriting/assignment 1 part b/Assignment_1/Content/2DSideScrollerBP/Blueprints/2DSideScrollerCharacter.uasset
[2017.03.01-19.55.07:269][560]Cmd: OBJ SAVEPACKAGE PACKAGE="/Game/HUD/my_HUD" FILE="E:/studies/UOS games uni/Level 5 Year 2/Semeseter 1/Steve Digital Scriting/assignment 1 part b/Assignment_1/Content/HUD/my_HUD.uasset" SILENT=true
[2017.03.01-19.55.11:310][560]LogSavePackage: Save=1762.14ms
[2017.03.01-19.55.11:310][560]LogSavePackage: Moving 'E:/studies/UOS games uni/Level 5 Year 2/Semeseter 1/Steve Digital Scriting/assignment 1 part b/Assignment_1/Saved/my_HUD17D3A4E248FD57680C12FBB2684727F0.tmp' to 'E:/studies/UOS games uni/Level 5 Year 2/Semeseter 1/Steve Digital Scriting/assignment 1 part b/Assignment_1/Content/HUD/my_HUD.uasset'
[2017.03.01-19.55.11:353][560]LogSavePackage:Display: Finished SavePackage E:/studies/UOS games uni/Level 5 Year 2/Semeseter 1/Steve Digital Scriting/assignment 1 part b/Assignment_1/Content/HUD/my_HUD.uasset
[2017.03.01-19.55.16:135][560]LogSavePackage: Save=4429.22ms
[2017.03.01-19.55.16:135][560]LogSavePackage: Moving 'E:/studies/UOS games uni/Level 5 Year 2/Semeseter 1/Steve Digital Scriting/assignment 1 part b/Assignment_1/Saved/Assignment_1_Level_Map288A000743A7D29C2DCC98A451E57551.tmp' to 'E:/studies/UOS games uni/Level 5 Year 2/Semeseter 1/Steve Digital Scriting/assignment 1 part b/Assignment_1/Content/Maps/Assignment_1_Level_Map.umap'
[2017.03.01-19.55.16:175][560]LogSavePackage:Display: Finished SavePackage E:/studies/UOS games uni/Level 5 Year 2/Semeseter 1/Steve Digital Scriting/assignment 1 part b/Assignment_1/Content/Maps/Assignment_1_Level_Map.umap
[2017.03.01-19.55.16:981][560]LogFileHelpers: Saving map 'Assignment_1_Level_Map' took 5.623
[2017.03.01-19.55.18:192][561]Cmd: QUIT_EDITOR
[2017.03.01-19.55.18:288][561]LogExit: Preparing to exit.
[2017.03.01-19.55.18:740][561]LogExit: Editor shut down
[2017.03.01-19.55.18:740][561]LogExit: Transaction tracking system shut down
[2017.03.01-19.55.18:926][561]LogObj: Freed 0b from 0 cluster array pools.
[2017.03.01-19.55.18:926][561]LogExit: Object subsystem successfully closed.
[2017.03.01-19.55.18:945][561]LogD3D11RHI: Shutdown
[2017.03.01-19.55.18:945][561]LogD3D11RHI: CleanupD3DDevice
[2017.03.01-19.55.19:003][561]LogD3D11RHI: ~FD3D11DynamicRHI
[2017.03.01-19.55.19:042][561]LogModuleManager: Shutting down and abandoning module StatsViewer (237)
[2017.03.01-19.55.19:042][561]LogModuleManager: Shutting down and abandoning module MovieSceneCapture (236)
[2017.03.01-19.55.19:042][561]LogModuleManager: Shutting down and abandoning module SequencerWidgets (235)
[2017.03.01-19.55.19:042][561]LogModuleManager: Shutting down and abandoning module BlueprintGraph (234)
[2017.03.01-19.55.19:042][561]LogModuleManager: Shutting down and abandoning module BlueprintProfiler (233)
[2017.03.01-19.55.19:044][561]LogModuleManager: Shutting down and abandoning module HierarchicalLODOutliner (232)
[2017.03.01-19.55.19:044][561]LogModuleManager: Shutting down and abandoning module CrashTracker (231)
[2017.03.01-19.55.19:044][561]LogModuleManager: Shutting down and abandoning module SceneOutliner (230)
[2017.03.01-19.55.19:044][561]LogModuleManager: Shutting down and abandoning module WidgetCarousel (229)
[2017.03.01-19.55.19:044][561]LogModuleManager: Shutting down and abandoning module AddContentDialog (228)
[2017.03.01-19.55.19:044][561]LogDirectoryWatcher: A directory notification for 'C:/Program Files/Epic Games/4.13/FeaturePacks/' was aborted.
[2017.03.01-19.55.19:045][561]LogModuleManager: Shutting down and abandoning module GameplayTags (227)
[2017.03.01-19.55.19:045][561]LogModuleManager: Shutting down and abandoning module EditorWidgets (226)
[2017.03.01-19.55.19:045][561]LogModuleManager: Shutting down and abandoning module CollectionManager (225)
[2017.03.01-19.55.19:045][561]LogDirectoryWatcher: A directory notification for 'E:/studies/UOS games uni/Level 5 Year 2/Semeseter 1/Steve Digital Scriting/assignment 1 part b/Assignment_1/Content/Collections/' was aborted.
[2017.03.01-19.55.19:045][561]LogDirectoryWatcher: A directory notification for 'E:/studies/UOS games uni/Level 5 Year 2/Semeseter 1/Steve Digital Scriting/assignment 1 part b/Assignment_1/Content/Developers/Games/Collections/' was aborted.
[2017.03.01-19.55.19:045][561]LogDirectoryWatcher: A directory notification for 'E:/studies/UOS games uni/Level 5 Year 2/Semeseter 1/Steve Digital Scriting/assignment 1 part b/Assignment_1/Saved/Collections/' was aborted.
[2017.03.01-19.55.19:045][561]LogModuleManager: Shutting down and abandoning module FoliageEdit (224)
[2017.03.01-19.55.19:045][561]LogModuleManager: Shutting down and abandoning module LandscapeEditor (223)
[2017.03.01-19.55.19:045][561]LogModuleManager: Shutting down and abandoning module SceneDepthPickerMode (222)
[2017.03.01-19.55.19:045][561]LogModuleManager: Shutting down and abandoning module ActorPickerMode (221)
[2017.03.01-19.55.19:045][561]LogModuleManager: Shutting down and abandoning module GeometryMode (220)
[2017.03.01-19.55.19:045][561]LogModuleManager: Shutting down and abandoning module TextureAlignMode (219)
[2017.03.01-19.55.19:045][561]LogModuleManager: Shutting down and abandoning module BspMode (218)
[2017.03.01-19.55.19:045][561]LogModuleManager: Shutting down and abandoning module HardwareSurvey (217)
[2017.03.01-19.55.19:045][561]LogModuleManager: Shutting down and abandoning module SequenceRecorderSections (216)
[2017.03.01-19.55.19:045][561]LogModuleManager: Shutting down and abandoning module SequenceRecorder (215)
[2017.03.01-19.55.19:045][561]LogModuleManager: Shutting down and abandoning module AutomationWorker (214)
[2017.03.01-19.55.19:045][561]LogModuleManager: Shutting down and abandoning module MatineeToLevelSequence (213)
[2017.03.01-19.55.19:045][561]LogModuleManager: Shutting down and abandoning module PlacementMode (212)
[2017.03.01-19.55.19:045][561]LogModuleManager: Shutting down and abandoning module LevelSequenceEditor (211)
[2017.03.01-19.55.19:045][561]LogModuleManager: Shutting down and abandoning module WmfMediaFactory (210)
[2017.03.01-19.55.19:045][561]LogModuleManager: Shutting down and abandoning module WmfMediaEditor (209)
[2017.03.01-19.55.19:045][561]LogModuleManager: Shutting down and abandoning module AvfMediaFactory (208)
[2017.03.01-19.55.19:046][561]LogModuleManager: Shutting down and abandoning module AvfMediaEditor (207)
[2017.03.01-19.55.19:046][561]LogModuleManager: Shutting down and abandoning module Media (206)
[2017.03.01-19.55.19:046][561]LogModuleManager: Shutting down and abandoning module AndroidMediaFactory (205)
[2017.03.01-19.55.19:046][561]LogModuleManager: Shutting down and abandoning module AndroidMediaEditor (204)
[2017.03.01-19.55.19:046][561]LogModuleManager: Shutting down and abandoning module CharacterAI (203)
[2017.03.01-19.55.19:046][561]LogModuleManager: Shutting down and abandoning module SmartSnapping (202)
[2017.03.01-19.55.19:046][561]LogModuleManager: Shutting down and abandoning module SessionServices (201)
[2017.03.01-19.55.19:046][561]LogModuleManager: Shutting down and abandoning module ViewportSnapping (200)
[2017.03.01-19.55.19:046][561]LogModuleManager: Shutting down and abandoning module ViewportInteraction (199)
[2017.03.01-19.55.19:046][561]LogModuleManager: Shutting down and abandoning module LogVisualizer (198)
[2017.03.01-19.55.19:046][561]LogModuleManager: Shutting down and abandoning module GameProjectGeneration (197)
[2017.03.01-19.55.19:046][561]LogModuleManager: Shutting down and abandoning module IntroTutorials (196)
[2017.03.01-19.55.19:046][561]LogModuleManager: Shutting down and abandoning module EditorLiveStreaming (195)
[2017.03.01-19.55.19:046][561]LogModuleManager: Shutting down and abandoning module IOSPlatformEditor (194)
[2017.03.01-19.55.19:046][561]LogModuleManager: Shutting down and abandoning module HTML5PlatformEditor (193)
[2017.03.01-19.55.19:046][561]LogModuleManager: Shutting down and abandoning module AndroidDeviceDetection (192)
[2017.03.01-19.55.19:579][561]LogModuleManager: Shutting down and abandoning module AndroidPlatformEditor (191)
[2017.03.01-19.55.19:579][561]LogModuleManager: Shutting down and abandoning module IOSRuntimeSettings (190)
[2017.03.01-19.55.19:579][561]LogModuleManager: Shutting down and abandoning module AndroidRuntimeSettings (189)
[2017.03.01-19.55.19:579][561]LogModuleManager: Shutting down and abandoning module NiagaraEditor (188)
[2017.03.01-19.55.19:579][561]LogModuleManager: Shutting down and abandoning module MergeActors (187)
[2017.03.01-19.55.19:579][561]LogModuleManager: Shutting down and abandoning module SizeMap (186)
[2017.03.01-19.55.19:579][561]LogModuleManager: Shutting down and abandoning module TreeMap (185)
[2017.03.01-19.55.19:579][561]LogModuleManager: Shutting down and abandoning module ReferenceViewer (184)
[2017.03.01-19.55.19:579][561]LogModuleManager: Shutting down and abandoning module LocalizationService (183)
[2017.03.01-19.55.19:579][561]LogModuleManager: Shutting down and abandoning module LocalizationDashboard (182)
[2017.03.01-19.55.19:580][561]LogModuleManager: Shutting down and abandoning module HardwareTargeting (181)
[2017.03.01-19.55.19:580][561]LogModuleManager: Shutting down and abandoning module DeviceProfileEditor (180)
[2017.03.01-19.55.19:580][561]LogModuleManager: Shutting down and abandoning module UndoHistory (179)
[2017.03.01-19.55.19:580][561]LogModuleManager: Shutting down and abandoning module UserFeedback (178)
[2017.03.01-19.55.19:580][561]LogModuleManager: Shutting down and abandoning module XmlParser (177)
[2017.03.01-19.55.19:580][561]LogModuleManager: Shutting down and abandoning module Blutility (176)
[2017.03.01-19.55.19:580][561]LogModuleManager: Shutting down and abandoning module ProjectTargetPlatformEditor (175)
[2017.03.01-19.55.19:580][561]LogModuleManager: Shutting down and abandoning module ProjectSettingsViewer (174)
[2017.03.01-19.55.19:580][561]LogModuleManager: Shutting down and abandoning module InputBindingEditor (173)
[2017.03.01-19.55.19:580][561]LogModuleManager: Shutting down and abandoning module EditorSettingsViewer (172)
[2017.03.01-19.55.19:581][561]LogModuleManager: Shutting down and abandoning module SettingsEditor (171)
[2017.03.01-19.55.19:581][561]LogModuleManager: Shutting down and abandoning module ProjectLauncher (170)
[2017.03.01-19.55.19:581][561]LogModuleManager: Shutting down and abandoning module SessionFrontend (169)
[2017.03.01-19.55.19:581][561]LogModuleManager: Shutting down and abandoning module ProfilerClient (168)
[2017.03.01-19.55.19:581][561]LogModuleManager: Shutting down and abandoning module TargetDeviceServices (167)
[2017.03.01-19.55.19:581][561]LogModuleManager: Shutting down and abandoning module DeviceManager (166)
[2017.03.01-19.55.19:621][561]LogModuleManager: Shutting down and abandoning module AutomationController (165)
[2017.03.01-19.55.19:621][561]LogModuleManager: Shutting down and abandoning module AutomationWindow (164)
[2017.03.01-19.55.19:621][561]LogModuleManager: Shutting down and abandoning module Layers (163)
[2017.03.01-19.55.19:621][561]LogModuleManager: Shutting down and abandoning module ComponentVisualizers (162)
[2017.03.01-19.55.19:621][561]LogModuleManager: Shutting down and abandoning module DetailCustomizations (161)
[2017.03.01-19.55.19:621][561]LogModuleManager: Shutting down and abandoning module PackagesDialog (160)
[2017.03.01-19.55.19:622][561]LogModuleManager: Shutting down and abandoning module AnimGraph (159)
[2017.03.01-19.55.19:622][561]LogModuleManager: Shutting down and abandoning module Persona (158)
[2017.03.01-19.55.19:622][561]LogModuleManager: Shutting down and abandoning module Kismet (157)
[2017.03.01-19.55.19:635][561]LogModuleManager: Shutting down and abandoning module GraphEditor (156)
[2017.03.01-19.55.19:635][561]LogModuleManager: Shutting down and abandoning module ClassViewer (155)
[2017.03.01-19.55.19:635][561]LogModuleManager: Shutting down and abandoning module Toolbox (154)
[2017.03.01-19.55.19:635][561]LogModuleManager: Shutting down and abandoning module ModuleUI (153)
[2017.03.01-19.55.19:635][561]LogModuleManager: Shutting down and abandoning module MovieSceneTools (152)
[2017.03.01-19.55.19:635][561]LogModuleManager: Shutting down and abandoning module OutputLog (151)
[2017.03.01-19.55.19:635][561]LogModuleManager: Shutting down and abandoning module GammaUI (150)
[2017.03.01-19.55.19:635][561]LogModuleManager: Shutting down and abandoning module Documentation (149)
[2017.03.01-19.55.19:635][561]LogModuleManager: Shutting down and abandoning module Niagara (148)
[2017.03.01-19.55.19:635][561]LogModuleManager: Shutting down and abandoning module StreamingPauseRendering (147)
[2017.03.01-19.55.19:635][561]LogModuleManager: Shutting down and abandoning module AnalyticsET (146)
[2017.03.01-19.55.19:636][561]LogModuleManager: Shutting down and abandoning module PortalServices (145)
[2017.03.01-19.55.19:636][561]LogModuleManager: Shutting down and abandoning module PortalRpc (144)
[2017.03.01-19.55.19:636][561]LogModuleManager: Shutting down and abandoning module MessagingRpc (143)
[2017.03.01-19.55.19:636][561]LogModuleManager: Shutting down and abandoning module GameplayDebugger (142)
[2017.03.01-19.55.19:636][561]LogModuleManager: Shutting down and abandoning module AITestSuite (141)
[2017.03.01-19.55.19:636][561]LogModuleManager: Shutting down and abandoning module AIModule (140)
[2017.03.01-19.55.19:636][561]LogModuleManager: Shutting down and abandoning module ProfilerService (139)
[2017.03.01-19.55.19:712][561]LogModuleManager: Shutting down and abandoning module TaskGraph (138)
[2017.03.01-19.55.19:712][561]LogModuleManager: Shutting down and abandoning module SlateRemote (137)
[2017.03.01-19.55.19:712][561]LogModuleManager: Shutting down and abandoning module SteamVRController (136)
[2017.03.01-19.55.19:712][561]LogModuleManager: Shutting down and abandoning module SteamVR (135)
[2017.03.01-19.55.19:712][561]LogModuleManager: Shutting down and abandoning module ProceduralMeshComponentEditor (134)
[2017.03.01-19.55.19:712][561]LogModuleManager: Shutting down and abandoning module ProceduralMeshComponent (133)
[2017.03.01-19.55.19:712][561]LogModuleManager: Shutting down and abandoning module OculusLibrary (132)
[2017.03.01-19.55.19:712][561]LogModuleManager: Shutting down and abandoning module OculusInput (131)
[2017.03.01-19.55.19:712][561]LogModuleManager: Shutting down and abandoning module CustomMeshComponent (130)
[2017.03.01-19.55.19:712][561]LogModuleManager: Shutting down and abandoning module CableComponent (129)
[2017.03.01-19.55.19:712][561]LogModuleManager: Shutting down and abandoning module ArchVisCharacter (128)
[2017.03.01-19.55.19:712][561]LogModuleManager: Shutting down and abandoning module MediaPlayerEditor (126)
[2017.03.01-19.55.19:712][561]LogModuleManager: Shutting down and abandoning module HTML5Networking (125)
[2017.03.01-19.55.19:712][561]LogModuleManager: Shutting down and abandoning module GeometryCacheEd (124)
[2017.03.01-19.55.19:712][561]LogModuleManager: Shutting down and abandoning module GeometryCache (123)
[2017.03.01-19.55.19:712][561]LogModuleManager: Shutting down and abandoning module AlembicLibrary (122)
[2017.03.01-19.55.19:712][561]LogModuleManager: Shutting down and abandoning module AlembicImporter (121)
[2017.03.01-19.55.19:712][561]LogModuleManager: Shutting down and abandoning module SuperSearch (120)
[2017.03.01-19.55.19:712][561]LogModuleManager: Shutting down and abandoning module SuperSearchEditor (119)
[2017.03.01-19.55.19:712][561]LogModuleManager: Shutting down and abandoning module SpeedTreeImporter (118)
[2017.03.01-19.55.19:712][561]LogModuleManager: Shutting down and abandoning module PluginBrowser (117)
[2017.03.01-19.55.19:712][561]LogModuleManager: Shutting down and abandoning module MobileLauncherProfileWizard (116)
[2017.03.01-19.55.19:712][561]LogModuleManager: Shutting down and abandoning module EpicSurvey (115)
[2017.03.01-19.55.19:713][561]LogModuleManager: Shutting down and abandoning module DesktopPlatform (114)
[2017.03.01-19.55.19:713][561]LogModuleManager: Shutting down and abandoning module VisualStudioSourceCodeAccess (113)
[2017.03.01-19.55.19:713][561]LogModuleManager: Shutting down and abandoning module UObjectPlugin (112)
[2017.03.01-19.55.19:713][561]LogModuleManager: Shutting down and abandoning module SubversionSourceControl (111)
[2017.03.01-19.55.19:713][561]LogModuleManager: Shutting down and abandoning module PerforceSourceControl (110)
[2017.03.01-19.55.19:713][561]LogModuleManager: Shutting down and abandoning module SourceControl (109)
[2017.03.01-19.55.19:713][561]LogModuleManager: Shutting down and abandoning module GitSourceControl (108)
[2017.03.01-19.55.19:713][561]LogModuleManager: Shutting down and abandoning module LightPropagationVolumeEditor (107)
[2017.03.01-19.55.19:713][561]LogModuleManager: Shutting down and abandoning module PaperTiledImporter (106)
[2017.03.01-19.55.19:713][561]LogModuleManager: Shutting down and abandoning module PaperSpriteSheetImporter (105)
[2017.03.01-19.55.19:713][561]LogModuleManager: Shutting down and abandoning module MeshPaint (104)
[2017.03.01-19.55.19:713][561]LogModuleManager: Shutting down and abandoning module FbxAutomationBuilderModule (103)
[2017.03.01-19.55.19:713][561]LogModuleManager: Shutting down and abandoning module PixelInspectorModule (102)
[2017.03.01-19.55.19:713][561]LogModuleManager: Shutting down and abandoning module HotReload (101)
[2017.03.01-19.55.19:714][561]LogModuleManager: Shutting down and abandoning module MainFrame (100)
[2017.03.01-19.55.19:714][561]LogModuleManager: Shutting down and abandoning module LevelEditor (99)
[2017.03.01-19.55.19:716][561]LogModuleManager: Shutting down and abandoning module ContentBrowser (98)
[2017.03.01-19.55.19:717][561]LogModuleManager: Shutting down and abandoning module Paper2DEditor (97)
[2017.03.01-19.55.19:717][561]LogModuleManager: Shutting down and abandoning module UdpMessaging (96)
[2017.03.01-19.55.19:818][561]LogModuleManager: Shutting down and abandoning module TcpMessaging (95)
[2017.03.01-19.55.19:918][561]LogModuleManager: Shutting down and abandoning module LightPropagationVolumeRuntime (94)
[2017.03.01-19.55.19:918][561]LogModuleManager: Shutting down and abandoning module Paper2D (93)
[2017.03.01-19.55.19:918][561]LogModuleManager: Shutting down and abandoning module WindowsMoviePlayer (92)
[2017.03.01-19.55.19:918][561]LogModuleManager: Shutting down and abandoning module WmfMedia (91)
[2017.03.01-19.55.19:919][561]LogModuleManager: Shutting down and abandoning module MediaAssets (90)
[2017.03.01-19.55.19:919][561]LogModuleManager: Shutting down and abandoning module GameLiveStreaming (89)
[2017.03.01-19.55.19:919][561]LogModuleManager: Shutting down and abandoning module GameplayTagsEditor (88)
[2017.03.01-19.55.19:919][561]LogModuleManager: Shutting down and abandoning module VREditor (87)
[2017.03.01-19.55.19:919][561]LogModuleManager: Shutting down and abandoning module GameplayTasksEditor (86)
[2017.03.01-19.55.19:919][561]LogModuleManager: Shutting down and abandoning module PropertyEditor (85)
[2017.03.01-19.55.19:938][561]LogModuleManager: Shutting down and abandoning module BehaviorTreeEditor (84)
[2017.03.01-19.55.19:938][561]LogModuleManager: Shutting down and abandoning module FunctionalTesting (83)
[2017.03.01-19.55.19:938][561]LogModuleManager: Shutting down and abandoning module CollisionAnalyzer (82)
[2017.03.01-19.55.19:938][561]LogModuleManager: Shutting down and abandoning module Sequencer (81)
[2017.03.01-19.55.19:938][561]LogModuleManager: Shutting down and abandoning module WorkspaceMenuStructure (80)
[2017.03.01-19.55.19:938][561]LogModuleManager: Shutting down and abandoning module MessageLog (79)
[2017.03.01-19.55.19:938][561]LogModuleManager: Shutting down and abandoning module AssetTools (78)
[2017.03.01-19.55.19:938][561]LogModuleManager: Shutting down and abandoning module UMGEditor (77)
[2017.03.01-19.55.19:938][561]LogModuleManager: Shutting down and abandoning module UMG (76)
[2017.03.01-19.55.19:938][561]LogModuleManager: Shutting down and abandoning module SlateReflector (75)
[2017.03.01-19.55.19:938][561]LogModuleManager: Shutting down and abandoning module Slate (74)
[2017.03.01-19.55.19:939][561]LogModuleManager: Shutting down and abandoning module EditorStyle (73)
[2017.03.01-19.55.19:944][561]LogModuleManager: Shutting down and abandoning module SourceCodeAccess (72)
[2017.03.01-19.55.19:944][561]LogModuleManager: Shutting down and abandoning module HeadMountedDisplay (71)
[2017.03.01-19.55.19:944][561]LogModuleManager: Shutting down and abandoning module XAudio2 (70)
[2017.03.01-19.55.19:944][561]LogModuleManager: Shutting down and abandoning module Networking (68)
[2017.03.01-19.55.19:944][561]LogModuleManager: Shutting down and abandoning module Core (67)
[2017.03.01-19.55.19:944][561]LogModuleManager: Shutting down and abandoning module DirectoryWatcher (66)
[2017.03.01-19.55.19:944][561]LogDirectoryWatcher: A directory notification for '../../../Engine/Content/' was aborted.
[2017.03.01-19.55.19:944][561]LogDirectoryWatcher: A directory notification for 'E:/studies/UOS games uni/Level 5 Year 2/Semeseter 1/Steve Digital Scriting/assignment 1 part b/Assignment_1/Content/' was aborted.
[2017.03.01-19.55.19:944][561]LogDirectoryWatcher: A directory notification for '../../../Engine/Plugins/2D/Paper2D/Content/' was aborted.
[2017.03.01-19.55.19:945][561]LogModuleManager: Shutting down and abandoning module AssetRegistry (65)
[2017.03.01-19.55.22:704][561]LogModuleManager: Shutting down and abandoning module KismetCompiler (64)
[2017.03.01-19.55.22:704][561]LogModuleManager: Shutting down and abandoning module PhysXFormats (63)
[2017.03.01-19.55.22:704][561]LogModuleManager: Shutting down and abandoning module MeshUtilities (62)
[2017.03.01-19.55.22:704][561]LogModuleManager: Shutting down and abandoning module DerivedDataCache (61)
[2017.03.01-19.55.22:777][561]LogDerivedDataCache: Shutdown
[2017.03.01-19.55.22:777][561]LogModuleManager: Shutting down and abandoning module VulkanShaderFormat (60)
[2017.03.01-19.55.22:777][561]LogModuleManager: Shutting down and abandoning module ShaderFormatOpenGL (59)
[2017.03.01-19.55.22:777][561]LogModuleManager: Shutting down and abandoning module ShaderFormatD3D (58)
[2017.03.01-19.55.22:777][561]LogModuleManager: Shutting down and abandoning module MetalShaderFormat (57)
[2017.03.01-19.55.22:777][561]LogModuleManager: Shutting down and abandoning module TextureFormatUncompressed (56)
[2017.03.01-19.55.22:777][561]LogModuleManager: Shutting down and abandoning module TextureFormatPVR (55)
[2017.03.01-19.55.22:777][561]LogModuleManager: Shutting down and abandoning module TextureFormatDXT (54)
[2017.03.01-19.55.22:777][561]LogModuleManager: Shutting down and abandoning module TextureFormatIntelISPCTexComp (53)
[2017.03.01-19.55.22:777][561]LogModuleManager: Shutting down and abandoning module ImageWrapper (52)
[2017.03.01-19.55.22:777][561]LogModuleManager: Shutting down and abandoning module TextureFormatASTC (51)
[2017.03.01-19.55.22:777][561]LogModuleManager: Shutting down and abandoning module TextureFormatAndroid (50)
[2017.03.01-19.55.22:777][561]LogModuleManager: Shutting down and abandoning module AudioFormatOpus (49)
[2017.03.01-19.55.22:777][561]LogModuleManager: Shutting down and abandoning module AudioFormatOgg (48)
[2017.03.01-19.55.22:777][561]LogModuleManager: Shutting down and abandoning module AudioFormatADPCM (47)
[2017.03.01-19.55.22:777][561]LogModuleManager: Shutting down and abandoning module LinuxTargetPlatform (46)
[2017.03.01-19.55.22:777][561]LogModuleManager: Shutting down and abandoning module LinuxServerTargetPlatform (45)
[2017.03.01-19.55.22:777][561]LogModuleManager: Shutting down and abandoning module LinuxNoEditorTargetPlatform (44)
[2017.03.01-19.55.22:778][561]LogModuleManager: Shutting down and abandoning module LinuxClientTargetPlatform (43)
[2017.03.01-19.55.22:778][561]LogModuleManager: Shutting down and abandoning module TVOSTargetPlatform (42)
[2017.03.01-19.55.22:778][561]LogModuleManager: Shutting down and abandoning module Messaging (41)
[2017.03.01-19.55.22:778][561]LogModuleManager: Shutting down and abandoning module IOSTargetPlatform (40)
[2017.03.01-19.55.22:778][561]LogModuleManager: Shutting down and abandoning module HTML5TargetPlatform (39)
[2017.03.01-19.55.22:778][561]LogModuleManager: Shutting down and abandoning module Android_PVRTCTargetPlatform (38)
[2017.03.01-19.55.22:778][561]LogModuleManager: Shutting down and abandoning module Android_MultiTargetPlatform (37)
[2017.03.01-19.55.22:778][561]LogModuleManager: Shutting down and abandoning module Android_ETC2TargetPlatform (36)
[2017.03.01-19.55.22:778][561]LogModuleManager: Shutting down and abandoning module Android_ETC1TargetPlatform (35)
[2017.03.01-19.55.22:778][561]LogModuleManager: Shutting down and abandoning module Android_DXTTargetPlatform (34)
[2017.03.01-19.55.22:778][561]LogModuleManager: Shutting down and abandoning module Android_ATCTargetPlatform (33)
[2017.03.01-19.55.22:778][561]LogModuleManager: Shutting down and abandoning module Android_ASTCTargetPlatform (32)
[2017.03.01-19.55.22:778][561]LogModuleManager: Shutting down and abandoning module AndroidTargetPlatform (31)
[2017.03.01-19.55.22:778][561]LogModuleManager: Shutting down and abandoning module WindowsTargetPlatform (30)
[2017.03.01-19.55.22:778][561]LogModuleManager: Shutting down and abandoning module WindowsServerTargetPlatform (29)
[2017.03.01-19.55.22:778][561]LogModuleManager: Shutting down and abandoning module WindowsNoEditorTargetPlatform (28)
[2017.03.01-19.55.22:778][561]LogModuleManager: Shutting down and abandoning module WindowsClientTargetPlatform (27)
[2017.03.01-19.55.22:778][561]LogModuleManager: Shutting down and abandoning module AllDesktopTargetPlatform (26)
[2017.03.01-19.55.22:778][561]LogModuleManager: Shutting down and abandoning module TargetPlatform (25)
[2017.03.01-19.55.22:778][561]LogModuleManager: Shutting down and abandoning module InputCore (24)
[2017.03.01-19.55.22:778][561]LogModuleManager: Shutting down and abandoning module Settings (23)
[2017.03.01-19.55.22:778][561]LogModuleManager: Shutting down and abandoning module OculusRift (22)
[2017.03.01-19.55.22:778][561]LogModuleManager: Shutting down and abandoning module GearVR (21)
[2017.03.01-19.55.22:778][561]LogModuleManager: Shutting down and abandoning module ExampleDeviceProfileSelector (20)
[2017.03.01-19.55.22:778][561]LogModuleManager: Shutting down and abandoning module OnlineBlueprintSupport (19)
[2017.03.01-19.55.22:778][561]LogModuleManager: Shutting down and abandoning module OnlineSubsystem (17)
[2017.03.01-19.55.22:778][561]LogOnline:Display: Unloading online subsystem: NULL
[2017.03.01-19.55.22:778][561]LogModuleManager: Shutting down and abandoning module HTTP (16)
[2017.03.01-19.55.22:778][561]LogHttp:Display: Http module shutting down, but needs to wait on 1 outstanding Http requests:
[2017.03.01-19.55.22:778][561]LogHttp:Display: 	verb=[POST] url=[https://datarouter.ol.epicgames.com/datarouter/api/v1/public/data?SessionID=%7B2E4BBF34-4994-88D1-EF38-BB9626AADD6C%7D&AppID=UEEditor.Rocket.Release&AppVersion=4.13.2-3172292%2B%2B%2BUE4%2BRelease-4.13&UserID=d399e91b4d7b68d42d6230b28bb89b9c%7C08957ea931864701ba2171b9adc4675f%7Cf73a415c-22cb-4ade-ba14-cafe2748828c&AppEnvironment=datacollector-binary&UploadType=eteventstream] status=Processing
[2017.03.01-19.55.22:813][561]LogModuleManager: Shutting down and abandoning module XMPP (15)
[2017.03.01-19.55.22:813][561]LogModuleManager: Shutting down and abandoning module TextureCompressor (14)
[2017.03.01-19.55.22:813][561]LogModuleManager: Shutting down and abandoning module ShaderCore (13)
[2017.03.01-19.55.22:813][561]LogModuleManager: Shutting down and abandoning module Landscape (12)
[2017.03.01-19.55.22:813][561]LogModuleManager: Shutting down and abandoning module SlateRHIRenderer (11)
[2017.03.01-19.55.22:820][561]LogModuleManager: Shutting down and abandoning module OpenGLDrv (10)
[2017.03.01-19.55.22:821][561]LogModuleManager: Shutting down and abandoning module D3D11RHI (9)
[2017.03.01-19.55.22:821][561]LogModuleManager: Shutting down and abandoning module AnimGraphRuntime (8)
[2017.03.01-19.55.22:821][561]LogModuleManager: Shutting down and abandoning module Renderer (7)
[2017.03.01-19.55.22:821][561]LogModuleManager: Shutting down and abandoning module Engine (6)
[2017.03.01-19.55.22:821][561]LogModuleManager: Shutting down and abandoning module CoreUObject (5)
[2017.03.01-19.55.22:821][561]LogModuleManager: Shutting down and abandoning module NetworkFile (4)
[2017.03.01-19.55.22:821][561]LogModuleManager: Shutting down and abandoning module StreamingFile (3)
[2017.03.01-19.55.22:821][561]LogModuleManager: Shutting down and abandoning module SandboxFile (2)
[2017.03.01-19.55.22:821][561]LogModuleManager: Shutting down and abandoning module PakFile (1)
[2017.03.01-19.55.22:825][561]LogExit: Exiting.
[2017.03.01-19.55.22:895][561]Log file closed, 03/01/17 19:55:22
